init method inside exporter
***************init method =============================
createExporter method 
Convert method 
NewIntegration method inside integration
ts=2025-05-29T11:44:30.251788717Z level=info "boringcrypto enabled"=false
ts=2025-05-29T11:44:30.243820092Z level=info source=/go/pkg/mod/github.com/!kim!machine!gun/automemlimit@v0.7.0/memlimit/memlimit.go:175 msg="memory is not limited, skipping" package=github.com/KimMachineGun/automemlimit/memlimit
ts=2025-05-29T11:44:30.251903634Z level=info msg="no peer discovery configured: both join and discover peers are empty" service=cluster
ts=2025-05-29T11:44:30.251926801Z level=info msg="running usage stats reporter"
ts=2025-05-29T11:44:30.251942051Z level=info msg="starting complete graph evaluation" controller_path=/ controller_id="" trace_id=1aba94318291095f4cc9d761d0e487cb
ts=2025-05-29T11:44:30.251959134Z level=info msg="finished node evaluation" controller_path=/ controller_id="" trace_id=1aba94318291095f4cc9d761d0e487cb node_id=livedebugging duration=14.708µs
ts=2025-05-29T11:44:30.251973467Z level=info msg="finished node evaluation" controller_path=/ controller_id="" trace_id=1aba94318291095f4cc9d761d0e487cb node_id=labelstore duration=1.667µs
ts=2025-05-29T11:44:30.252001467Z level=info msg="replaying WAL, this may take a while" component_path=/ component_id=prometheus.remote_write.default subcomponent=wal dir=/tmp/alloy/prometheus.remote_write.default/wal
ts=2025-05-29T11:44:30.252017884Z level=info msg="WAL segment loaded" component_path=/ component_id=prometheus.remote_write.default subcomponent=wal segment=0 maxSegment=0
ts=2025-05-29T11:44:30.252031217Z level=info msg="Starting WAL watcher" component_path=/ component_id=prometheus.remote_write.default subcomponent=rw remote_name=ff099d url=http://mimir-distributor.mimir.svc.cluster.local:8080/api/v1/push queue=ff099d
ts=2025-05-29T11:44:30.252045467Z level=info msg="Starting scraped metadata watcher" component_path=/ component_id=prometheus.remote_write.default subcomponent=rw remote_name=ff099d url=http://mimir-distributor.mimir.svc.cluster.local:8080/api/v1/push
ts=2025-05-29T11:44:30.252081301Z level=info msg="finished node evaluation" controller_path=/ controller_id="" trace_id=1aba94318291095f4cc9d761d0e487cb node_id=prometheus.remote_write.default duration=4.375166ms
ts=2025-05-29T11:44:30.252097551Z level=info msg="Replaying WAL" component_path=/ component_id=prometheus.remote_write.default subcomponent=rw remote_name=ff099d url=http://mimir-distributor.mimir.svc.cluster.local:8080/api/v1/push queue=ff099d
ts=2025-05-29T11:44:30.252110551Z level=debug msg="Tailing WAL" component_path=/ component_id=prometheus.remote_write.default subcomponent=rw remote_name=ff099d url=http://mimir-distributor.mimir.svc.cluster.local:8080/api/v1/push lastCheckpoint="" checkpointIndex=0 currentSegment=0 lastSegment=0
ts=2025-05-29T11:44:30.252114801Z level=debug msg="Processing segment" component_path=/ component_id=prometheus.remote_write.default subcomponent=rw remote_name=ff099d url=http://mimir-distributor.mimir.svc.cluster.local:8080/api/v1/push currentSegment=0
ts=2025-05-29T11:44:30.252126842Z level=info msg="finished node evaluation" controller_path=/ controller_id="" trace_id=1aba94318291095f4cc9d761d0e487cb node_id=prometheus.exporter.kubestate.kubestate duration=891.625µs
ts=2025-05-29T11:44:30.252130967Z level=debug msg="scrape config was updated" component_path=/ component_id=prometheus.scrape.kubestate
ts=2025-05-29T11:44:30.252132884Z level=info msg="finished node evaluation" controller_path=/ controller_id="" trace_id=1aba94318291095f4cc9d761d0e487cb node_id=prometheus.scrape.kubestate duration=734.958µs
ts=2025-05-29T11:44:30.252135301Z level=info msg="finished node evaluation" controller_path=/ controller_id="" trace_id=1aba94318291095f4cc9d761d0e487cb node_id=prometheus.exporter.self.default duration=27.292µs
ts=2025-05-29T11:44:30.252137509Z level=debug msg="scrape config was updated" component_path=/ component_id=prometheus.scrape.alloymetrics
ts=2025-05-29T11:44:30.252139176Z level=info msg="finished node evaluation" controller_path=/ controller_id="" trace_id=1aba94318291095f4cc9d761d0e487cb node_id=prometheus.scrape.alloymetrics duration=203.458µs
ts=2025-05-29T11:44:30.252142676Z level=info msg="finished node evaluation" controller_path=/ controller_id="" trace_id=1aba94318291095f4cc9d761d0e487cb node_id=logging duration=396.458µs
ts=2025-05-29T11:44:30.252218676Z level=info msg="finished node evaluation" controller_path=/ controller_id="" trace_id=1aba94318291095f4cc9d761d0e487cb node_id=tracing duration=4.75µs
ts=2025-05-29T11:44:30.252275717Z level=info msg="finished node evaluation" controller_path=/ controller_id="" trace_id=1aba94318291095f4cc9d761d0e487cb node_id=remotecfg duration=38.208µs
ts=2025-05-29T11:44:30.252418301Z level=info msg="applying non-TLS config to HTTP server" service=http
ts=2025-05-29T11:44:30.252451717Z level=info msg="finished node evaluation" controller_path=/ controller_id="" trace_id=1aba94318291095f4cc9d761d0e487cb node_id=http duration=152.75µs
ts=2025-05-29T11:44:30.252547842Z level=info msg="finished node evaluation" controller_path=/ controller_id="" trace_id=1aba94318291095f4cc9d761d0e487cb node_id=cluster duration=3.333µs
ts=2025-05-29T11:44:30.252571801Z level=info msg="finished node evaluation" controller_path=/ controller_id="" trace_id=1aba94318291095f4cc9d761d0e487cb node_id=ui duration=1.459µs
ts=2025-05-29T11:44:30.252605759Z level=info msg="finished node evaluation" controller_path=/ controller_id="" trace_id=1aba94318291095f4cc9d761d0e487cb node_id=otel duration=8.333µs
ts=2025-05-29T11:44:30.252613426Z level=info msg="finished complete graph evaluation" controller_path=/ controller_id="" trace_id=1aba94318291095f4cc9d761d0e487cb duration=7.388333ms
ts=2025-05-29T11:44:30.252812051Z level=info msg="scheduling loaded components and services"
ts=2025-05-29T11:44:30.253163967Z level=debug msg="changing node state" service=cluster from=viewer to=participant
ts=2025-05-29T11:44:30.253283467Z level=debug msg="alloy-gbmmp @1: participant" service=cluster
ts=2025-05-29T11:44:30.253536217Z level=debug msg="finished node evaluation" controller_path=/ controller_id="" node_id=prometheus.scrape.kubestate duration=298.709µs
ts=2025-05-29T11:44:30.255455467Z level=debug msg="finished node evaluation" controller_path=/ controller_id="" node_id=prometheus.scrape.kubestate duration=20.792µs
ts=2025-05-29T11:44:30.254327051Z level=debug msg="passed new targets to scrape manager" component_path=/ component_id=prometheus.scrape.kubestate
ts=2025-05-29T11:44:30.254396051Z level=debug msg="finished node evaluation" controller_path=/ controller_id="" node_id=prometheus.scrape.alloymetrics duration=56.291µs
ts=2025-05-29T11:44:30.255580217Z level=debug msg="finished node evaluation" controller_path=/ controller_id="" node_id=prometheus.scrape.alloymetrics duration=18.458µs
W0529 11:44:30.254736       1 client_config.go:667] Neither --kubeconfig nor --master was specified.  Using the inClusterConfig.  This might not work.
I0529 11:44:30.255753       1 server.go:194] "Used default resources"
I0529 11:44:30.255876       1 types.go:195] "Using all namespaces"
I0529 11:44:30.255942       1 server.go:233] "Metric allow-denylisting" allowDenyStatus="Excluding the following lists that were on denylist: "
W0529 11:44:30.255968       1 client_config.go:667] Neither --kubeconfig nor --master was specified.  Using the inClusterConfig.  This might not work.
I0529 11:44:30.256767       1 utils.go:70] "Tested communication with server"
ts=2025-05-29T11:44:30.254779134Z level=debug msg="passed new targets to scrape manager" component_path=/ component_id=prometheus.scrape.alloymetrics
ts=2025-05-29T11:44:30.255194467Z level=info msg="now listening for http traffic" service=http addr=0.0.0.0:12345
ts=2025-05-29T11:44:30.255310217Z level=info msg="starting cluster node" service=cluster peers_count=0 peers="" advertise_addr=127.0.0.1:12345 minimum_cluster_size=0 minimum_size_wait_timeout=0s
ts=2025-05-29T11:44:30.257494676Z level=info msg="peers changed" service=cluster peers_count=1 min_cluster_size=0 peers=alloy-gbmmp
I0529 11:44:30.351525       1 utils.go:75] "Run with Kubernetes cluster version" major="1" minor="31" gitVersion="v1.31.5+k3s1" gitTreeState="clean" gitCommit="56ec5dd4d012c1d77dc7f50f21f65183044c92e7" platform="linux/arm64"
I0529 11:44:30.351913       1 utils.go:76] "Communication with server successful"
I0529 11:44:30.360807       1 server.go:361] "Started metrics server" metricsServerAddress=":8080"
I0529 11:44:30.360915       1 metrics_handler.go:110] "Autosharding disabled"
I0529 11:44:30.363822       1 metrics_handler.go:92] "Configuring sharding of this instance to be shard index (zero-indexed) out of total shards" shard=0 totalShards=0
I0529 11:44:30.360930       1 server.go:350] "Started kube-state-metrics self metrics server" telemetryAddress=":0"
I0529 11:44:30.365131       1 tls_config.go:347] "Listening on" address="[::]:43125"
I0529 11:44:30.365152       1 tls_config.go:350] "TLS is disabled." http2=false address="[::]:43125"
I0529 11:44:30.363889       1 tls_config.go:347] "Listening on" address="[::]:8080"
I0529 11:44:30.365462       1 tls_config.go:350] "TLS is disabled." http2=false address="[::]:8080"
I0529 11:44:30.381360       1 builder.go:283] "Active resources" activeStoreNames="certificatesigningrequests,configmaps,cronjobs,daemonsets,deployments,endpoints,horizontalpodautoscalers,ingresses,jobs,leases,limitranges,mutatingwebhookconfigurations,namespaces,networkpolicies,nodes,persistentvolumeclaims,persistentvolumes,poddisruptionbudgets,pods,replicasets,replicationcontrollers,resourcequotas,secrets,services,statefulsets,storageclasses,validatingwebhookconfigurations,volumeattachments"
ts=2025-05-29T11:44:45.26044985Z level=debug msg="Watcher is reading the WAL due to timeout, haven't received any write notifications recently" component_path=/ component_id=prometheus.remote_write.default subcomponent=rw remote_name=ff099d url=http://mimir-distributor.mimir.svc.cluster.local:8080/api/v1/push timeout=15s
ts=2025-05-29T11:45:29.881753037Z level=debug msg="accepted new in-memory connection"
ts=2025-05-29T11:45:29.883160162Z level=debug msg="dialed to in-memory listener"
ts=2025-05-29T11:45:29.916221037Z level=info msg="Done replaying WAL" component_path=/ component_id=prometheus.remote_write.default subcomponent=rw remote_name=ff099d url=http://mimir-distributor.mimir.svc.cluster.local:8080/api/v1/push duration=59.66628707s
ts=2025-05-29T11:45:30.262954163Z level=debug msg="runShard timer ticked, sending buffered data" component_path=/ component_id=prometheus.remote_write.default subcomponent=rw remote_name=ff099d url=http://mimir-distributor.mimir.svc.cluster.local:8080/api/v1/push samples=6 exemplars=0 shard=0 histograms=0
ts=2025-05-29T11:45:33.907199498Z level=debug msg="dialed to in-memory listener"
ts=2025-05-29T11:45:33.907218456Z level=debug msg="accepted new in-memory connection"
ts=2025-05-29T11:45:35.28016479Z level=debug msg="runShard timer ticked, sending buffered data" component_path=/ component_id=prometheus.remote_write.default subcomponent=rw remote_name=ff099d url=http://mimir-distributor.mimir.svc.cluster.local:8080/api/v1/push samples=336 exemplars=0 shard=0 histograms=0
ts=2025-05-29T11:45:40.250698751Z level=debug msg=QueueManager.calculateDesiredShards component_path=/ component_id=prometheus.remote_write.default subcomponent=rw remote_name=ff099d url=http://mimir-distributor.mimir.svc.cluster.local:8080/api/v1/push dataInRate=7.2 dataOutRate=34.2 dataKeptRatio=1 dataPendingRate=-27.000000000000004 dataPending=0 dataOutDuration=0.0020082959 timePerSample=5.872210233918128e-05 desiredShards=0.00042279913684210526 highestSent=1.748519133e+09 highestRecv=1.748519133e+09
ts=2025-05-29T11:45:40.250764959Z level=debug msg=QueueManager.updateShardsLoop component_path=/ component_id=prometheus.remote_write.default subcomponent=rw remote_name=ff099d url=http://mimir-distributor.mimir.svc.cluster.local:8080/api/v1/push lowerBound=0.7 desiredShards=0.00042279913684210526 upperBound=1.3
ts=2025-05-29T11:45:48.929154588Z level=debug msg="Watcher is reading the WAL due to timeout, haven't received any write notifications recently" component_path=/ component_id=prometheus.remote_write.default subcomponent=rw remote_name=ff099d url=http://mimir-distributor.mimir.svc.cluster.local:8080/api/v1/push timeout=15s
ts=2025-05-29T11:45:50.250704214Z level=debug msg=QueueManager.calculateDesiredShards component_path=/ component_id=prometheus.remote_write.default subcomponent=rw remote_name=ff099d url=http://mimir-distributor.mimir.svc.cluster.local:8080/api/v1/push dataInRate=5.76 dataOutRate=27.360000000000003 dataKeptRatio=1 dataPendingRate=-21.6 dataPending=0 dataOutDuration=0.00160663672 timePerSample=5.872210233918128e-05 desiredShards=0.0003382393094736842 highestSent=1.748519133e+09 highestRecv=1.748519133e+09
ts=2025-05-29T11:45:50.250751547Z level=debug msg=QueueManager.updateShardsLoop component_path=/ component_id=prometheus.remote_write.default subcomponent=rw remote_name=ff099d url=http://mimir-distributor.mimir.svc.cluster.local:8080/api/v1/push lowerBound=0.7 desiredShards=0.0003382393094736842 upperBound=1.3
ts=2025-05-29T11:46:00.250750469Z level=debug msg=QueueManager.calculateDesiredShards component_path=/ component_id=prometheus.remote_write.default subcomponent=rw remote_name=ff099d url=http://mimir-distributor.mimir.svc.cluster.local:8080/api/v1/push dataInRate=4.608 dataOutRate=21.888 dataKeptRatio=1 dataPendingRate=-17.28 dataPending=0 dataOutDuration=0.001285309376 timePerSample=5.8722102339181276e-05 desiredShards=0.0002705914475789473 highestSent=1.748519133e+09 highestRecv=1.748519133e+09
ts=2025-05-29T11:46:00.25081651Z level=debug msg=QueueManager.updateShardsLoop component_path=/ component_id=prometheus.remote_write.default subcomponent=rw remote_name=ff099d url=http://mimir-distributor.mimir.svc.cluster.local:8080/api/v1/push lowerBound=0.7 desiredShards=0.0002705914475789473 upperBound=1.3
ts=2025-05-29T11:46:10.251653015Z level=debug msg=QueueManager.calculateDesiredShards component_path=/ component_id=prometheus.remote_write.default subcomponent=rw remote_name=ff099d url=http://mimir-distributor.mimir.svc.cluster.local:8080/api/v1/push dataInRate=3.6863999999999995 dataOutRate=17.5104 dataKeptRatio=1 dataPendingRate=-13.824000000000002 dataPending=0 dataOutDuration=0.0010282475008 timePerSample=5.872210233918128e-05 desiredShards=0.00021647315806315784 highestSent=1.748519133e+09 highestRecv=1.748519133e+09
ts=2025-05-29T11:46:10.251680348Z level=debug msg=QueueManager.updateShardsLoop component_path=/ component_id=prometheus.remote_write.default subcomponent=rw remote_name=ff099d url=http://mimir-distributor.mimir.svc.cluster.local:8080/api/v1/push lowerBound=0.7 desiredShards=0.00021647315806315784 upperBound=1.3
ts=2025-05-29T11:46:20.251322603Z level=debug msg=QueueManager.calculateDesiredShards component_path=/ component_id=prometheus.remote_write.default subcomponent=rw remote_name=ff099d url=http://mimir-distributor.mimir.svc.cluster.local:8080/api/v1/push dataInRate=2.9491199999999997 dataOutRate=14.00832 dataKeptRatio=1 dataPendingRate=-11.0592 dataPending=0 dataOutDuration=0.00082259800064 timePerSample=5.872210233918129e-05 desiredShards=0.0001731785264505263 highestSent=1.748519133e+09 highestRecv=1.748519133e+09
ts=2025-05-29T11:46:20.251361728Z level=debug msg=QueueManager.updateShardsLoop component_path=/ component_id=prometheus.remote_write.default subcomponent=rw remote_name=ff099d url=http://mimir-distributor.mimir.svc.cluster.local:8080/api/v1/push lowerBound=0.7 desiredShards=0.0001731785264505263 upperBound=1.3
ts=2025-05-29T11:46:30.252449066Z level=debug msg=QueueManager.calculateDesiredShards component_path=/ component_id=prometheus.remote_write.default subcomponent=rw remote_name=ff099d url=http://mimir-distributor.mimir.svc.cluster.local:8080/api/v1/push dataInRate=2.4792959999999997 dataOutRate=11.206655999999999 dataKeptRatio=1 dataPendingRate=-8.72736 dataPending=138.840576 dataOutDuration=0.000658078400512 timePerSample=5.872210233918129e-05 desiredShards=0.0005532399990762668 highestSent=1.748519133e+09 highestRecv=1.748519189e+09
ts=2025-05-29T11:46:30.252504941Z level=debug msg=QueueManager.updateShardsLoop component_path=/ component_id=prometheus.remote_write.default subcomponent=rw remote_name=ff099d url=http://mimir-distributor.mimir.svc.cluster.local:8080/api/v1/push lowerBound=0.7 desiredShards=0.0005532399990762668 upperBound=1.3
ts=2025-05-29T11:46:30.294459733Z level=debug msg="runShard timer ticked, sending buffered data" component_path=/ component_id=prometheus.remote_write.default subcomponent=rw remote_name=ff099d url=http://mimir-distributor.mimir.svc.cluster.local:8080/api/v1/push samples=6 exemplars=0 shard=0 histograms=0
ts=2025-05-29T11:46:35.297522735Z level=debug msg="runShard timer ticked, sending buffered data" component_path=/ component_id=prometheus.remote_write.default subcomponent=rw remote_name=ff099d url=http://mimir-distributor.mimir.svc.cluster.local:8080/api/v1/push samples=350 exemplars=0 shard=0 histograms=0
ts=2025-05-29T11:46:40.250879113Z level=debug msg=QueueManager.calculateDesiredShards component_path=/ component_id=prometheus.remote_write.default subcomponent=rw remote_name=ff099d url=http://mimir-distributor.mimir.svc.cluster.local:8080/api/v1/push dataInRate=8.9834368 dataOutRate=16.0853248 dataKeptRatio=1 dataPendingRate=-7.101887999999999 dataPending=0 dataOutDuration=0.0006603710604095999 timePerSample=4.105425713316028e-05 desiredShards=0.00036880832432669455 highestSent=1.748519193e+09 highestRecv=1.748519193e+09
ts=2025-05-29T11:46:40.250953863Z level=debug msg=QueueManager.updateShardsLoop component_path=/ component_id=prometheus.remote_write.default subcomponent=rw remote_name=ff099d url=http://mimir-distributor.mimir.svc.cluster.local:8080/api/v1/push lowerBound=0.7 desiredShards=0.00036880832432669455 upperBound=1.3
ts=2025-05-29T11:46:50.251018117Z level=debug msg=QueueManager.calculateDesiredShards component_path=/ component_id=prometheus.remote_write.default subcomponent=rw remote_name=ff099d url=http://mimir-distributor.mimir.svc.cluster.local:8080/api/v1/push dataInRate=7.18674944 dataOutRate=12.868259839999999 dataKeptRatio=1 dataPendingRate=-5.681510399999999 dataPending=0 dataOutDuration=0.00052829684832768 timePerSample=4.105425713316028e-05 desiredShards=0.0002950466594613557 highestSent=1.748519193e+09 highestRecv=1.748519193e+09
ts=2025-05-29T11:46:50.251046701Z level=debug msg=QueueManager.updateShardsLoop component_path=/ component_id=prometheus.remote_write.default subcomponent=rw remote_name=ff099d url=http://mimir-distributor.mimir.svc.cluster.local:8080/api/v1/push lowerBound=0.7 desiredShards=0.0002950466594613557 upperBound=1.3
ts=2025-05-29T11:47:00.250844206Z level=debug msg=QueueManager.calculateDesiredShards component_path=/ component_id=prometheus.remote_write.default subcomponent=rw remote_name=ff099d url=http://mimir-distributor.mimir.svc.cluster.local:8080/api/v1/push dataInRate=5.749399552 dataOutRate=10.294607871999998 dataKeptRatio=1 dataPendingRate=-4.545208319999999 dataPending=0 dataOutDuration=0.00042263747866214395 timePerSample=4.105425713316028e-05 desiredShards=0.00023603732756908452 highestSent=1.748519193e+09 highestRecv=1.748519193e+09
ts=2025-05-29T11:47:00.250950664Z level=debug msg=QueueManager.updateShardsLoop component_path=/ component_id=prometheus.remote_write.default subcomponent=rw remote_name=ff099d url=http://mimir-distributor.mimir.svc.cluster.local:8080/api/v1/push lowerBound=0.7 desiredShards=0.00023603732756908452 upperBound=1.3
ts=2025-05-29T11:47:03.912249791Z level=debug msg="Watcher is reading the WAL due to timeout, haven't received any write notifications recently" component_path=/ component_id=prometheus.remote_write.default subcomponent=rw remote_name=ff099d url=http://mimir-distributor.mimir.svc.cluster.local:8080/api/v1/push timeout=15s
ts=2025-05-29T11:47:10.250942419Z level=debug msg=QueueManager.calculateDesiredShards component_path=/ component_id=prometheus.remote_write.default subcomponent=rw remote_name=ff099d url=http://mimir-distributor.mimir.svc.cluster.local:8080/api/v1/push dataInRate=4.5995196416 dataOutRate=8.2356862976 dataKeptRatio=1 dataPendingRate=-3.6361666559999994 dataPending=0 dataOutDuration=0.0003381099829297151 timePerSample=4.1054257133160274e-05 desiredShards=0.0001888298620552676 highestSent=1.748519193e+09 highestRecv=1.748519193e+09
ts=2025-05-29T11:47:10.251017877Z level=debug msg=QueueManager.updateShardsLoop component_path=/ component_id=prometheus.remote_write.default subcomponent=rw remote_name=ff099d url=http://mimir-distributor.mimir.svc.cluster.local:8080/api/v1/push lowerBound=0.7 desiredShards=0.0001888298620552676 upperBound=1.3
ts=2025-05-29T11:47:20.250941465Z level=debug msg=QueueManager.calculateDesiredShards component_path=/ component_id=prometheus.remote_write.default subcomponent=rw remote_name=ff099d url=http://mimir-distributor.mimir.svc.cluster.local:8080/api/v1/push dataInRate=3.6796157132799996 dataOutRate=6.588549038079999 dataKeptRatio=1 dataPendingRate=-2.9089333247999996 dataPending=0 dataOutDuration=0.0002704879863437721 timePerSample=4.105425713316028e-05 desiredShards=0.0001510638896442141 highestSent=1.748519193e+09 highestRecv=1.748519193e+09
ts=2025-05-29T11:47:20.250991382Z level=debug msg=QueueManager.updateShardsLoop component_path=/ component_id=prometheus.remote_write.default subcomponent=rw remote_name=ff099d url=http://mimir-distributor.mimir.svc.cluster.local:8080/api/v1/push lowerBound=0.7 desiredShards=0.0001510638896442141 upperBound=1.3
ts=2025-05-29T11:47:30.25069922Z level=debug msg=QueueManager.calculateDesiredShards component_path=/ component_id=prometheus.remote_write.default subcomponent=rw remote_name=ff099d url=http://mimir-distributor.mimir.svc.cluster.local:8080/api/v1/push dataInRate=3.0636925706239997 dataOutRate=5.2708392304639995 dataKeptRatio=1 dataPendingRate=-2.20714665984 dataPending=171.566783954944 dataOutDuration=0.00021639038907501768 timePerSample=4.105425713316028e-05 desiredShards=0.0004779549657711319 highestSent=1.748519193e+09 highestRecv=1.748519249e+09
ts=2025-05-29T11:47:30.250755053Z level=debug msg=QueueManager.updateShardsLoop component_path=/ component_id=prometheus.remote_write.default subcomponent=rw remote_name=ff099d url=http://mimir-distributor.mimir.svc.cluster.local:8080/api/v1/push lowerBound=0.7 desiredShards=0.0004779549657711319 upperBound=1.3
ts=2025-05-29T11:47:30.265107303Z level=info msg="reload requested via /-/reload endpoint" service=http
ts=2025-05-29T11:47:30.270360803Z level=info msg="starting complete graph evaluation" controller_path=/ controller_id="" trace_id=87bcc5abbb17f4ccd701837978ec8ccf
ts=2025-05-29T11:47:30.274107262Z level=info msg="finished node evaluation" controller_path=/ controller_id="" trace_id=87bcc5abbb17f4ccd701837978ec8ccf node_id=remotecfg duration=3.706375ms
ts=2025-05-29T11:47:30.274538762Z level=info msg="finished node evaluation" controller_path=/ controller_id="" trace_id=87bcc5abbb17f4ccd701837978ec8ccf node_id=http duration=401.583µs
ts=2025-05-29T11:47:30.274563137Z level=info msg="finished node evaluation" controller_path=/ controller_id="" trace_id=87bcc5abbb17f4ccd701837978ec8ccf node_id=cluster duration=708ns
ts=2025-05-29T11:47:30.274568095Z level=info msg="finished node evaluation" controller_path=/ controller_id="" trace_id=87bcc5abbb17f4ccd701837978ec8ccf node_id=otel duration=416ns
ts=2025-05-29T11:47:30.275005803Z level=info msg="finished node evaluation" controller_path=/ controller_id="" trace_id=87bcc5abbb17f4ccd701837978ec8ccf node_id=livedebugging duration=428.125µs
ts=2025-05-29T11:47:30.275029553Z level=info msg="finished node evaluation" controller_path=/ controller_id="" trace_id=87bcc5abbb17f4ccd701837978ec8ccf node_id=ui duration=1.125µs
ts=2025-05-29T11:47:30.275368262Z level=info msg="finished node evaluation" controller_path=/ controller_id="" trace_id=87bcc5abbb17f4ccd701837978ec8ccf node_id=labelstore duration=333.916µs
ts=2025-05-29T11:47:30.289251178Z level=info msg="finished node evaluation" controller_path=/ controller_id="" trace_id=87bcc5abbb17f4ccd701837978ec8ccf node_id=prometheus.remote_write.default duration=13.858833ms
ts=2025-05-29T11:47:30.289726428Z level=info msg="finished node evaluation" controller_path=/ controller_id="" trace_id=87bcc5abbb17f4ccd701837978ec8ccf node_id=prometheus.exporter.kubestate.kubestate duration=441.625µs
ts=2025-05-29T11:47:30.292425345Z level=info msg="finished node evaluation" controller_path=/ controller_id="" trace_id=87bcc5abbb17f4ccd701837978ec8ccf node_id=prometheus.scrape.kubestate duration=2.668625ms
ts=2025-05-29T11:47:30.292497428Z level=info msg="finished node evaluation" controller_path=/ controller_id="" trace_id=87bcc5abbb17f4ccd701837978ec8ccf node_id=logging duration=29.667µs
ts=2025-05-29T11:47:30.292955095Z level=info msg="finished node evaluation" controller_path=/ controller_id="" trace_id=87bcc5abbb17f4ccd701837978ec8ccf node_id=prometheus.exporter.self.default duration=440.958µs
ts=2025-05-29T11:47:30.292981012Z level=info msg="finished node evaluation" controller_path=/ controller_id="" trace_id=87bcc5abbb17f4ccd701837978ec8ccf node_id=prometheus.scrape.alloymetrics duration=16.208µs
ts=2025-05-29T11:47:30.292996762Z level=info msg="finished node evaluation" controller_path=/ controller_id="" trace_id=87bcc5abbb17f4ccd701837978ec8ccf node_id=tracing duration=11.25µs
ts=2025-05-29T11:47:30.293008012Z level=info msg="finished complete graph evaluation" controller_path=/ controller_id="" trace_id=87bcc5abbb17f4ccd701837978ec8ccf duration=24.043375ms
ts=2025-05-29T11:47:30.293191178Z level=info msg="scheduling loaded components and services"
ts=2025-05-29T11:47:30.293332262Z level=info msg="config reloaded" service=http
ts=2025-05-29T11:47:30.31094847Z level=debug msg="runShard timer ticked, sending buffered data" component_path=/ component_id=prometheus.remote_write.default subcomponent=rw remote_name=ff099d url=http://mimir-distributor.mimir.svc.cluster.local:8080/api/v1/push samples=6 exemplars=0 shard=0 histograms=0
ts=2025-05-29T11:47:35.315830597Z level=debug msg="runShard timer ticked, sending buffered data" component_path=/ component_id=prometheus.remote_write.default subcomponent=rw remote_name=ff099d url=http://mimir-distributor.mimir.svc.cluster.local:8080/api/v1/push samples=350 exemplars=0 shard=0 histograms=0
ts=2025-05-29T11:47:40.251345391Z level=debug msg=QueueManager.calculateDesiredShards component_path=/ component_id=prometheus.remote_write.default subcomponent=rw remote_name=ff099d url=http://mimir-distributor.mimir.svc.cluster.local:8080/api/v1/push dataInRate=9.4509540564992 dataOutRate=11.3366713843712 dataKeptRatio=1 dataPendingRate=-1.8857173278720012 dataPending=0 dataOutDuration=0.0003509089712600142 timePerSample=3.0953439449941124e-05 desiredShards=0.0002925395341320234 highestSent=1.748519253e+09 highestRecv=1.748519253e+09
ts=2025-05-29T11:47:40.2513951Z level=debug msg=QueueManager.updateShardsLoop component_path=/ component_id=prometheus.remote_write.default subcomponent=rw remote_name=ff099d url=http://mimir-distributor.mimir.svc.cluster.local:8080/api/v1/push lowerBound=0.7 desiredShards=0.0002925395341320234 upperBound=1.3
ts=2025-05-29T11:47:50.251421729Z level=debug msg=QueueManager.calculateDesiredShards component_path=/ component_id=prometheus.remote_write.default subcomponent=rw remote_name=ff099d url=http://mimir-distributor.mimir.svc.cluster.local:8080/api/v1/push dataInRate=7.560763245199359 dataOutRate=9.06933710749696 dataKeptRatio=1 dataPendingRate=-1.5085738622976006 dataPending=0 dataOutDuration=0.0002807271770080113 timePerSample=3.0953439449941124e-05 desiredShards=0.00023403162730561871 highestSent=1.748519253e+09 highestRecv=1.748519253e+09
ts=2025-05-29T11:47:50.251481521Z level=debug msg=QueueManager.updateShardsLoop component_path=/ component_id=prometheus.remote_write.default subcomponent=rw remote_name=ff099d url=http://mimir-distributor.mimir.svc.cluster.local:8080/api/v1/push lowerBound=0.7 desiredShards=0.00023403162730561871 upperBound=1.3
ts=2025-05-29T11:48:00.250669692Z level=debug msg=QueueManager.calculateDesiredShards component_path=/ component_id=prometheus.remote_write.default subcomponent=rw remote_name=ff099d url=http://mimir-distributor.mimir.svc.cluster.local:8080/api/v1/push dataInRate=6.048610596159487 dataOutRate=7.255469685997568 dataKeptRatio=1 dataPendingRate=-1.2068590898380807 dataPending=0 dataOutDuration=0.00022458174160640905 timePerSample=3.0953439449941124e-05 desiredShards=0.00018722530184449497 highestSent=1.748519253e+09 highestRecv=1.748519253e+09
ts=2025-05-29T11:48:00.250718817Z level=debug msg=QueueManager.updateShardsLoop component_path=/ component_id=prometheus.remote_write.default subcomponent=rw remote_name=ff099d url=http://mimir-distributor.mimir.svc.cluster.local:8080/api/v1/push lowerBound=0.7 desiredShards=0.00018722530184449497 upperBound=1.3
ts=2025-05-29T11:48:03.912545194Z level=debug msg="Watcher is reading the WAL due to timeout, haven't received any write notifications recently" component_path=/ component_id=prometheus.remote_write.default subcomponent=rw remote_name=ff099d url=http://mimir-distributor.mimir.svc.cluster.local:8080/api/v1/push timeout=15s
ts=2025-05-29T11:48:10.251646572Z level=debug msg=QueueManager.calculateDesiredShards component_path=/ component_id=prometheus.remote_write.default subcomponent=rw remote_name=ff099d url=http://mimir-distributor.mimir.svc.cluster.local:8080/api/v1/push dataInRate=4.83888847692759 dataOutRate=5.804375748798054 dataKeptRatio=1 dataPendingRate=-0.9654872718704643 dataPending=0 dataOutDuration=0.00017966539328512725 timePerSample=3.0953439449941124e-05 desiredShards=0.00014978024147559597 highestSent=1.748519253e+09 highestRecv=1.748519253e+09
ts=2025-05-29T11:48:10.251694156Z level=debug msg=QueueManager.updateShardsLoop component_path=/ component_id=prometheus.remote_write.default subcomponent=rw remote_name=ff099d url=http://mimir-distributor.mimir.svc.cluster.local:8080/api/v1/push lowerBound=0.7 desiredShards=0.00014978024147559597 upperBound=1.3
ts=2025-05-29T11:48:20.250660869Z level=debug msg=QueueManager.calculateDesiredShards component_path=/ component_id=prometheus.remote_write.default subcomponent=rw remote_name=ff099d url=http://mimir-distributor.mimir.svc.cluster.local:8080/api/v1/push dataInRate=3.8711107815420718 dataOutRate=4.643500599038443 dataKeptRatio=1 dataPendingRate=-0.7723898174963715 dataPending=0 dataOutDuration=0.0001437323146281018 timePerSample=3.0953439449941124e-05 desiredShards=0.00011982419318047678 highestSent=1.748519253e+09 highestRecv=1.748519253e+09
ts=2025-05-29T11:48:20.250688369Z level=debug msg=QueueManager.updateShardsLoop component_path=/ component_id=prometheus.remote_write.default subcomponent=rw remote_name=ff099d url=http://mimir-distributor.mimir.svc.cluster.local:8080/api/v1/push lowerBound=0.7 desiredShards=0.00011982419318047678 upperBound=1.3
ts=2025-05-29T11:48:30.251155748Z level=debug msg=QueueManager.calculateDesiredShards component_path=/ component_id=prometheus.remote_write.default subcomponent=rw remote_name=ff099d url=http://mimir-distributor.mimir.svc.cluster.local:8080/api/v1/push dataInRate=3.2168886252336573 dataOutRate=3.7148004792307545 dataKeptRatio=1 dataPendingRate=-0.49791185399709725 dataPending=180.1457630130848 dataOutDuration=0.00011498585170248143 timePerSample=3.0953439449941124e-05 desiredShards=0.00037838031565782257 highestSent=1.748519253e+09 highestRecv=1.748519309e+09
ts=2025-05-29T11:48:30.251196082Z level=debug msg=QueueManager.updateShardsLoop component_path=/ component_id=prometheus.remote_write.default subcomponent=rw remote_name=ff099d url=http://mimir-distributor.mimir.svc.cluster.local:8080/api/v1/push lowerBound=0.7 desiredShards=0.00037838031565782257 upperBound=1.3
ts=2025-05-29T11:48:30.328537082Z level=debug msg="runShard timer ticked, sending buffered data" component_path=/ component_id=prometheus.remote_write.default subcomponent=rw remote_name=ff099d url=http://mimir-distributor.mimir.svc.cluster.local:8080/api/v1/push samples=6 exemplars=0 shard=0 histograms=0
ts=2025-05-29T11:48:35.331308584Z level=debug msg="runShard timer ticked, sending buffered data" component_path=/ component_id=prometheus.remote_write.default subcomponent=rw remote_name=ff099d url=http://mimir-distributor.mimir.svc.cluster.local:8080/api/v1/push samples=350 exemplars=0 shard=0 histograms=0
ts=2025-05-29T11:48:40.250932587Z level=debug msg=QueueManager.calculateDesiredShards component_path=/ component_id=prometheus.remote_write.default subcomponent=rw remote_name=ff099d url=http://mimir-distributor.mimir.svc.cluster.local:8080/api/v1/push dataInRate=9.573510900186927 dataOutRate=10.091840383384605 dataKeptRatio=1 dataPendingRate=-0.5183294831976788 dataPending=0 dataOutDuration=0.00020060118136198515 timePerSample=1.987756184612855e-05 desiredShards=0.00019029805500305144 highestSent=1.748519313e+09 highestRecv=1.748519313e+09
ts=2025-05-29T11:48:40.251019545Z level=debug msg=QueueManager.updateShardsLoop component_path=/ component_id=prometheus.remote_write.default subcomponent=rw remote_name=ff099d url=http://mimir-distributor.mimir.svc.cluster.local:8080/api/v1/push lowerBound=0.7 desiredShards=0.00019029805500305144 upperBound=1.3
ts=2025-05-29T11:48:50.251159716Z level=debug msg=QueueManager.calculateDesiredShards component_path=/ component_id=prometheus.remote_write.default subcomponent=rw remote_name=ff099d url=http://mimir-distributor.mimir.svc.cluster.local:8080/api/v1/push dataInRate=7.658808720149541 dataOutRate=8.073472306707684 dataKeptRatio=1 dataPendingRate=-0.4146635865581425 dataPending=0 dataOutDuration=0.0001604809450895881 timePerSample=1.987756184612855e-05 desiredShards=0.00015223844400244117 highestSent=1.748519313e+09 highestRecv=1.748519313e+09
ts=2025-05-29T11:48:50.251352383Z level=debug msg=QueueManager.updateShardsLoop component_path=/ component_id=prometheus.remote_write.default subcomponent=rw remote_name=ff099d url=http://mimir-distributor.mimir.svc.cluster.local:8080/api/v1/push lowerBound=0.7 desiredShards=0.00015223844400244117 upperBound=1.3
ts=2025-05-29T11:49:00.250992138Z level=debug msg=QueueManager.calculateDesiredShards component_path=/ component_id=prometheus.remote_write.default subcomponent=rw remote_name=ff099d url=http://mimir-distributor.mimir.svc.cluster.local:8080/api/v1/push dataInRate=6.127046976119633 dataOutRate=6.458777845366147 dataKeptRatio=1 dataPendingRate=-0.3317308692465142 dataPending=0 dataOutDuration=0.0001283847560716705 timePerSample=1.987756184612855e-05 desiredShards=0.00012179075520195293 highestSent=1.748519313e+09 highestRecv=1.748519313e+09
ts=2025-05-29T11:49:00.251039471Z level=debug msg=QueueManager.updateShardsLoop component_path=/ component_id=prometheus.remote_write.default subcomponent=rw remote_name=ff099d url=http://mimir-distributor.mimir.svc.cluster.local:8080/api/v1/push lowerBound=0.7 desiredShards=0.00012179075520195293 upperBound=1.3
