init method inside integration
***************init method inside exporter=============================
ts=2025-05-30T18:26:23.094026081Z level=info "boringcrypto enabled"=false
ts=2025-05-30T18:26:23.077290998Z level=info source=/go/pkg/mod/github.com/!kim!machine!gun/automemlimit@v0.7.0/memlimit/memlimit.go:175 msg="memory is not limited, skipping" package=github.com/KimMachineGun/automemlimit/memlimit
ts=2025-05-30T18:26:23.094048623Z level=info msg="no peer discovery configured: both join and discover peers are empty" service=cluster
ts=2025-05-30T18:26:23.094051206Z level=info msg="starting complete graph evaluation" controller_path=/ controller_id="" trace_id=628b9c2df473e730f0d255b8340fff61
ts=2025-05-30T18:26:23.094057956Z level=info msg="finished node evaluation" controller_path=/ controller_id="" trace_id=628b9c2df473e730f0d255b8340fff61 node_id=labelstore duration=11.084µs
ts=2025-05-30T18:26:23.094062956Z level=info msg="running usage stats reporter"
ts=2025-05-30T18:26:23.094064915Z level=info msg="replaying WAL, this may take a while" component_path=/ component_id=prometheus.remote_write.default subcomponent=wal dir=/tmp/alloy/prometheus.remote_write.default/wal
ts=2025-05-30T18:26:23.09406754Z level=info msg="WAL segment loaded" component_path=/ component_id=prometheus.remote_write.default subcomponent=wal segment=0 maxSegment=0
ts=2025-05-30T18:26:23.094069831Z level=info msg="Starting WAL watcher" component_path=/ component_id=prometheus.remote_write.default subcomponent=rw remote_name=31d3bf url=http://mimir-distributor.mimir.svc.cluster.local:8080/api/v1/push queue=31d3bf
ts=2025-05-30T18:26:23.094072915Z level=info msg="Starting scraped metadata watcher" component_path=/ component_id=prometheus.remote_write.default subcomponent=rw remote_name=31d3bf url=http://mimir-distributor.mimir.svc.cluster.local:8080/api/v1/push
ts=2025-05-30T18:26:23.094075165Z level=info msg="finished node evaluation" controller_path=/ controller_id="" trace_id=628b9c2df473e730f0d255b8340fff61 node_id=prometheus.remote_write.default duration=9.775125ms
ts=2025-05-30T18:26:23.094077831Z level=debug msg="scrape config was updated" component_path=/ component_id=prometheus.scrape.kubestate
ts=2025-05-30T18:26:23.094079873Z level=info msg="finished node evaluation" controller_path=/ controller_id="" trace_id=628b9c2df473e730f0d255b8340fff61 node_id=prometheus.scrape.kubestate duration=1.75925ms
ts=2025-05-30T18:26:23.094082206Z level=info msg="finished node evaluation" controller_path=/ controller_id="" trace_id=628b9c2df473e730f0d255b8340fff61 node_id=prometheus.exporter.kubestate.kubestate duration=33.709µs
ts=2025-05-30T18:26:23.094084456Z level=info msg="finished node evaluation" controller_path=/ controller_id="" trace_id=628b9c2df473e730f0d255b8340fff61 node_id=prometheus.exporter.self.default duration=8.416µs
ts=2025-05-30T18:26:23.094086665Z level=debug msg="scrape config was updated" component_path=/ component_id=prometheus.scrape.alloymetrics
ts=2025-05-30T18:26:23.094088665Z level=info msg="finished node evaluation" controller_path=/ controller_id="" trace_id=628b9c2df473e730f0d255b8340fff61 node_id=prometheus.scrape.alloymetrics duration=174.375µs
ts=2025-05-30T18:26:23.094091206Z level=info msg="finished node evaluation" controller_path=/ controller_id="" trace_id=628b9c2df473e730f0d255b8340fff61 node_id=otel duration=1.833µs
ts=2025-05-30T18:26:23.094093415Z level=info msg="finished node evaluation" controller_path=/ controller_id="" trace_id=628b9c2df473e730f0d255b8340fff61 node_id=livedebugging duration=4.125µs
ts=2025-05-30T18:26:23.094095581Z level=info msg="finished node evaluation" controller_path=/ controller_id="" trace_id=628b9c2df473e730f0d255b8340fff61 node_id=tracing duration=6.334µs
ts=2025-05-30T18:26:23.094098373Z level=info msg="finished node evaluation" controller_path=/ controller_id="" trace_id=628b9c2df473e730f0d255b8340fff61 node_id=logging duration=92.25µs
ts=2025-05-30T18:26:23.09413354Z level=info msg="finished node evaluation" controller_path=/ controller_id="" trace_id=628b9c2df473e730f0d255b8340fff61 node_id=remotecfg duration=30.375µs
ts=2025-05-30T18:26:23.094144915Z level=info msg="applying non-TLS config to HTTP server" service=http
ts=2025-05-30T18:26:23.09414804Z level=info msg="finished node evaluation" controller_path=/ controller_id="" trace_id=628b9c2df473e730f0d255b8340fff61 node_id=http duration=9.417µs
ts=2025-05-30T18:26:23.094152706Z level=info msg="finished node evaluation" controller_path=/ controller_id="" trace_id=628b9c2df473e730f0d255b8340fff61 node_id=cluster duration=1.166µs
ts=2025-05-30T18:26:23.094158498Z level=info msg="finished node evaluation" controller_path=/ controller_id="" trace_id=628b9c2df473e730f0d255b8340fff61 node_id=ui duration=2.583µs
ts=2025-05-30T18:26:23.094176456Z level=info msg="finished complete graph evaluation" controller_path=/ controller_id="" trace_id=628b9c2df473e730f0d255b8340fff61 duration=12.636292ms
ts=2025-05-30T18:26:23.094201081Z level=debug msg="changing node state" service=cluster from=viewer to=participant
ts=2025-05-30T18:26:23.094208915Z level=debug msg="alloy-5j257 @1: participant" service=cluster
createExporter method 
Convert method 
NewIntegration method inside integration
New method inside integration
ts=2025-05-30T18:26:23.094832706Z level=info msg="scheduling loaded components and services"
ts=2025-05-30T18:26:23.095132748Z level=info msg="Replaying WAL" component_path=/ component_id=prometheus.remote_write.default subcomponent=rw remote_name=31d3bf url=http://mimir-distributor.mimir.svc.cluster.local:8080/api/v1/push queue=31d3bf
ts=2025-05-30T18:26:23.095278248Z level=debug msg="Tailing WAL" component_path=/ component_id=prometheus.remote_write.default subcomponent=rw remote_name=31d3bf url=http://mimir-distributor.mimir.svc.cluster.local:8080/api/v1/push lastCheckpoint="" checkpointIndex=0 currentSegment=0 lastSegment=0
ts=2025-05-30T18:26:23.09529429Z level=debug msg="Processing segment" component_path=/ component_id=prometheus.remote_write.default subcomponent=rw remote_name=31d3bf url=http://mimir-distributor.mimir.svc.cluster.local:8080/api/v1/push currentSegment=0
ts=2025-05-30T18:26:23.100870915Z level=debug msg="finished node evaluation" controller_path=/ controller_id="" node_id=prometheus.scrape.kubestate duration=1.410208ms
ts=2025-05-30T18:26:23.100870956Z level=debug msg="finished node evaluation" controller_path=/ controller_id="" node_id=prometheus.scrape.alloymetrics duration=5.534208ms
ts=2025-05-30T18:26:23.100924123Z level=debug msg="finished node evaluation" controller_path=/ controller_id="" node_id=prometheus.scrape.alloymetrics duration=18.916µs
ts=2025-05-30T18:26:23.100962206Z level=info msg="starting cluster node" service=cluster peers_count=0 peers="" advertise_addr=127.0.0.1:12345 minimum_cluster_size=0 minimum_size_wait_timeout=0s
ts=2025-05-30T18:26:23.101279665Z level=debug msg="passed new targets to scrape manager" component_path=/ component_id=prometheus.scrape.kubestate
ts=2025-05-30T18:26:23.103097081Z level=info msg="now listening for http traffic" service=http addr=0.0.0.0:12345
ts=2025-05-30T18:26:23.103242748Z level=info msg="peers changed" service=cluster peers_count=1 min_cluster_size=0 peers=alloy-5j257
ts=2025-05-30T18:26:23.103341373Z level=debug msg="passed new targets to scrape manager" component_path=/ component_id=prometheus.scrape.alloymetrics
W0530 18:26:23.105797       1 client_config.go:667] Neither --kubeconfig nor --master was specified.  Using the inClusterConfig.  This might not work.
I0530 18:26:23.105955       1 server.go:194] "Used default resources"
I0530 18:26:23.108324       1 types.go:195] "Using all namespaces"
I0530 18:26:23.108411       1 server.go:233] "Metric allow-denylisting" allowDenyStatus="Excluding the following lists that were on denylist: "
W0530 18:26:23.108497       1 client_config.go:667] Neither --kubeconfig nor --master was specified.  Using the inClusterConfig.  This might not work.
I0530 18:26:23.119617       1 utils.go:70] "Tested communication with server"
I0530 18:26:23.124472       1 utils.go:75] "Run with Kubernetes cluster version" major="1" minor="31" gitVersion="v1.31.5+k3s1" gitTreeState="clean" gitCommit="56ec5dd4d012c1d77dc7f50f21f65183044c92e7" platform="linux/arm64"
I0530 18:26:23.124492       1 utils.go:76] "Communication with server successful"
I0530 18:26:23.125413       1 server.go:361] "Started metrics server" metricsServerAddress=":0"
I0530 18:26:23.125714       1 metrics_handler.go:110] "Autosharding disabled"
I0530 18:26:23.125521       1 tls_config.go:347] "Listening on" address="[::]:45375"
I0530 18:26:23.125900       1 tls_config.go:350] "TLS is disabled." http2=false address="[::]:45375"
I0530 18:26:23.125930       1 server.go:350] "Started kube-state-metrics self metrics server" telemetryAddress=":0"
I0530 18:26:23.125970       1 tls_config.go:347] "Listening on" address="[::]:36439"
I0530 18:26:23.125982       1 tls_config.go:350] "TLS is disabled." http2=false address="[::]:36439"
I0530 18:26:23.127680       1 metrics_handler.go:92] "Configuring sharding of this instance to be shard index (zero-indexed) out of total shards" shard=0 totalShards=0
I0530 18:26:23.134616       1 builder.go:283] "Active resources" activeStoreNames="certificatesigningrequests,configmaps,cronjobs,daemonsets,deployments,endpoints,horizontalpodautoscalers,ingresses,jobs,leases,limitranges,mutatingwebhookconfigurations,namespaces,networkpolicies,nodes,persistentvolumeclaims,persistentvolumes,poddisruptionbudgets,pods,replicasets,replicationcontrollers,resourcequotas,secrets,services,statefulsets,storageclasses,validatingwebhookconfigurations,volumeattachments"
ts=2025-05-30T18:26:32.974047753Z level=debug msg="Scrape failed" component_path=/ component_id=prometheus.scrape.kubestate scrape_pool=kubestate-metrics target=http://localhost:37425/metrics err="Get \"http://localhost:37425/metrics\": dial tcp [::1]:37425: connect: connection refused"
ts=2025-05-30T18:26:32.975536169Z level=info msg="Done replaying WAL" component_path=/ component_id=prometheus.remote_write.default subcomponent=rw remote_name=31d3bf url=http://mimir-distributor.mimir.svc.cluster.local:8080/api/v1/push duration=9.880818129s
ts=2025-05-30T18:26:33.098226294Z level=debug msg="runShard timer ticked, sending buffered data" component_path=/ component_id=prometheus.remote_write.default subcomponent=rw remote_name=31d3bf url=http://mimir-distributor.mimir.svc.cluster.local:8080/api/v1/push samples=5 exemplars=0 shard=0 histograms=0
ts=2025-05-30T18:26:40.573579048Z level=debug msg="dialed to in-memory listener"
ts=2025-05-30T18:26:40.573636256Z level=debug msg="accepted new in-memory connection"
ts=2025-05-30T18:26:43.093656133Z level=debug msg=QueueManager.calculateDesiredShards component_path=/ component_id=prometheus.remote_write.default subcomponent=rw remote_name=31d3bf url=http://mimir-distributor.mimir.svc.cluster.local:8080/api/v1/push dataInRate=7.120000000000001 dataOutRate=0.5 dataKeptRatio=1 dataPendingRate=6.620000000000001 dataPending=56.96000000000001 dataOutDuration=0.0015663084 timePerSample=0.0031326168 desiredShards=0.031225924262400003 highestSent=1.748629592e+09 highestRecv=1.7486296e+09
ts=2025-05-30T18:26:43.093732008Z level=debug msg=QueueManager.updateShardsLoop component_path=/ component_id=prometheus.remote_write.default subcomponent=rw remote_name=31d3bf url=http://mimir-distributor.mimir.svc.cluster.local:8080/api/v1/push lowerBound=0.7 desiredShards=0.031225924262400003 upperBound=1.3
ts=2025-05-30T18:26:43.115338508Z level=debug msg="runShard timer ticked, sending buffered data" component_path=/ component_id=prometheus.remote_write.default subcomponent=rw remote_name=31d3bf url=http://mimir-distributor.mimir.svc.cluster.local:8080/api/v1/push samples=336 exemplars=0 shard=0 histograms=0
ts=2025-05-30T18:26:53.093818054Z level=debug msg=QueueManager.calculateDesiredShards component_path=/ component_id=prometheus.remote_write.default subcomponent=rw remote_name=31d3bf url=http://mimir-distributor.mimir.svc.cluster.local:8080/api/v1/push dataInRate=5.696000000000001 dataOutRate=7.120000000000001 dataKeptRatio=1 dataPendingRate=-1.4240000000000004 dataPending=0 dataOutDuration=0.00136359922 timePerSample=0.00019151674438202244 desiredShards=0.001090879376 highestSent=1.7486296e+09 highestRecv=1.7486296e+09
ts=2025-05-30T18:26:53.093896804Z level=debug msg=QueueManager.updateShardsLoop component_path=/ component_id=prometheus.remote_write.default subcomponent=rw remote_name=31d3bf url=http://mimir-distributor.mimir.svc.cluster.local:8080/api/v1/push lowerBound=0.7 desiredShards=0.001090879376 upperBound=1.3
ts=2025-05-30T18:26:55.588917347Z level=debug msg="Watcher is reading the WAL due to timeout, haven't received any write notifications recently" component_path=/ component_id=prometheus.remote_write.default subcomponent=rw remote_name=31d3bf url=http://mimir-distributor.mimir.svc.cluster.local:8080/api/v1/push timeout=15s
ts=2025-05-30T18:27:03.092955642Z level=debug msg=QueueManager.calculateDesiredShards component_path=/ component_id=prometheus.remote_write.default subcomponent=rw remote_name=31d3bf url=http://mimir-distributor.mimir.svc.cluster.local:8080/api/v1/push dataInRate=4.556800000000001 dataOutRate=5.696000000000001 dataKeptRatio=1 dataPendingRate=-1.1391999999999998 dataPending=0 dataOutDuration=0.001090879376 timePerSample=0.00019151674438202244 desiredShards=0.0008727035008000001 highestSent=1.7486296e+09 highestRecv=1.7486296e+09
ts=2025-05-30T18:27:03.093026184Z level=debug msg=QueueManager.updateShardsLoop component_path=/ component_id=prometheus.remote_write.default subcomponent=rw remote_name=31d3bf url=http://mimir-distributor.mimir.svc.cluster.local:8080/api/v1/push lowerBound=0.7 desiredShards=0.0008727035008000001 upperBound=1.3
ts=2025-05-30T18:27:13.09346723Z level=debug msg=QueueManager.calculateDesiredShards component_path=/ component_id=prometheus.remote_write.default subcomponent=rw remote_name=31d3bf url=http://mimir-distributor.mimir.svc.cluster.local:8080/api/v1/push dataInRate=3.6454400000000007 dataOutRate=4.556800000000001 dataKeptRatio=1 dataPendingRate=-0.9113600000000002 dataPending=0 dataOutDuration=0.0008727035008 timePerSample=0.0001915167443820224 desiredShards=0.0006981628006399999 highestSent=1.7486296e+09 highestRecv=1.7486296e+09
ts=2025-05-30T18:27:13.093518438Z level=debug msg=QueueManager.updateShardsLoop component_path=/ component_id=prometheus.remote_write.default subcomponent=rw remote_name=31d3bf url=http://mimir-distributor.mimir.svc.cluster.local:8080/api/v1/push lowerBound=0.7 desiredShards=0.0006981628006399999 upperBound=1.3
ts=2025-05-30T18:27:23.09307761Z level=debug msg=QueueManager.calculateDesiredShards component_path=/ component_id=prometheus.remote_write.default subcomponent=rw remote_name=31d3bf url=http://mimir-distributor.mimir.svc.cluster.local:8080/api/v1/push dataInRate=2.9163520000000007 dataOutRate=3.6454400000000007 dataKeptRatio=1 dataPendingRate=-0.729088 dataPending=0 dataOutDuration=0.0006981628006399999 timePerSample=0.0001915167443820224 desiredShards=0.000558530240512 highestSent=1.7486296e+09 highestRecv=1.7486296e+09
ts=2025-05-30T18:27:23.093143818Z level=debug msg=QueueManager.updateShardsLoop component_path=/ component_id=prometheus.remote_write.default subcomponent=rw remote_name=31d3bf url=http://mimir-distributor.mimir.svc.cluster.local:8080/api/v1/push lowerBound=0.7 desiredShards=0.000558530240512 upperBound=1.3
ts=2025-05-30T18:27:32.975523531Z level=debug msg="Scrape failed" component_path=/ component_id=prometheus.scrape.kubestate scrape_pool=kubestate-metrics target=http://localhost:37425/metrics err="Get \"http://localhost:37425/metrics\": dial tcp [::1]:37425: connect: connection refused"
ts=2025-05-30T18:27:33.093602156Z level=debug msg=QueueManager.calculateDesiredShards component_path=/ component_id=prometheus.remote_write.default subcomponent=rw remote_name=31d3bf url=http://mimir-distributor.mimir.svc.cluster.local:8080/api/v1/push dataInRate=2.4330816000000004 dataOutRate=2.9163520000000007 dataKeptRatio=1 dataPendingRate=-0.4832704000000003 dataPending=126.52024320000002 dataOutDuration=0.000558530240512 timePerSample=0.0001915167443820224 desiredShards=0.001677513120652088 highestSent=1.7486296e+09 highestRecv=1.748629652e+09
ts=2025-05-30T18:27:33.093652281Z level=debug msg=QueueManager.updateShardsLoop component_path=/ component_id=prometheus.remote_write.default subcomponent=rw remote_name=31d3bf url=http://mimir-distributor.mimir.svc.cluster.local:8080/api/v1/push lowerBound=0.7 desiredShards=0.001677513120652088 upperBound=1.3
ts=2025-05-30T18:27:33.127056781Z level=debug msg="runShard timer ticked, sending buffered data" component_path=/ component_id=prometheus.remote_write.default subcomponent=rw remote_name=31d3bf url=http://mimir-distributor.mimir.svc.cluster.local:8080/api/v1/push samples=5 exemplars=0 shard=0 histograms=0
ts=2025-05-30T18:27:43.093252953Z level=debug msg=QueueManager.calculateDesiredShards component_path=/ component_id=prometheus.remote_write.default subcomponent=rw remote_name=31d3bf url=http://mimir-distributor.mimir.svc.cluster.local:8080/api/v1/push dataInRate=8.94646528 dataOutRate=2.4330816000000004 dataKeptRatio=1 dataPendingRate=6.51338368 dataPending=71.57172224 dataOutDuration=0.0004957333724096 timePerSample=0.00020374712151437907 desiredShards=0.0025519431679396666 highestSent=1.748629652e+09 highestRecv=1.74862966e+09
ts=2025-05-30T18:27:43.093311578Z level=debug msg=QueueManager.updateShardsLoop component_path=/ component_id=prometheus.remote_write.default subcomponent=rw remote_name=31d3bf url=http://mimir-distributor.mimir.svc.cluster.local:8080/api/v1/push lowerBound=0.7 desiredShards=0.0025519431679396666 upperBound=1.3
ts=2025-05-30T18:27:43.130995578Z level=debug msg="runShard timer ticked, sending buffered data" component_path=/ component_id=prometheus.remote_write.default subcomponent=rw remote_name=31d3bf url=http://mimir-distributor.mimir.svc.cluster.local:8080/api/v1/push samples=350 exemplars=0 shard=0 histograms=0
ts=2025-05-30T18:27:53.093686458Z level=debug msg=QueueManager.calculateDesiredShards component_path=/ component_id=prometheus.remote_write.default subcomponent=rw remote_name=31d3bf url=http://mimir-distributor.mimir.svc.cluster.local:8080/api/v1/push dataInRate=7.157172224 dataOutRate=8.94646528 dataKeptRatio=1 dataPendingRate=-1.789293056 dataPending=0 dataOutDuration=0.00046383337792767996 timePerSample=5.1845434304047284e-05 desiredShards=0.000371066702342144 highestSent=1.74862966e+09 highestRecv=1.74862966e+09
ts=2025-05-30T18:27:53.093726083Z level=debug msg=QueueManager.updateShardsLoop component_path=/ component_id=prometheus.remote_write.default subcomponent=rw remote_name=31d3bf url=http://mimir-distributor.mimir.svc.cluster.local:8080/api/v1/push lowerBound=0.7 desiredShards=0.000371066702342144 upperBound=1.3
ts=2025-05-30T18:28:03.093702629Z level=debug msg=QueueManager.calculateDesiredShards component_path=/ component_id=prometheus.remote_write.default subcomponent=rw remote_name=31d3bf url=http://mimir-distributor.mimir.svc.cluster.local:8080/api/v1/push dataInRate=5.7257377792 dataOutRate=7.157172224 dataKeptRatio=1 dataPendingRate=-1.4314344447999998 dataPending=0 dataOutDuration=0.000371066702342144 timePerSample=5.1845434304047284e-05 desiredShards=0.0002968533618737152 highestSent=1.74862966e+09 highestRecv=1.74862966e+09
ts=2025-05-30T18:28:03.093742379Z level=debug msg=QueueManager.updateShardsLoop component_path=/ component_id=prometheus.remote_write.default subcomponent=rw remote_name=31d3bf url=http://mimir-distributor.mimir.svc.cluster.local:8080/api/v1/push lowerBound=0.7 desiredShards=0.0002968533618737152 upperBound=1.3
ts=2025-05-30T18:28:10.579744091Z level=debug msg="Watcher is reading the WAL due to timeout, haven't received any write notifications recently" component_path=/ component_id=prometheus.remote_write.default subcomponent=rw remote_name=31d3bf url=http://mimir-distributor.mimir.svc.cluster.local:8080/api/v1/push timeout=15s
ts=2025-05-30T18:28:13.093718342Z level=debug msg=QueueManager.calculateDesiredShards component_path=/ component_id=prometheus.remote_write.default subcomponent=rw remote_name=31d3bf url=http://mimir-distributor.mimir.svc.cluster.local:8080/api/v1/push dataInRate=4.58059022336 dataOutRate=5.7257377792 dataKeptRatio=1 dataPendingRate=-1.1451475558400004 dataPending=0 dataOutDuration=0.0002968533618737152 timePerSample=5.1845434304047284e-05 desiredShards=0.00023748268949897215 highestSent=1.74862966e+09 highestRecv=1.74862966e+09
ts=2025-05-30T18:28:13.0937743Z level=debug msg=QueueManager.updateShardsLoop component_path=/ component_id=prometheus.remote_write.default subcomponent=rw remote_name=31d3bf url=http://mimir-distributor.mimir.svc.cluster.local:8080/api/v1/push lowerBound=0.7 desiredShards=0.00023748268949897215 upperBound=1.3
ts=2025-05-30T18:28:23.093990472Z level=debug msg=QueueManager.calculateDesiredShards component_path=/ component_id=prometheus.remote_write.default subcomponent=rw remote_name=31d3bf url=http://mimir-distributor.mimir.svc.cluster.local:8080/api/v1/push dataInRate=3.664472178688 dataOutRate=4.58059022336 dataKeptRatio=1 dataPendingRate=-0.9161180446719999 dataPending=0 dataOutDuration=0.00023748268949897215 timePerSample=5.1845434304047284e-05 desiredShards=0.00018998615159917772 highestSent=1.74862966e+09 highestRecv=1.74862966e+09
ts=2025-05-30T18:28:23.094034639Z level=debug msg=QueueManager.updateShardsLoop component_path=/ component_id=prometheus.remote_write.default subcomponent=rw remote_name=31d3bf url=http://mimir-distributor.mimir.svc.cluster.local:8080/api/v1/push lowerBound=0.7 desiredShards=0.00018998615159917772 upperBound=1.3
ts=2025-05-30T18:28:32.974617352Z level=debug msg="Scrape failed" component_path=/ component_id=prometheus.scrape.kubestate scrape_pool=kubestate-metrics target=http://localhost:37425/metrics err="Get \"http://localhost:37425/metrics\": dial tcp [::1]:37425: connect: connection refused"
ts=2025-05-30T18:28:33.094359852Z level=debug msg=QueueManager.calculateDesiredShards component_path=/ component_id=prometheus.remote_write.default subcomponent=rw remote_name=31d3bf url=http://mimir-distributor.mimir.svc.cluster.local:8080/api/v1/push dataInRate=3.0315777429504 dataOutRate=3.664472178688 dataKeptRatio=1 dataPendingRate=-0.6328944357376001 dataPending=157.6420426334208 dataOutDuration=0.00018998615159917772 timePerSample=5.1845434304047284e-05 desiredShards=0.0005658244729550889 highestSent=1.74862966e+09 highestRecv=1.748629712e+09
ts=2025-05-30T18:28:33.094477935Z level=debug msg=QueueManager.updateShardsLoop component_path=/ component_id=prometheus.remote_write.default subcomponent=rw remote_name=31d3bf url=http://mimir-distributor.mimir.svc.cluster.local:8080/api/v1/push lowerBound=0.7 desiredShards=0.0005658244729550889 upperBound=1.3
ts=2025-05-30T18:28:33.138597602Z level=debug msg="runShard timer ticked, sending buffered data" component_path=/ component_id=prometheus.remote_write.default subcomponent=rw remote_name=31d3bf url=http://mimir-distributor.mimir.svc.cluster.local:8080/api/v1/push samples=5 exemplars=0 shard=0 histograms=0
ts=2025-05-30T18:28:43.093516731Z level=debug msg=QueueManager.calculateDesiredShards component_path=/ component_id=prometheus.remote_write.default subcomponent=rw remote_name=31d3bf url=http://mimir-distributor.mimir.svc.cluster.local:8080/api/v1/push dataInRate=9.42526219436032 dataOutRate=3.0315777429504 dataKeptRatio=1 dataPendingRate=6.39368445140992 dataPending=75.40209755488256 dataOutDuration=0.00019427808127934218 timePerSample=6.408480921563515e-05 desiredShards=0.0008456225813460878 highestSent=1.748629712e+09 highestRecv=1.74862972e+09
ts=2025-05-30T18:28:43.094637523Z level=debug msg=QueueManager.updateShardsLoop component_path=/ component_id=prometheus.remote_write.default subcomponent=rw remote_name=31d3bf url=http://mimir-distributor.mimir.svc.cluster.local:8080/api/v1/push lowerBound=0.7 desiredShards=0.0008456225813460878 upperBound=1.3
ts=2025-05-30T18:28:43.143775648Z level=debug msg="runShard timer ticked, sending buffered data" component_path=/ component_id=prometheus.remote_write.default subcomponent=rw remote_name=31d3bf url=http://mimir-distributor.mimir.svc.cluster.local:8080/api/v1/push samples=350 exemplars=0 shard=0 histograms=0
ts=2025-05-30T18:28:53.093735195Z level=debug msg=QueueManager.calculateDesiredShards component_path=/ component_id=prometheus.remote_write.default subcomponent=rw remote_name=31d3bf url=http://mimir-distributor.mimir.svc.cluster.local:8080/api/v1/push dataInRate=7.540209755488256 dataOutRate=9.42526219436032 dataKeptRatio=1 dataPendingRate=-1.885052438872064 dataPending=0 dataOutDuration=0.0006849549650234739 timePerSample=7.267224517460342e-05 desiredShards=0.0005479639720187791 highestSent=1.74862972e+09 highestRecv=1.74862972e+09
ts=2025-05-30T18:28:53.093792695Z level=debug msg=QueueManager.updateShardsLoop component_path=/ component_id=prometheus.remote_write.default subcomponent=rw remote_name=31d3bf url=http://mimir-distributor.mimir.svc.cluster.local:8080/api/v1/push lowerBound=0.7 desiredShards=0.0005479639720187791 upperBound=1.3
ts=2025-05-30T18:29:03.093804033Z level=debug msg=QueueManager.calculateDesiredShards component_path=/ component_id=prometheus.remote_write.default subcomponent=rw remote_name=31d3bf url=http://mimir-distributor.mimir.svc.cluster.local:8080/api/v1/push dataInRate=6.032167804390605 dataOutRate=7.540209755488256 dataKeptRatio=1 dataPendingRate=-1.5080419510976508 dataPending=0 dataOutDuration=0.000547963972018779 timePerSample=7.267224517460341e-05 desiredShards=0.0004383711776150232 highestSent=1.74862972e+09 highestRecv=1.74862972e+09
ts=2025-05-30T18:29:03.093852741Z level=debug msg=QueueManager.updateShardsLoop component_path=/ component_id=prometheus.remote_write.default subcomponent=rw remote_name=31d3bf url=http://mimir-distributor.mimir.svc.cluster.local:8080/api/v1/push lowerBound=0.7 desiredShards=0.0004383711776150232 upperBound=1.3
ts=2025-05-30T18:29:10.590108245Z level=debug msg="Watcher is reading the WAL due to timeout, haven't received any write notifications recently" component_path=/ component_id=prometheus.remote_write.default subcomponent=rw remote_name=31d3bf url=http://mimir-distributor.mimir.svc.cluster.local:8080/api/v1/push timeout=15s
ts=2025-05-30T18:29:13.093921829Z level=debug msg=QueueManager.calculateDesiredShards component_path=/ component_id=prometheus.remote_write.default subcomponent=rw remote_name=31d3bf url=http://mimir-distributor.mimir.svc.cluster.local:8080/api/v1/push dataInRate=4.825734243512484 dataOutRate=6.032167804390605 dataKeptRatio=1 dataPendingRate=-1.2064335608781214 dataPending=0 dataOutDuration=0.00043837117761502323 timePerSample=7.267224517460341e-05 desiredShards=0.00035069694209201855 highestSent=1.74862972e+09 highestRecv=1.74862972e+09
ts=2025-05-30T18:29:13.093973037Z level=debug msg=QueueManager.updateShardsLoop component_path=/ component_id=prometheus.remote_write.default subcomponent=rw remote_name=31d3bf url=http://mimir-distributor.mimir.svc.cluster.local:8080/api/v1/push lowerBound=0.7 desiredShards=0.00035069694209201855 upperBound=1.3
ts=2025-05-30T18:29:22.621114042Z level=info msg="reload requested via /-/reload endpoint" service=http
ts=2025-05-30T18:29:22.621721792Z level=info msg="starting complete graph evaluation" controller_path=/ controller_id="" trace_id=51991cb9a099dffd19cdbecbc0b80992
ts=2025-05-30T18:29:22.621945167Z level=info msg="finished node evaluation" controller_path=/ controller_id="" trace_id=51991cb9a099dffd19cdbecbc0b80992 node_id=prometheus.exporter.kubestate.kubestate duration=176.166µs
ts=2025-05-30T18:29:22.621977792Z level=info msg="finished node evaluation" controller_path=/ controller_id="" trace_id=51991cb9a099dffd19cdbecbc0b80992 node_id=tracing duration=4.625µs
ts=2025-05-30T18:29:22.622019375Z level=info msg="finished node evaluation" controller_path=/ controller_id="" trace_id=51991cb9a099dffd19cdbecbc0b80992 node_id=remotecfg duration=36.791µs
ts=2025-05-30T18:29:22.622054709Z level=info msg="finished node evaluation" controller_path=/ controller_id="" trace_id=51991cb9a099dffd19cdbecbc0b80992 node_id=http duration=13.791µs
ts=2025-05-30T18:29:22.622060209Z level=info msg="finished node evaluation" controller_path=/ controller_id="" trace_id=51991cb9a099dffd19cdbecbc0b80992 node_id=cluster duration=792ns
ts=2025-05-30T18:29:22.622086875Z level=info msg="finished node evaluation" controller_path=/ controller_id="" trace_id=51991cb9a099dffd19cdbecbc0b80992 node_id=livedebugging duration=11.375µs
ts=2025-05-30T18:29:22.622100459Z level=info msg="finished node evaluation" controller_path=/ controller_id="" trace_id=51991cb9a099dffd19cdbecbc0b80992 node_id=ui duration=1.166µs
ts=2025-05-30T18:29:22.622108917Z level=info msg="finished node evaluation" controller_path=/ controller_id="" trace_id=51991cb9a099dffd19cdbecbc0b80992 node_id=labelstore duration=4.542µs
ts=2025-05-30T18:29:22.623280834Z level=info msg="finished node evaluation" controller_path=/ controller_id="" trace_id=51991cb9a099dffd19cdbecbc0b80992 node_id=prometheus.remote_write.default duration=1.13225ms
ts=2025-05-30T18:29:22.623495Z level=info msg="finished node evaluation" controller_path=/ controller_id="" trace_id=51991cb9a099dffd19cdbecbc0b80992 node_id=prometheus.scrape.kubestate duration=186.042µs
ts=2025-05-30T18:29:22.623524125Z level=info msg="finished node evaluation" controller_path=/ controller_id="" trace_id=51991cb9a099dffd19cdbecbc0b80992 node_id=prometheus.exporter.self.default duration=9.417µs
ts=2025-05-30T18:29:22.623551875Z level=info msg="finished node evaluation" controller_path=/ controller_id="" trace_id=51991cb9a099dffd19cdbecbc0b80992 node_id=prometheus.scrape.alloymetrics duration=17.25µs
ts=2025-05-30T18:29:22.6236015Z level=info msg="finished node evaluation" controller_path=/ controller_id="" trace_id=51991cb9a099dffd19cdbecbc0b80992 node_id=logging duration=31.208µs
ts=2025-05-30T18:29:22.623616625Z level=info msg="finished node evaluation" controller_path=/ controller_id="" trace_id=51991cb9a099dffd19cdbecbc0b80992 node_id=otel duration=2.542µs
ts=2025-05-30T18:29:22.623621584Z level=info msg="finished complete graph evaluation" controller_path=/ controller_id="" trace_id=51991cb9a099dffd19cdbecbc0b80992 duration=2.094916ms
ts=2025-05-30T18:29:22.623645709Z level=info msg="config reloaded" service=http
ts=2025-05-30T18:29:22.623721709Z level=info msg="scheduling loaded components and services"
ts=2025-05-30T18:29:23.09314375Z level=debug msg=QueueManager.calculateDesiredShards component_path=/ component_id=prometheus.remote_write.default subcomponent=rw remote_name=31d3bf url=http://mimir-distributor.mimir.svc.cluster.local:8080/api/v1/push dataInRate=3.8605873948099867 dataOutRate=4.825734243512484 dataKeptRatio=1 dataPendingRate=-0.965146848702497 dataPending=0 dataOutDuration=0.00035069694209201855 timePerSample=7.267224517460341e-05 desiredShards=0.0002805575536736148 highestSent=1.74862972e+09 highestRecv=1.74862972e+09
ts=2025-05-30T18:29:23.093200375Z level=debug msg=QueueManager.updateShardsLoop component_path=/ component_id=prometheus.remote_write.default subcomponent=rw remote_name=31d3bf url=http://mimir-distributor.mimir.svc.cluster.local:8080/api/v1/push lowerBound=0.7 desiredShards=0.0002805575536736148 upperBound=1.3
ts=2025-05-30T18:29:32.975495214Z level=debug msg="Scrape failed" component_path=/ component_id=prometheus.scrape.kubestate scrape_pool=kubestate-metrics target=http://localhost:37425/metrics err="Get \"http://localhost:37425/metrics\": dial tcp [::1]:37425: connect: connection refused"
ts=2025-05-30T18:29:33.093248339Z level=debug msg=QueueManager.calculateDesiredShards component_path=/ component_id=prometheus.remote_write.default subcomponent=rw remote_name=31d3bf url=http://mimir-distributor.mimir.svc.cluster.local:8080/api/v1/push dataInRate=3.1884699158479894 dataOutRate=3.8605873948099867 dataKeptRatio=1 dataPendingRate=-0.6721174789619973 dataPending=165.80043562409546 dataOutDuration=0.00028055755367361484 timePerSample=7.267224517460342e-05 desiredShards=0.000834167762842868 highestSent=1.74862972e+09 highestRecv=1.748629772e+09
ts=2025-05-30T18:29:33.093305505Z level=debug msg=QueueManager.updateShardsLoop component_path=/ component_id=prometheus.remote_write.default subcomponent=rw remote_name=31d3bf url=http://mimir-distributor.mimir.svc.cluster.local:8080/api/v1/push lowerBound=0.7 desiredShards=0.000834167762842868 upperBound=1.3
ts=2025-05-30T18:29:33.17683763Z level=debug msg="runShard timer ticked, sending buffered data" component_path=/ component_id=prometheus.remote_write.default subcomponent=rw remote_name=31d3bf url=http://mimir-distributor.mimir.svc.cluster.local:8080/api/v1/push samples=5 exemplars=0 shard=0 histograms=0
ts=2025-05-30T18:29:43.093650343Z level=debug msg=QueueManager.calculateDesiredShards component_path=/ component_id=prometheus.remote_write.default subcomponent=rw remote_name=31d3bf url=http://mimir-distributor.mimir.svc.cluster.local:8080/api/v1/push dataInRate=9.550775932678391 dataOutRate=3.1884699158479894 dataKeptRatio=1 dataPendingRate=6.362306016830402 dataPending=76.40620746142713 dataOutDuration=0.00030619354293889194 timePerSample=9.60314981856927e-05 desiredShards=0.0012840454503113472 highestSent=1.748629772e+09 highestRecv=1.74862978e+09
ts=2025-05-30T18:29:43.093706927Z level=debug msg=QueueManager.updateShardsLoop component_path=/ component_id=prometheus.remote_write.default subcomponent=rw remote_name=31d3bf url=http://mimir-distributor.mimir.svc.cluster.local:8080/api/v1/push lowerBound=0.7 desiredShards=0.0012840454503113472 upperBound=1.3
ts=2025-05-30T18:29:43.182359093Z level=debug msg="runShard timer ticked, sending buffered data" component_path=/ component_id=prometheus.remote_write.default subcomponent=rw remote_name=31d3bf url=http://mimir-distributor.mimir.svc.cluster.local:8080/api/v1/push samples=350 exemplars=0 shard=0 histograms=0
ts=2025-05-30T18:29:53.093830015Z level=debug msg=QueueManager.calculateDesiredShards component_path=/ component_id=prometheus.remote_write.default subcomponent=rw remote_name=31d3bf url=http://mimir-distributor.mimir.svc.cluster.local:8080/api/v1/push dataInRate=7.640620746142713 dataOutRate=9.550775932678391 dataKeptRatio=1 dataPendingRate=-1.910155186535678 dataPending=0 dataOutDuration=0.0003155439943511135 timePerSample=3.3038571585735365e-05 desiredShards=0.00025243519548089077 highestSent=1.74862978e+09 highestRecv=1.74862978e+09
ts=2025-05-30T18:29:53.093876348Z level=debug msg=QueueManager.updateShardsLoop component_path=/ component_id=prometheus.remote_write.default subcomponent=rw remote_name=31d3bf url=http://mimir-distributor.mimir.svc.cluster.local:8080/api/v1/push lowerBound=0.7 desiredShards=0.00025243519548089077 upperBound=1.3
ts=2025-05-30T18:30:03.09295177Z level=debug msg=QueueManager.calculateDesiredShards component_path=/ component_id=prometheus.remote_write.default subcomponent=rw remote_name=31d3bf url=http://mimir-distributor.mimir.svc.cluster.local:8080/api/v1/push dataInRate=6.112496596914171 dataOutRate=7.640620746142713 dataKeptRatio=1 dataPendingRate=-1.5281241492285424 dataPending=0 dataOutDuration=0.0002524351954808908 timePerSample=3.303857158573537e-05 desiredShards=0.0002019481563847127 highestSent=1.74862978e+09 highestRecv=1.74862978e+09
ts=2025-05-30T18:30:03.093031728Z level=debug msg=QueueManager.updateShardsLoop component_path=/ component_id=prometheus.remote_write.default subcomponent=rw remote_name=31d3bf url=http://mimir-distributor.mimir.svc.cluster.local:8080/api/v1/push lowerBound=0.7 desiredShards=0.0002019481563847127 upperBound=1.3
ts=2025-05-30T18:30:13.093955108Z level=debug msg=QueueManager.calculateDesiredShards component_path=/ component_id=prometheus.remote_write.default subcomponent=rw remote_name=31d3bf url=http://mimir-distributor.mimir.svc.cluster.local:8080/api/v1/push dataInRate=4.889997277531337 dataOutRate=6.112496596914171 dataKeptRatio=1 dataPendingRate=-1.222499319382834 dataPending=0 dataOutDuration=0.00020194815638471263 timePerSample=3.3038571585735365e-05 desiredShards=0.0001615585251077701 highestSent=1.74862978e+09 highestRecv=1.74862978e+09
ts=2025-05-30T18:30:13.094025441Z level=debug msg=QueueManager.updateShardsLoop component_path=/ component_id=prometheus.remote_write.default subcomponent=rw remote_name=31d3bf url=http://mimir-distributor.mimir.svc.cluster.local:8080/api/v1/push lowerBound=0.7 desiredShards=0.0001615585251077701 upperBound=1.3
ts=2025-05-30T18:30:23.094135946Z level=debug msg=QueueManager.calculateDesiredShards component_path=/ component_id=prometheus.remote_write.default subcomponent=rw remote_name=31d3bf url=http://mimir-distributor.mimir.svc.cluster.local:8080/api/v1/push dataInRate=3.9119978220250693 dataOutRate=4.889997277531337 dataKeptRatio=1 dataPendingRate=-0.9779994555062674 dataPending=0 dataOutDuration=0.0001615585251077701 timePerSample=3.3038571585735365e-05 desiredShards=0.00012924682008621607 highestSent=1.74862978e+09 highestRecv=1.74862978e+09
ts=2025-05-30T18:30:23.094199446Z level=debug msg=QueueManager.updateShardsLoop component_path=/ component_id=prometheus.remote_write.default subcomponent=rw remote_name=31d3bf url=http://mimir-distributor.mimir.svc.cluster.local:8080/api/v1/push lowerBound=0.7 desiredShards=0.00012924682008621607 upperBound=1.3
ts=2025-05-30T18:30:25.580948072Z level=debug msg="Watcher is reading the WAL due to timeout, haven't received any write notifications recently" component_path=/ component_id=prometheus.remote_write.default subcomponent=rw remote_name=31d3bf url=http://mimir-distributor.mimir.svc.cluster.local:8080/api/v1/push timeout=15s
ts=2025-05-30T18:30:32.974491242Z level=debug msg="Scrape failed" component_path=/ component_id=prometheus.scrape.kubestate scrape_pool=kubestate-metrics target=http://localhost:37425/metrics err="Get \"http://localhost:37425/metrics\": dial tcp [::1]:37425: connect: connection refused"
ts=2025-05-30T18:30:33.093874909Z level=debug msg=QueueManager.calculateDesiredShards component_path=/ component_id=prometheus.remote_write.default subcomponent=rw remote_name=31d3bf url=http://mimir-distributor.mimir.svc.cluster.local:8080/api/v1/push dataInRate=3.2295982576200553 dataOutRate=3.9119978220250693 dataKeptRatio=1 dataPendingRate=-0.682399564405014 dataPending=167.93910939624288 dataOutDuration=0.0001292468200862161 timePerSample=3.303857158573537e-05 desiredShards=0.00038412472761916713 highestSent=1.74862978e+09 highestRecv=1.748629832e+09
ts=2025-05-30T18:30:33.093935034Z level=debug msg=QueueManager.updateShardsLoop component_path=/ component_id=prometheus.remote_write.default subcomponent=rw remote_name=31d3bf url=http://mimir-distributor.mimir.svc.cluster.local:8080/api/v1/push lowerBound=0.7 desiredShards=0.00038412472761916713 upperBound=1.3
ts=2025-05-30T18:30:33.191766784Z level=debug msg="runShard timer ticked, sending buffered data" component_path=/ component_id=prometheus.remote_write.default subcomponent=rw remote_name=31d3bf url=http://mimir-distributor.mimir.svc.cluster.local:8080/api/v1/push samples=5 exemplars=0 shard=0 histograms=0
ts=2025-05-30T18:30:43.09298758Z level=debug msg=QueueManager.calculateDesiredShards component_path=/ component_id=prometheus.remote_write.default subcomponent=rw remote_name=31d3bf url=http://mimir-distributor.mimir.svc.cluster.local:8080/api/v1/push dataInRate=9.583678606096045 dataOutRate=3.2295982576200553 dataKeptRatio=1 dataPendingRate=6.35408034847599 dataPending=76.66942884876836 dataOutDuration=0.0001392224560689729 timePerSample=4.310828931755996e-05 desiredShards=0.0005783903861093373 highestSent=1.748629832e+09 highestRecv=1.74862984e+09
ts=2025-05-30T18:30:43.093031705Z level=debug msg=QueueManager.updateShardsLoop component_path=/ component_id=prometheus.remote_write.default subcomponent=rw remote_name=31d3bf url=http://mimir-distributor.mimir.svc.cluster.local:8080/api/v1/push lowerBound=0.7 desiredShards=0.0005783903861093373 upperBound=1.3
ts=2025-05-30T18:30:43.19469458Z level=debug msg="runShard timer ticked, sending buffered data" component_path=/ component_id=prometheus.remote_write.default subcomponent=rw remote_name=31d3bf url=http://mimir-distributor.mimir.svc.cluster.local:8080/api/v1/push samples=350 exemplars=0 shard=0 histograms=0
ts=2025-05-30T18:30:53.093281877Z level=debug msg=QueueManager.calculateDesiredShards component_path=/ component_id=prometheus.remote_write.default subcomponent=rw remote_name=31d3bf url=http://mimir-distributor.mimir.svc.cluster.local:8080/api/v1/push dataInRate=7.666942884876836 dataOutRate=9.583678606096045 dataKeptRatio=1 dataPendingRate=-1.9167357212192089 dataPending=0 dataOutDuration=0.0001808713048551783 timePerSample=1.887284750347623e-05 desiredShards=0.00014469704388414266 highestSent=1.74862984e+09 highestRecv=1.74862984e+09
ts=2025-05-30T18:30:53.093440585Z level=debug msg=QueueManager.updateShardsLoop component_path=/ component_id=prometheus.remote_write.default subcomponent=rw remote_name=31d3bf url=http://mimir-distributor.mimir.svc.cluster.local:8080/api/v1/push lowerBound=0.7 desiredShards=0.00014469704388414266 upperBound=1.3
ts=2025-05-30T18:31:03.093302465Z level=debug msg=QueueManager.calculateDesiredShards component_path=/ component_id=prometheus.remote_write.default subcomponent=rw remote_name=31d3bf url=http://mimir-distributor.mimir.svc.cluster.local:8080/api/v1/push dataInRate=6.133554307901469 dataOutRate=7.666942884876836 dataKeptRatio=1 dataPendingRate=-1.5333885769753675 dataPending=0 dataOutDuration=0.00014469704388414266 timePerSample=1.887284750347623e-05 desiredShards=0.00011575763510731411 highestSent=1.74862984e+09 highestRecv=1.74862984e+09
ts=2025-05-30T18:31:03.093367423Z level=debug msg=QueueManager.updateShardsLoop component_path=/ component_id=prometheus.remote_write.default subcomponent=rw remote_name=31d3bf url=http://mimir-distributor.mimir.svc.cluster.local:8080/api/v1/push lowerBound=0.7 desiredShards=0.00011575763510731411 upperBound=1.3
ts=2025-05-30T18:31:13.093405511Z level=debug msg=QueueManager.calculateDesiredShards component_path=/ component_id=prometheus.remote_write.default subcomponent=rw remote_name=31d3bf url=http://mimir-distributor.mimir.svc.cluster.local:8080/api/v1/push dataInRate=4.906843446321175 dataOutRate=6.133554307901469 dataKeptRatio=1 dataPendingRate=-1.226710861580294 dataPending=0 dataOutDuration=0.00011575763510731411 timePerSample=1.887284750347623e-05 desiredShards=9.260610808585129e-05 highestSent=1.74862984e+09 highestRecv=1.74862984e+09
ts=2025-05-30T18:31:13.09346522Z level=debug msg=QueueManager.updateShardsLoop component_path=/ component_id=prometheus.remote_write.default subcomponent=rw remote_name=31d3bf url=http://mimir-distributor.mimir.svc.cluster.local:8080/api/v1/push lowerBound=0.7 desiredShards=9.260610808585129e-05 upperBound=1.3
ts=2025-05-30T18:31:23.093054558Z level=debug msg=QueueManager.calculateDesiredShards component_path=/ component_id=prometheus.remote_write.default subcomponent=rw remote_name=31d3bf url=http://mimir-distributor.mimir.svc.cluster.local:8080/api/v1/push dataInRate=3.9254747570569397 dataOutRate=4.906843446321175 dataKeptRatio=1 dataPendingRate=-0.9813686892642353 dataPending=0 dataOutDuration=9.260610808585129e-05 timePerSample=1.887284750347623e-05 desiredShards=7.408488646868103e-05 highestSent=1.74862984e+09 highestRecv=1.74862984e+09
ts=2025-05-30T18:31:23.093118099Z level=debug msg=QueueManager.updateShardsLoop component_path=/ component_id=prometheus.remote_write.default subcomponent=rw remote_name=31d3bf url=http://mimir-distributor.mimir.svc.cluster.local:8080/api/v1/push lowerBound=0.7 desiredShards=7.408488646868103e-05 upperBound=1.3
ts=2025-05-30T18:31:32.976126437Z level=debug msg="Scrape failed" component_path=/ component_id=prometheus.scrape.kubestate scrape_pool=kubestate-metrics target=http://localhost:37425/metrics err="Get \"http://localhost:37425/metrics\": dial tcp [::1]:37425: connect: connection refused"
ts=2025-05-30T18:31:33.093883729Z level=debug msg=QueueManager.calculateDesiredShards component_path=/ component_id=prometheus.remote_write.default subcomponent=rw remote_name=31d3bf url=http://mimir-distributor.mimir.svc.cluster.local:8080/api/v1/push dataInRate=3.240379805645552 dataOutRate=3.9254747570569397 dataKeptRatio=1 dataPendingRate=-0.6850949514113878 dataPending=168.4997498935687 dataOutDuration=7.408488646868103e-05 timePerSample=1.887284750347623e-05 desiredShards=0.0002201586981310528 highestSent=1.74862984e+09 highestRecv=1.748629892e+09
ts=2025-05-30T18:31:33.093940687Z level=debug msg=QueueManager.updateShardsLoop component_path=/ component_id=prometheus.remote_write.default subcomponent=rw remote_name=31d3bf url=http://mimir-distributor.mimir.svc.cluster.local:8080/api/v1/push lowerBound=0.7 desiredShards=0.0002201586981310528 upperBound=1.3
ts=2025-05-30T18:31:33.205759063Z level=debug msg="runShard timer ticked, sending buffered data" component_path=/ component_id=prometheus.remote_write.default subcomponent=rw remote_name=31d3bf url=http://mimir-distributor.mimir.svc.cluster.local:8080/api/v1/push samples=5 exemplars=0 shard=0 histograms=0
ts=2025-05-30T18:31:43.093882484Z level=debug msg=QueueManager.calculateDesiredShards component_path=/ component_id=prometheus.remote_write.default subcomponent=rw remote_name=31d3bf url=http://mimir-distributor.mimir.svc.cluster.local:8080/api/v1/push dataInRate=9.592303844516442 dataOutRate=3.240379805645552 dataKeptRatio=1 dataPendingRate=6.35192403887089 dataPending=76.73843075613154 dataOutDuration=0.00012070124917494482 timePerSample=3.7249105479750573e-05 desiredShards=0.0005002266327774938 highestSent=1.748629892e+09 highestRecv=1.7486299e+09
ts=2025-05-30T18:31:43.094035067Z level=debug msg=QueueManager.updateShardsLoop component_path=/ component_id=prometheus.remote_write.default subcomponent=rw remote_name=31d3bf url=http://mimir-distributor.mimir.svc.cluster.local:8080/api/v1/push lowerBound=0.7 desiredShards=0.0005002266327774938 upperBound=1.3
ts=2025-05-30T18:31:43.210735776Z level=debug msg="runShard timer ticked, sending buffered data" component_path=/ component_id=prometheus.remote_write.default subcomponent=rw remote_name=31d3bf url=http://mimir-distributor.mimir.svc.cluster.local:8080/api/v1/push samples=350 exemplars=0 shard=0 histograms=0
ts=2025-05-30T18:31:53.093763322Z level=debug msg=QueueManager.calculateDesiredShards component_path=/ component_id=prometheus.remote_write.default subcomponent=rw remote_name=31d3bf url=http://mimir-distributor.mimir.svc.cluster.local:8080/api/v1/push dataInRate=7.673843075613154 dataOutRate=9.592303844516442 dataKeptRatio=1 dataPendingRate=-1.9184607689032882 dataPending=0 dataOutDuration=0.00019287181933995586 timePerSample=2.0106933898910364e-05 desiredShards=0.00015429745547196469 highestSent=1.7486299e+09 highestRecv=1.7486299e+09
ts=2025-05-30T18:31:53.09380053Z level=debug msg=QueueManager.updateShardsLoop component_path=/ component_id=prometheus.remote_write.default subcomponent=rw remote_name=31d3bf url=http://mimir-distributor.mimir.svc.cluster.local:8080/api/v1/push lowerBound=0.7 desiredShards=0.00015429745547196469 upperBound=1.3
ts=2025-05-30T18:31:55.581792282Z level=debug msg="Watcher is reading the WAL due to timeout, haven't received any write notifications recently" component_path=/ component_id=prometheus.remote_write.default subcomponent=rw remote_name=31d3bf url=http://mimir-distributor.mimir.svc.cluster.local:8080/api/v1/push timeout=15s
ts=2025-05-30T18:32:03.094084785Z level=debug msg=QueueManager.calculateDesiredShards component_path=/ component_id=prometheus.remote_write.default subcomponent=rw remote_name=31d3bf url=http://mimir-distributor.mimir.svc.cluster.local:8080/api/v1/push dataInRate=6.139074460490523 dataOutRate=7.673843075613154 dataKeptRatio=1 dataPendingRate=-1.5347686151226307 dataPending=0 dataOutDuration=0.00015429745547196469 timePerSample=2.0106933898910364e-05 desiredShards=0.00012343796437757175 highestSent=1.7486299e+09 highestRecv=1.7486299e+09
ts=2025-05-30T18:32:03.094115327Z level=debug msg=QueueManager.updateShardsLoop component_path=/ component_id=prometheus.remote_write.default subcomponent=rw remote_name=31d3bf url=http://mimir-distributor.mimir.svc.cluster.local:8080/api/v1/push lowerBound=0.7 desiredShards=0.00012343796437757175 upperBound=1.3
ts=2025-05-30T18:32:13.093156415Z level=debug msg=QueueManager.calculateDesiredShards component_path=/ component_id=prometheus.remote_write.default subcomponent=rw remote_name=31d3bf url=http://mimir-distributor.mimir.svc.cluster.local:8080/api/v1/push dataInRate=4.911259568392419 dataOutRate=6.139074460490523 dataKeptRatio=1 dataPendingRate=-1.2278148920981042 dataPending=0 dataOutDuration=0.00012343796437757175 timePerSample=2.0106933898910364e-05 desiredShards=9.87503715020574e-05 highestSent=1.7486299e+09 highestRecv=1.7486299e+09
ts=2025-05-30T18:32:13.093246498Z level=debug msg=QueueManager.updateShardsLoop component_path=/ component_id=prometheus.remote_write.default subcomponent=rw remote_name=31d3bf url=http://mimir-distributor.mimir.svc.cluster.local:8080/api/v1/push lowerBound=0.7 desiredShards=9.87503715020574e-05 upperBound=1.3
ts=2025-05-30T18:32:23.092958711Z level=debug msg=QueueManager.calculateDesiredShards component_path=/ component_id=prometheus.remote_write.default subcomponent=rw remote_name=31d3bf url=http://mimir-distributor.mimir.svc.cluster.local:8080/api/v1/push dataInRate=3.929007654713935 dataOutRate=4.911259568392419 dataKeptRatio=1 dataPendingRate=-0.9822519136784837 dataPending=0 dataOutDuration=9.87503715020574e-05 timePerSample=2.0106933898910364e-05 desiredShards=7.900029720164593e-05 highestSent=1.7486299e+09 highestRecv=1.7486299e+09
ts=2025-05-30T18:32:23.093002461Z level=debug msg=QueueManager.updateShardsLoop component_path=/ component_id=prometheus.remote_write.default subcomponent=rw remote_name=31d3bf url=http://mimir-distributor.mimir.svc.cluster.local:8080/api/v1/push lowerBound=0.7 desiredShards=7.900029720164593e-05 upperBound=1.3
