init method inside exporter
***************init method =============================
createExporter method 
Convert method 
NewIntegration method inside integration
New method inside integration
ts=2025-05-29T09:38:23.246562984Z level=info "boringcrypto enabled"=false
ts=2025-05-29T09:38:23.230210192Z level=info source=/go/pkg/mod/github.com/!kim!machine!gun/automemlimit@v0.7.0/memlimit/memlimit.go:175 msg="memory is not limited, skipping" package=github.com/KimMachineGun/automemlimit/memlimit
ts=2025-05-29T09:38:23.246610067Z level=info msg="no peer discovery configured: both join and discover peers are empty" service=cluster
ts=2025-05-29T09:38:23.246613234Z level=info msg="starting complete graph evaluation" controller_path=/ controller_id="" trace_id=1010b4a29c0e2f6a440ac72286954135
ts=2025-05-29T09:38:23.246623484Z level=info msg="finished node evaluation" controller_path=/ controller_id="" trace_id=1010b4a29c0e2f6a440ac72286954135 node_id=remotecfg duration=27.042µs
ts=2025-05-29T09:38:23.246632067Z level=info msg="applying non-TLS config to HTTP server" service=http
ts=2025-05-29T09:38:23.246634526Z level=info msg="finished node evaluation" controller_path=/ controller_id="" trace_id=1010b4a29c0e2f6a440ac72286954135 node_id=http duration=2.708µs
ts=2025-05-29T09:38:23.246637317Z level=info msg="finished node evaluation" controller_path=/ controller_id="" trace_id=1010b4a29c0e2f6a440ac72286954135 node_id=cluster duration=250ns
ts=2025-05-29T09:38:23.246641526Z level=info msg="finished node evaluation" controller_path=/ controller_id="" trace_id=1010b4a29c0e2f6a440ac72286954135 node_id=otel duration=375ns
ts=2025-05-29T09:38:23.246645859Z level=info msg="finished node evaluation" controller_path=/ controller_id="" trace_id=1010b4a29c0e2f6a440ac72286954135 node_id=livedebugging duration=6.5µs
ts=2025-05-29T09:38:23.246648651Z level=info msg="finished node evaluation" controller_path=/ controller_id="" trace_id=1010b4a29c0e2f6a440ac72286954135 node_id=ui duration=292ns
ts=2025-05-29T09:38:23.246652692Z level=info msg="running usage stats reporter"
ts=2025-05-29T09:38:23.246654276Z level=info msg="replaying WAL, this may take a while" component_path=/ component_id=prometheus.remote_write.default subcomponent=wal dir=/tmp/alloy/prometheus.remote_write.default/wal
ts=2025-05-29T09:38:23.246657276Z level=info msg="WAL segment loaded" component_path=/ component_id=prometheus.remote_write.default subcomponent=wal segment=0 maxSegment=0
ts=2025-05-29T09:38:23.246660317Z level=info msg="Starting WAL watcher" component_path=/ component_id=prometheus.remote_write.default subcomponent=rw remote_name=980d4c url=http://mimir-distributor.mimir.svc.cluster.local:8080/api/v1/push queue=980d4c
ts=2025-05-29T09:38:23.246665192Z level=info msg="Starting scraped metadata watcher" component_path=/ component_id=prometheus.remote_write.default subcomponent=rw remote_name=980d4c url=http://mimir-distributor.mimir.svc.cluster.local:8080/api/v1/push
ts=2025-05-29T09:38:23.246667942Z level=info msg="finished node evaluation" controller_path=/ controller_id="" trace_id=1010b4a29c0e2f6a440ac72286954135 node_id=prometheus.remote_write.default duration=7.820333ms
ts=2025-05-29T09:38:23.246672151Z level=info msg="finished node evaluation" controller_path=/ controller_id="" trace_id=1010b4a29c0e2f6a440ac72286954135 node_id=prometheus.exporter.kubestate.kubestate duration=71.958µs
ts=2025-05-29T09:38:23.246674734Z level=debug msg="scrape config was updated" component_path=/ component_id=prometheus.scrape.kubestate
ts=2025-05-29T09:38:23.246676942Z level=info msg="finished node evaluation" controller_path=/ controller_id="" trace_id=1010b4a29c0e2f6a440ac72286954135 node_id=prometheus.scrape.kubestate duration=5.211166ms
ts=2025-05-29T09:38:23.246682359Z level=info msg="finished node evaluation" controller_path=/ controller_id="" trace_id=1010b4a29c0e2f6a440ac72286954135 node_id=logging duration=150.958µs
ts=2025-05-29T09:38:23.246692484Z level=info msg="finished node evaluation" controller_path=/ controller_id="" trace_id=1010b4a29c0e2f6a440ac72286954135 node_id=labelstore duration=3.916µs
ts=2025-05-29T09:38:23.246730276Z level=info msg="finished node evaluation" controller_path=/ controller_id="" trace_id=1010b4a29c0e2f6a440ac72286954135 node_id=prometheus.exporter.self.default duration=30.875µs
ts=2025-05-29T09:38:23.247907776Z level=info msg="Replaying WAL" component_path=/ component_id=prometheus.remote_write.default subcomponent=rw remote_name=980d4c url=http://mimir-distributor.mimir.svc.cluster.local:8080/api/v1/push queue=980d4c
ts=2025-05-29T09:38:23.248677692Z level=debug msg="Tailing WAL" component_path=/ component_id=prometheus.remote_write.default subcomponent=rw remote_name=980d4c url=http://mimir-distributor.mimir.svc.cluster.local:8080/api/v1/push lastCheckpoint="" checkpointIndex=0 currentSegment=0 lastSegment=0
ts=2025-05-29T09:38:23.248689984Z level=debug msg="Processing segment" component_path=/ component_id=prometheus.remote_write.default subcomponent=rw remote_name=980d4c url=http://mimir-distributor.mimir.svc.cluster.local:8080/api/v1/push currentSegment=0
ts=2025-05-29T09:38:23.248920984Z level=debug msg="scrape config was updated" component_path=/ component_id=prometheus.scrape.alloymetrics
ts=2025-05-29T09:38:23.248927359Z level=info msg="finished node evaluation" controller_path=/ controller_id="" trace_id=1010b4a29c0e2f6a440ac72286954135 node_id=prometheus.scrape.alloymetrics duration=2.1745ms
ts=2025-05-29T09:38:23.248948567Z level=info msg="finished node evaluation" controller_path=/ controller_id="" trace_id=1010b4a29c0e2f6a440ac72286954135 node_id=tracing duration=9.25µs
ts=2025-05-29T09:38:23.248955276Z level=info msg="finished complete graph evaluation" controller_path=/ controller_id="" trace_id=1010b4a29c0e2f6a440ac72286954135 duration=15.968125ms
ts=2025-05-29T09:38:23.248990067Z level=debug msg="changing node state" service=cluster from=viewer to=participant
ts=2025-05-29T09:38:23.248998484Z level=debug msg="alloy-45npt @1: participant" service=cluster
ts=2025-05-29T09:38:23.249312109Z level=info msg="scheduling loaded components and services"
ts=2025-05-29T09:38:23.254752942Z level=debug msg="passed new targets to scrape manager" component_path=/ component_id=prometheus.scrape.alloymetrics
ts=2025-05-29T09:38:23.255439859Z level=info msg="now listening for http traffic" service=http addr=0.0.0.0:12345
ts=2025-05-29T09:38:23.255525526Z level=info msg="starting cluster node" service=cluster peers_count=0 peers="" advertise_addr=127.0.0.1:12345 minimum_cluster_size=0 minimum_size_wait_timeout=0s
ts=2025-05-29T09:38:23.255695734Z level=info msg="peers changed" service=cluster peers_count=1 min_cluster_size=0 peers=alloy-45npt
ts=2025-05-29T09:38:23.256021859Z level=debug msg="finished node evaluation" controller_path=/ controller_id="" node_id=prometheus.scrape.alloymetrics duration=2.951291ms
ts=2025-05-29T09:38:23.256111526Z level=debug msg="finished node evaluation" controller_path=/ controller_id="" node_id=prometheus.scrape.alloymetrics duration=14.75µs
ts=2025-05-29T09:38:23.256187942Z level=debug msg="finished node evaluation" controller_path=/ controller_id="" node_id=prometheus.scrape.kubestate duration=3.072041ms
ts=2025-05-29T09:38:23.256241317Z level=debug msg="passed new targets to scrape manager" component_path=/ component_id=prometheus.scrape.kubestate
ts=2025-05-29T09:38:23.256244442Z level=debug msg="finished node evaluation" controller_path=/ controller_id="" node_id=prometheus.scrape.kubestate duration=19.666µs
ts=2025-05-29T09:38:29.573803737Z level=debug msg="accepted new in-memory connection"
ts=2025-05-29T09:38:29.57405682Z level=debug msg="dialed to in-memory listener"
ts=2025-05-29T09:38:29.580881195Z level=info msg="Done replaying WAL" component_path=/ component_id=prometheus.remote_write.default subcomponent=rw remote_name=980d4c url=http://mimir-distributor.mimir.svc.cluster.local:8080/api/v1/push duration=6.334371794s
ts=2025-05-29T09:38:33.246227822Z level=debug msg="runShard timer ticked, sending buffered data" component_path=/ component_id=prometheus.remote_write.default subcomponent=rw remote_name=980d4c url=http://mimir-distributor.mimir.svc.cluster.local:8080/api/v1/push samples=333 exemplars=0 shard=0 histograms=0
ts=2025-05-29T09:38:43.242865327Z level=debug msg=QueueManager.calculateDesiredShards component_path=/ component_id=prometheus.remote_write.default subcomponent=rw remote_name=980d4c url=http://mimir-distributor.mimir.svc.cluster.local:8080/api/v1/push dataInRate=26.639999999999997 dataOutRate=33.3 dataKeptRatio=1 dataPendingRate=-6.66 dataPending=0 dataOutDuration=0.0011831125 timePerSample=3.5528903903903904e-05 desiredShards=0.0009464899999999999 highestSent=1.748511509e+09 highestRecv=1.748511509e+09
ts=2025-05-29T09:38:43.242937077Z level=debug msg=QueueManager.updateShardsLoop component_path=/ component_id=prometheus.remote_write.default subcomponent=rw remote_name=980d4c url=http://mimir-distributor.mimir.svc.cluster.local:8080/api/v1/push lowerBound=0.7 desiredShards=0.0009464899999999999 upperBound=1.3
ts=2025-05-29T09:38:44.581028869Z level=debug msg="Watcher is reading the WAL due to timeout, haven't received any write notifications recently" component_path=/ component_id=prometheus.remote_write.default subcomponent=rw remote_name=980d4c url=http://mimir-distributor.mimir.svc.cluster.local:8080/api/v1/push timeout=15s
ts=2025-05-29T09:38:53.242239582Z level=debug msg=QueueManager.calculateDesiredShards component_path=/ component_id=prometheus.remote_write.default subcomponent=rw remote_name=980d4c url=http://mimir-distributor.mimir.svc.cluster.local:8080/api/v1/push dataInRate=21.311999999999998 dataOutRate=26.639999999999997 dataKeptRatio=1 dataPendingRate=-5.327999999999999 dataPending=0 dataOutDuration=0.00094649 timePerSample=3.552890390390391e-05 desiredShards=0.0007571920000000001 highestSent=1.748511509e+09 highestRecv=1.748511509e+09
ts=2025-05-29T09:38:53.242281832Z level=debug msg=QueueManager.updateShardsLoop component_path=/ component_id=prometheus.remote_write.default subcomponent=rw remote_name=980d4c url=http://mimir-distributor.mimir.svc.cluster.local:8080/api/v1/push lowerBound=0.7 desiredShards=0.0007571920000000001 upperBound=1.3
ts=2025-05-29T09:39:00.669589627Z level=debug msg="dialed to in-memory listener"
ts=2025-05-29T09:39:00.669611877Z level=debug msg="accepted new in-memory connection"
ts=2025-05-29T09:39:03.24314567Z level=debug msg=QueueManager.calculateDesiredShards component_path=/ component_id=prometheus.remote_write.default subcomponent=rw remote_name=980d4c url=http://mimir-distributor.mimir.svc.cluster.local:8080/api/v1/push dataInRate=17.1696 dataOutRate=21.311999999999998 dataKeptRatio=1 dataPendingRate=-4.1423999999999985 dataPending=532.2576 dataOutDuration=0.000757192 timePerSample=3.5528903903903904e-05 desiredShards=0.0015555435245945947 highestSent=1.748511509e+09 highestRecv=1.74851154e+09
ts=2025-05-29T09:39:03.243235545Z level=debug msg=QueueManager.updateShardsLoop component_path=/ component_id=prometheus.remote_write.default subcomponent=rw remote_name=980d4c url=http://mimir-distributor.mimir.svc.cluster.local:8080/api/v1/push lowerBound=0.7 desiredShards=0.0015555435245945947 upperBound=1.3
ts=2025-05-29T09:39:03.261692337Z level=debug msg="runShard timer ticked, sending buffered data" component_path=/ component_id=prometheus.remote_write.default subcomponent=rw remote_name=980d4c url=http://mimir-distributor.mimir.svc.cluster.local:8080/api/v1/push samples=6 exemplars=0 shard=0 histograms=0
ts=2025-05-29T09:39:13.242446091Z level=debug msg=QueueManager.calculateDesiredShards component_path=/ component_id=prometheus.remote_write.default subcomponent=rw remote_name=980d4c url=http://mimir-distributor.mimir.svc.cluster.local:8080/api/v1/push dataInRate=13.735679999999999 dataOutRate=17.1696 dataKeptRatio=1 dataPendingRate=-3.4339200000000005 dataPending=0 dataOutDuration=0.00065976276 timePerSample=3.8426216102879516e-05 desiredShards=0.000527810208 highestSent=1.74851154e+09 highestRecv=1.74851154e+09
ts=2025-05-29T09:39:13.242503008Z level=debug msg=QueueManager.updateShardsLoop component_path=/ component_id=prometheus.remote_write.default subcomponent=rw remote_name=980d4c url=http://mimir-distributor.mimir.svc.cluster.local:8080/api/v1/push lowerBound=0.7 desiredShards=0.000527810208 upperBound=1.3
ts=2025-05-29T09:39:23.242367888Z level=debug msg=QueueManager.calculateDesiredShards component_path=/ component_id=prometheus.remote_write.default subcomponent=rw remote_name=980d4c url=http://mimir-distributor.mimir.svc.cluster.local:8080/api/v1/push dataInRate=10.988544 dataOutRate=13.735679999999999 dataKeptRatio=1 dataPendingRate=-2.7471359999999994 dataPending=0 dataOutDuration=0.000527810208 timePerSample=3.8426216102879516e-05 desiredShards=0.0004222481664000001 highestSent=1.74851154e+09 highestRecv=1.74851154e+09
ts=2025-05-29T09:39:23.242591013Z level=debug msg=QueueManager.updateShardsLoop component_path=/ component_id=prometheus.remote_write.default subcomponent=rw remote_name=980d4c url=http://mimir-distributor.mimir.svc.cluster.local:8080/api/v1/push lowerBound=0.7 desiredShards=0.0004222481664000001 upperBound=1.3
ts=2025-05-29T09:39:33.243083101Z level=debug msg=QueueManager.calculateDesiredShards component_path=/ component_id=prometheus.remote_write.default subcomponent=rw remote_name=980d4c url=http://mimir-distributor.mimir.svc.cluster.local:8080/api/v1/push dataInRate=15.6508352 dataOutRate=10.988544 dataKeptRatio=1 dataPendingRate=4.6622912 dataPending=453.8742208 dataOutDuration=0.00042224816639999997 timePerSample=3.842621610287951e-05 desiredShards=0.001473435820185096 highestSent=1.74851154e+09 highestRecv=1.748511569e+09
ts=2025-05-29T09:39:33.243125018Z level=debug msg=QueueManager.updateShardsLoop component_path=/ component_id=prometheus.remote_write.default subcomponent=rw remote_name=980d4c url=http://mimir-distributor.mimir.svc.cluster.local:8080/api/v1/push lowerBound=0.7 desiredShards=0.001473435820185096 upperBound=1.3
ts=2025-05-29T09:39:33.268009143Z level=debug msg="runShard timer ticked, sending buffered data" component_path=/ component_id=prometheus.remote_write.default subcomponent=rw remote_name=980d4c url=http://mimir-distributor.mimir.svc.cluster.local:8080/api/v1/push samples=343 exemplars=0 shard=0 histograms=0
ts=2025-05-29T09:39:43.242968772Z level=debug msg=QueueManager.calculateDesiredShards component_path=/ component_id=prometheus.remote_write.default subcomponent=rw remote_name=980d4c url=http://mimir-distributor.mimir.svc.cluster.local:8080/api/v1/push dataInRate=12.52066816 dataOutRate=15.6508352 dataKeptRatio=1 dataPendingRate=-3.13016704 dataPending=0 dataOutDuration=0.00046129187312 timePerSample=2.94739461009723e-05 desiredShards=0.000369033498496 highestSent=1.748511569e+09 highestRecv=1.748511569e+09
ts=2025-05-29T09:39:43.243037481Z level=debug msg=QueueManager.updateShardsLoop component_path=/ component_id=prometheus.remote_write.default subcomponent=rw remote_name=980d4c url=http://mimir-distributor.mimir.svc.cluster.local:8080/api/v1/push lowerBound=0.7 desiredShards=0.000369033498496 upperBound=1.3
ts=2025-05-29T09:39:44.58295669Z level=debug msg="Watcher is reading the WAL due to timeout, haven't received any write notifications recently" component_path=/ component_id=prometheus.remote_write.default subcomponent=rw remote_name=980d4c url=http://mimir-distributor.mimir.svc.cluster.local:8080/api/v1/push timeout=15s
ts=2025-05-29T09:39:53.243044652Z level=debug msg=QueueManager.calculateDesiredShards component_path=/ component_id=prometheus.remote_write.default subcomponent=rw remote_name=980d4c url=http://mimir-distributor.mimir.svc.cluster.local:8080/api/v1/push dataInRate=10.016534528 dataOutRate=12.52066816 dataKeptRatio=1 dataPendingRate=-2.5041336320000003 dataPending=0 dataOutDuration=0.000369033498496 timePerSample=2.94739461009723e-05 desiredShards=0.00029522679879679997 highestSent=1.748511569e+09 highestRecv=1.748511569e+09
ts=2025-05-29T09:39:53.24313111Z level=debug msg=QueueManager.updateShardsLoop component_path=/ component_id=prometheus.remote_write.default subcomponent=rw remote_name=980d4c url=http://mimir-distributor.mimir.svc.cluster.local:8080/api/v1/push lowerBound=0.7 desiredShards=0.00029522679879679997 upperBound=1.3
ts=2025-05-29T09:40:03.242211948Z level=debug msg=QueueManager.calculateDesiredShards component_path=/ component_id=prometheus.remote_write.default subcomponent=rw remote_name=980d4c url=http://mimir-distributor.mimir.svc.cluster.local:8080/api/v1/push dataInRate=8.1332276224 dataOutRate=10.016534528 dataKeptRatio=1 dataPendingRate=-1.8833069055999996 dataPending=252.1300562944 dataOutDuration=0.0002952267987968 timePerSample=2.9473946100972302e-05 desiredShards=0.0006112816970523696 highestSent=1.748511569e+09 highestRecv=1.7485116e+09
ts=2025-05-29T09:40:03.24237724Z level=debug msg=QueueManager.updateShardsLoop component_path=/ component_id=prometheus.remote_write.default subcomponent=rw remote_name=980d4c url=http://mimir-distributor.mimir.svc.cluster.local:8080/api/v1/push lowerBound=0.7 desiredShards=0.0006112816970523696 upperBound=1.3
ts=2025-05-29T09:40:03.277577698Z level=debug msg="runShard timer ticked, sending buffered data" component_path=/ component_id=prometheus.remote_write.default subcomponent=rw remote_name=980d4c url=http://mimir-distributor.mimir.svc.cluster.local:8080/api/v1/push samples=6 exemplars=0 shard=0 histograms=0
ts=2025-05-29T09:40:13.242995245Z level=debug msg=QueueManager.calculateDesiredShards component_path=/ component_id=prometheus.remote_write.default subcomponent=rw remote_name=980d4c url=http://mimir-distributor.mimir.svc.cluster.local:8080/api/v1/push dataInRate=6.50658209792 dataOutRate=8.1332276224 dataKeptRatio=1 dataPendingRate=-1.6266455244799998 dataPending=0 dataOutDuration=0.00027076643903744 timePerSample=3.3291388315717726e-05 desiredShards=0.000216613151229952 highestSent=1.7485116e+09 highestRecv=1.7485116e+09
ts=2025-05-29T09:40:13.243064745Z level=debug msg=QueueManager.updateShardsLoop component_path=/ component_id=prometheus.remote_write.default subcomponent=rw remote_name=980d4c url=http://mimir-distributor.mimir.svc.cluster.local:8080/api/v1/push lowerBound=0.7 desiredShards=0.000216613151229952 upperBound=1.3
ts=2025-05-29T09:40:23.242529625Z level=debug msg=QueueManager.calculateDesiredShards component_path=/ component_id=prometheus.remote_write.default subcomponent=rw remote_name=980d4c url=http://mimir-distributor.mimir.svc.cluster.local:8080/api/v1/push dataInRate=5.205265678336 dataOutRate=6.50658209792 dataKeptRatio=1 dataPendingRate=-1.3013164195840004 dataPending=0 dataOutDuration=0.000216613151229952 timePerSample=3.3291388315717726e-05 desiredShards=0.0001732905209839616 highestSent=1.7485116e+09 highestRecv=1.7485116e+09
ts=2025-05-29T09:40:23.242626916Z level=debug msg=QueueManager.updateShardsLoop component_path=/ component_id=prometheus.remote_write.default subcomponent=rw remote_name=980d4c url=http://mimir-distributor.mimir.svc.cluster.local:8080/api/v1/push lowerBound=0.7 desiredShards=0.0001732905209839616 upperBound=1.3
ts=2025-05-29T09:40:33.242854546Z level=debug msg=QueueManager.calculateDesiredShards component_path=/ component_id=prometheus.remote_write.default subcomponent=rw remote_name=980d4c url=http://mimir-distributor.mimir.svc.cluster.local:8080/api/v1/push dataInRate=11.1642125426688 dataOutRate=5.205265678336 dataKeptRatio=1 dataPendingRate=5.9589468643328 dataPending=323.7621637373952 dataOutDuration=0.00017329052098396158 timePerSample=3.329138831571772e-05 desiredShards=0.0009105967307431236 highestSent=1.7485116e+09 highestRecv=1.748511629e+09
ts=2025-05-29T09:40:33.242976921Z level=debug msg=QueueManager.updateShardsLoop component_path=/ component_id=prometheus.remote_write.default subcomponent=rw remote_name=980d4c url=http://mimir-distributor.mimir.svc.cluster.local:8080/api/v1/push lowerBound=0.7 desiredShards=0.0009105967307431236 upperBound=1.3
ts=2025-05-29T09:40:33.312177754Z level=debug msg="runShard timer ticked, sending buffered data" component_path=/ component_id=prometheus.remote_write.default subcomponent=rw remote_name=980d4c url=http://mimir-distributor.mimir.svc.cluster.local:8080/api/v1/push samples=350 exemplars=0 shard=0 histograms=0
ts=2025-05-29T09:40:43.242534926Z level=debug msg=QueueManager.calculateDesiredShards component_path=/ component_id=prometheus.remote_write.default subcomponent=rw remote_name=980d4c url=http://mimir-distributor.mimir.svc.cluster.local:8080/api/v1/push dataInRate=8.931370034135039 dataOutRate=11.1642125426688 dataKeptRatio=1 dataPendingRate=-2.2328425085337607 dataPending=0 dataOutDuration=0.0004582015967871692 timePerSample=4.104199871114567e-05 desiredShards=0.0003665612774297354 highestSent=1.748511629e+09 highestRecv=1.748511629e+09
ts=2025-05-29T09:40:43.242568718Z level=debug msg=QueueManager.updateShardsLoop component_path=/ component_id=prometheus.remote_write.default subcomponent=rw remote_name=980d4c url=http://mimir-distributor.mimir.svc.cluster.local:8080/api/v1/push lowerBound=0.7 desiredShards=0.0003665612774297354 upperBound=1.3
