init method inside integration
***************init method inside exporter=============================
createExporter method 
Convert method 
NewIntegration method inside integration
New method inside integration
ksmOpts port
ts=2025-06-03T07:32:07.743004191Z level=info "boringcrypto enabled"=false
ts=2025-06-03T07:32:07.737449191Z level=info source=/go/pkg/mod/github.com/!kim!machine!gun/automemlimit@v0.7.0/memlimit/memlimit.go:175 msg="memory is not limited, skipping" package=github.com/KimMachineGun/automemlimit/memlimit
ts=2025-06-03T07:32:07.743608899Z level=info msg="no peer discovery configured: both join and discover peers are empty" service=cluster
ts=2025-06-03T07:32:07.743626024Z level=info msg="running usage stats reporter"
ts=2025-06-03T07:32:07.743640233Z level=info msg="starting complete graph evaluation" controller_path=/ controller_id="" trace_id=25f6a0a34096208fc0ca7eb044f29c66
ts=2025-06-03T07:32:07.743672649Z level=info msg="finished node evaluation" controller_path=/ controller_id="" trace_id=25f6a0a34096208fc0ca7eb044f29c66 node_id=prometheus.exporter.self.default duration=98.709µs
ts=2025-06-03T07:32:07.743692441Z level=info msg="finished node evaluation" controller_path=/ controller_id="" trace_id=25f6a0a34096208fc0ca7eb044f29c66 node_id=otel duration=1.375µs
ts=2025-06-03T07:32:07.743707316Z level=info msg="finished node evaluation" controller_path=/ controller_id="" trace_id=25f6a0a34096208fc0ca7eb044f29c66 node_id=labelstore duration=3µs
ts=2025-06-03T07:32:07.743722733Z level=info component_path=/ component_id=prometheus.exporter.kubestate.kubestate "ksmOpts port Before\n"=0
ts=2025-06-03T07:32:07.743736649Z level=info msg="finished node evaluation" controller_path=/ controller_id="" trace_id=25f6a0a34096208fc0ca7eb044f29c66 node_id=prometheus.exporter.kubestate.kubestate duration=1.099541ms
ts=2025-06-03T07:32:07.743782691Z level=info msg="Using pod service account via in-cluster config" component_path=/ component_id=discovery.kubernetes.kube_state_metrics
ts=2025-06-03T07:32:07.743817108Z level=info msg="finished node evaluation" controller_path=/ controller_id="" trace_id=25f6a0a34096208fc0ca7eb044f29c66 node_id=discovery.kubernetes.kube_state_metrics duration=949.583µs
ts=2025-06-03T07:32:07.743834483Z level=info msg="finished node evaluation" controller_path=/ controller_id="" trace_id=25f6a0a34096208fc0ca7eb044f29c66 node_id=discovery.relabel.kube_state_metrics duration=60.958µs
ts=2025-06-03T07:32:07.743875899Z level=info msg="finished node evaluation" controller_path=/ controller_id="" trace_id=25f6a0a34096208fc0ca7eb044f29c66 node_id=livedebugging duration=4.625µs
ts=2025-06-03T07:32:07.743895858Z level=info msg="finished node evaluation" controller_path=/ controller_id="" trace_id=25f6a0a34096208fc0ca7eb044f29c66 node_id=tracing duration=4.917µs
ts=2025-06-03T07:32:07.743915066Z level=info msg="finished node evaluation" controller_path=/ controller_id="" trace_id=25f6a0a34096208fc0ca7eb044f29c66 node_id=logging duration=920.5µs
ts=2025-06-03T07:32:07.743993274Z level=info msg="finished node evaluation" controller_path=/ controller_id="" trace_id=25f6a0a34096208fc0ca7eb044f29c66 node_id=remotecfg duration=35.916µs
ts=2025-06-03T07:32:07.744039899Z level=info msg="applying non-TLS config to HTTP server" service=http
ts=2025-06-03T07:32:07.744056566Z level=info msg="finished node evaluation" controller_path=/ controller_id="" trace_id=25f6a0a34096208fc0ca7eb044f29c66 node_id=http duration=23.042µs
ts=2025-06-03T07:32:07.744074733Z level=info msg="finished node evaluation" controller_path=/ controller_id="" trace_id=25f6a0a34096208fc0ca7eb044f29c66 node_id=ui duration=2.25µs
ts=2025-06-03T07:32:07.744129733Z level=info msg="finished node evaluation" controller_path=/ controller_id="" trace_id=25f6a0a34096208fc0ca7eb044f29c66 node_id=cluster duration=3.125µs
ts=2025-06-03T07:32:07.749150858Z level=info msg="replaying WAL, this may take a while" component_path=/ component_id=prometheus.remote_write.default subcomponent=wal dir=/tmp/alloy/prometheus.remote_write.default/wal
ts=2025-06-03T07:32:07.750143149Z level=info msg="WAL segment loaded" component_path=/ component_id=prometheus.remote_write.default subcomponent=wal segment=0 maxSegment=0
ts=2025-06-03T07:32:07.752813941Z level=info msg="Starting WAL watcher" component_path=/ component_id=prometheus.remote_write.default subcomponent=rw remote_name=110b58 url=http://mimir-distributor.mimir.svc.cluster.local:8080/api/v1/push queue=110b58
ts=2025-06-03T07:32:07.753672441Z level=info msg="Starting scraped metadata watcher" component_path=/ component_id=prometheus.remote_write.default subcomponent=rw remote_name=110b58 url=http://mimir-distributor.mimir.svc.cluster.local:8080/api/v1/push
ts=2025-06-03T07:32:07.754027899Z level=info msg="finished node evaluation" controller_path=/ controller_id="" trace_id=25f6a0a34096208fc0ca7eb044f29c66 node_id=prometheus.remote_write.default duration=9.858916ms
ts=2025-06-03T07:32:07.754319816Z level=info msg="finished node evaluation" controller_path=/ controller_id="" trace_id=25f6a0a34096208fc0ca7eb044f29c66 node_id=prometheus.relabel.kube_state_metrics duration=253.125µs
ts=2025-06-03T07:32:07.754990649Z level=info msg="Replaying WAL" component_path=/ component_id=prometheus.remote_write.default subcomponent=rw remote_name=110b58 url=http://mimir-distributor.mimir.svc.cluster.local:8080/api/v1/push queue=110b58
ts=2025-06-03T07:32:07.756425399Z level=debug msg="Tailing WAL" component_path=/ component_id=prometheus.remote_write.default subcomponent=rw remote_name=110b58 url=http://mimir-distributor.mimir.svc.cluster.local:8080/api/v1/push lastCheckpoint="" checkpointIndex=0 currentSegment=0 lastSegment=0
ts=2025-06-03T07:32:07.756554483Z level=debug msg="Processing segment" component_path=/ component_id=prometheus.remote_write.default subcomponent=rw remote_name=110b58 url=http://mimir-distributor.mimir.svc.cluster.local:8080/api/v1/push currentSegment=0
ts=2025-06-03T07:32:07.758058483Z level=debug msg="scrape config was updated" component_path=/ component_id=prometheus.scrape.kube_state_metrics
ts=2025-06-03T07:32:07.758070233Z level=info msg="finished node evaluation" controller_path=/ controller_id="" trace_id=25f6a0a34096208fc0ca7eb044f29c66 node_id=prometheus.scrape.kube_state_metrics duration=2.916625ms
ts=2025-06-03T07:32:07.759072691Z level=debug msg="scrape config was updated" component_path=/ component_id=prometheus.scrape.alloymetrics
ts=2025-06-03T07:32:07.759136774Z level=info msg="finished node evaluation" controller_path=/ controller_id="" trace_id=25f6a0a34096208fc0ca7eb044f29c66 node_id=prometheus.scrape.alloymetrics duration=1.056583ms
ts=2025-06-03T07:32:07.759144566Z level=info msg="finished complete graph evaluation" controller_path=/ controller_id="" trace_id=25f6a0a34096208fc0ca7eb044f29c66 duration=18.863917ms
ts=2025-06-03T07:32:07.759240191Z level=debug msg="changing node state" service=cluster from=viewer to=participant
ts=2025-06-03T07:32:07.759484108Z level=debug msg="alloy-wq8p4 @1: participant" service=cluster
ts=2025-06-03T07:32:07.759316191Z level=info msg="scheduling loaded components and services"
ts=2025-06-03T07:32:07.760853691Z level=debug msg="finished node evaluation" controller_path=/ controller_id="" node_id=prometheus.scrape.alloymetrics duration=1.528333ms
ts=2025-06-03T07:32:07.760949816Z level=debug msg="finished node evaluation" controller_path=/ controller_id="" node_id=prometheus.scrape.kube_state_metrics duration=519.625µs
ts=2025-06-03T07:32:07.760964233Z level=debug msg="finished node evaluation" controller_path=/ controller_id="" node_id=prometheus.scrape.alloymetrics duration=9.417µs
ts=2025-06-03T07:32:07.761752399Z level=debug msg="finished node evaluation" controller_path=/ controller_id="" node_id=prometheus.relabel.kube_state_metrics duration=885.042µs
ts=2025-06-03T07:32:07.763451233Z level=info msg="starting cluster node" service=cluster peers_count=0 peers="" advertise_addr=127.0.0.1:12345 minimum_cluster_size=0 minimum_size_wait_timeout=0s
ts=2025-06-03T07:32:07.763843274Z level=debug msg="passed new targets to scrape manager" component_path=/ component_id=prometheus.scrape.alloymetrics
ts=2025-06-03T07:32:07.766453149Z level=info msg="now listening for http traffic" service=http addr=0.0.0.0:12345
ts=2025-06-03T07:32:07.766658816Z level=info msg="peers changed" service=cluster peers_count=1 min_cluster_size=0 peers=alloy-wq8p4
ts=2025-06-03T07:32:07.766709316Z level=debug msg="passed new targets to scrape manager" component_path=/ component_id=prometheus.scrape.kube_state_metrics
W0603 07:32:07.767349       1 client_config.go:667] Neither --kubeconfig nor --master was specified.  Using the inClusterConfig.  This might not work.
I0603 07:32:07.767624       1 server.go:194] "Used default resources"
I0603 07:32:07.767815       1 types.go:195] "Using all namespaces"
I0603 07:32:07.768021       1 server.go:233] "Metric allow-denylisting" allowDenyStatus="Excluding the following lists that were on denylist: "
W0603 07:32:07.768212       1 client_config.go:667] Neither --kubeconfig nor --master was specified.  Using the inClusterConfig.  This might not work.
I0603 07:32:07.768422       1 utils.go:70] "Tested communication with server"
I0603 07:32:07.844321       1 utils.go:75] "Run with Kubernetes cluster version" major="1" minor="31" gitVersion="v1.31.5+k3s1" gitTreeState="clean" gitCommit="56ec5dd4d012c1d77dc7f50f21f65183044c92e7" platform="linux/arm64"
I0603 07:32:07.844337       1 utils.go:76] "Communication with server successful"
I0603 07:32:07.852727       1 metrics_handler.go:110] "Autosharding disabled"
I0603 07:32:07.852782       1 metrics_handler.go:92] "Configuring sharding of this instance to be shard index (zero-indexed) out of total shards" shard=0 totalShards=0
I0603 07:32:07.853984       1 server.go:361] "Started metrics server" metricsServerAddress=":37425"
I0603 07:32:07.854114       1 tls_config.go:347] "Listening on" address="[::]:37425"
I0603 07:32:07.854147       1 tls_config.go:350] "TLS is disabled." http2=false address="[::]:37425"
I0603 07:32:07.854174       1 server.go:350] "Started kube-state-metrics self metrics server" telemetryAddress=":0"
I0603 07:32:07.854192       1 tls_config.go:347] "Listening on" address="[::]:44627"
I0603 07:32:07.854196       1 tls_config.go:350] "TLS is disabled." http2=false address="[::]:44627"
I0603 07:32:07.875372       1 builder.go:283] "Active resources" activeStoreNames="certificatesigningrequests,configmaps,cronjobs,daemonsets,deployments,endpoints,horizontalpodautoscalers,ingresses,jobs,leases,limitranges,mutatingwebhookconfigurations,namespaces,networkpolicies,nodes,persistentvolumeclaims,persistentvolumes,poddisruptionbudgets,pods,replicasets,replicationcontrollers,resourcequotas,secrets,services,statefulsets,storageclasses,validatingwebhookconfigurations,volumeattachments"
ts=2025-06-03T07:32:12.767831443Z level=debug msg="finished node evaluation" controller_path=/ controller_id="" node_id=discovery.relabel.kube_state_metrics duration=132.75µs
ts=2025-06-03T07:32:22.757438698Z level=debug msg="Watcher is reading the WAL due to timeout, haven't received any write notifications recently" component_path=/ component_id=prometheus.remote_write.default subcomponent=rw remote_name=110b58 url=http://mimir-distributor.mimir.svc.cluster.local:8080/api/v1/push timeout=15s
ts=2025-06-03T07:32:54.291665421Z level=debug msg="dialed to in-memory listener"
ts=2025-06-03T07:32:54.291697921Z level=debug msg="accepted new in-memory connection"
ts=2025-06-03T07:32:54.300012463Z level=info msg="Done replaying WAL" component_path=/ component_id=prometheus.remote_write.default subcomponent=rw remote_name=110b58 url=http://mimir-distributor.mimir.svc.cluster.local:8080/api/v1/push duration=46.545062064s
ts=2025-06-03T07:32:57.76061409Z level=debug msg="runShard timer ticked, sending buffered data" component_path=/ component_id=prometheus.remote_write.default subcomponent=rw remote_name=110b58 url=http://mimir-distributor.mimir.svc.cluster.local:8080/api/v1/push samples=374 exemplars=0 shard=0 histograms=0
ts=2025-06-03T07:33:07.756677595Z level=debug msg=QueueManager.calculateDesiredShards component_path=/ component_id=prometheus.remote_write.default subcomponent=rw remote_name=110b58 url=http://mimir-distributor.mimir.svc.cluster.local:8080/api/v1/push dataInRate=29.919999999999998 dataOutRate=37.4 dataKeptRatio=1 dataPendingRate=-7.48 dataPending=0 dataOutDuration=0.0005664459 timePerSample=1.5145612299465241e-05 desiredShards=0.00045315672 highestSent=1.748935974e+09 highestRecv=1.748935974e+09
ts=2025-06-03T07:33:07.756731553Z level=debug msg=QueueManager.updateShardsLoop component_path=/ component_id=prometheus.remote_write.default subcomponent=rw remote_name=110b58 url=http://mimir-distributor.mimir.svc.cluster.local:8080/api/v1/push lowerBound=0.7 desiredShards=0.00045315672 upperBound=1.3
ts=2025-06-03T07:33:17.757278683Z level=debug msg=QueueManager.calculateDesiredShards component_path=/ component_id=prometheus.remote_write.default subcomponent=rw remote_name=110b58 url=http://mimir-distributor.mimir.svc.cluster.local:8080/api/v1/push dataInRate=23.936 dataOutRate=29.919999999999998 dataKeptRatio=1 dataPendingRate=-5.983999999999998 dataPending=0 dataOutDuration=0.00045315672 timePerSample=1.5145612299465241e-05 desiredShards=0.000362525376 highestSent=1.748935974e+09 highestRecv=1.748935974e+09
ts=2025-06-03T07:33:17.757319391Z level=debug msg=QueueManager.updateShardsLoop component_path=/ component_id=prometheus.remote_write.default subcomponent=rw remote_name=110b58 url=http://mimir-distributor.mimir.svc.cluster.local:8080/api/v1/push lowerBound=0.7 desiredShards=0.000362525376 upperBound=1.3
ts=2025-06-03T07:33:24.301060311Z level=debug msg="Watcher is reading the WAL due to timeout, haven't received any write notifications recently" component_path=/ component_id=prometheus.remote_write.default subcomponent=rw remote_name=110b58 url=http://mimir-distributor.mimir.svc.cluster.local:8080/api/v1/push timeout=15s
ts=2025-06-03T07:33:27.757356271Z level=debug msg=QueueManager.calculateDesiredShards component_path=/ component_id=prometheus.remote_write.default subcomponent=rw remote_name=110b58 url=http://mimir-distributor.mimir.svc.cluster.local:8080/api/v1/push dataInRate=19.1488 dataOutRate=23.936 dataKeptRatio=1 dataPendingRate=-4.787199999999999 dataPending=0 dataOutDuration=0.00036252537600000006 timePerSample=1.5145612299465243e-05 desiredShards=0.0002900203008000001 highestSent=1.748935974e+09 highestRecv=1.748935974e+09
ts=2025-06-03T07:33:27.757399437Z level=debug msg=QueueManager.updateShardsLoop component_path=/ component_id=prometheus.remote_write.default subcomponent=rw remote_name=110b58 url=http://mimir-distributor.mimir.svc.cluster.local:8080/api/v1/push lowerBound=0.7 desiredShards=0.0002900203008000001 upperBound=1.3
ts=2025-06-03T07:33:37.756850942Z level=debug msg=QueueManager.calculateDesiredShards component_path=/ component_id=prometheus.remote_write.default subcomponent=rw remote_name=110b58 url=http://mimir-distributor.mimir.svc.cluster.local:8080/api/v1/push dataInRate=15.319040000000001 dataOutRate=19.1488 dataKeptRatio=1 dataPendingRate=-3.8297600000000003 dataPending=0 dataOutDuration=0.0002900203008 timePerSample=1.5145612299465241e-05 desiredShards=0.00023201624064000004 highestSent=1.748935974e+09 highestRecv=1.748935974e+09
ts=2025-06-03T07:33:37.756891775Z level=debug msg=QueueManager.updateShardsLoop component_path=/ component_id=prometheus.remote_write.default subcomponent=rw remote_name=110b58 url=http://mimir-distributor.mimir.svc.cluster.local:8080/api/v1/push lowerBound=0.7 desiredShards=0.00023201624064000004 upperBound=1.3
ts=2025-06-03T07:33:47.757311447Z level=debug msg=QueueManager.calculateDesiredShards component_path=/ component_id=prometheus.remote_write.default subcomponent=rw remote_name=110b58 url=http://mimir-distributor.mimir.svc.cluster.local:8080/api/v1/push dataInRate=12.255232000000001 dataOutRate=15.319040000000001 dataKeptRatio=1 dataPendingRate=-3.063808 dataPending=0 dataOutDuration=0.00023201624064000001 timePerSample=1.514561229946524e-05 desiredShards=0.000185612992512 highestSent=1.748935974e+09 highestRecv=1.748935974e+09
ts=2025-06-03T07:33:47.757339114Z level=debug msg=QueueManager.updateShardsLoop component_path=/ component_id=prometheus.remote_write.default subcomponent=rw remote_name=110b58 url=http://mimir-distributor.mimir.svc.cluster.local:8080/api/v1/push lowerBound=0.7 desiredShards=0.000185612992512 upperBound=1.3
ts=2025-06-03T07:33:57.757148952Z level=debug msg=QueueManager.calculateDesiredShards component_path=/ component_id=prometheus.remote_write.default subcomponent=rw remote_name=110b58 url=http://mimir-distributor.mimir.svc.cluster.local:8080/api/v1/push dataInRate=17.4841856 dataOutRate=12.255232000000001 dataKeptRatio=1 dataPendingRate=5.228953599999999 dataPending=1049.051136 dataOutDuration=0.000185612992512 timePerSample=1.514561229946524e-05 desiredShards=0.0010592347858779721 highestSent=1.748935974e+09 highestRecv=1.748936034e+09
ts=2025-06-03T07:33:57.757186868Z level=debug msg=QueueManager.updateShardsLoop component_path=/ component_id=prometheus.remote_write.default subcomponent=rw remote_name=110b58 url=http://mimir-distributor.mimir.svc.cluster.local:8080/api/v1/push lowerBound=0.7 desiredShards=0.0010592347858779721 upperBound=1.3
ts=2025-06-03T07:33:57.773660452Z level=debug msg="runShard timer ticked, sending buffered data" component_path=/ component_id=prometheus.remote_write.default subcomponent=rw remote_name=110b58 url=http://mimir-distributor.mimir.svc.cluster.local:8080/api/v1/push samples=384 exemplars=0 shard=0 histograms=0
ts=2025-06-03T07:34:07.75743879Z level=debug msg=QueueManager.calculateDesiredShards component_path=/ component_id=prometheus.remote_write.default subcomponent=rw remote_name=110b58 url=http://mimir-distributor.mimir.svc.cluster.local:8080/api/v1/push dataInRate=13.98734848 dataOutRate=17.4841856 dataKeptRatio=1 dataPendingRate=-3.4968371200000004 dataPending=0 dataOutDuration=0.00022231955400959998 timePerSample=1.2715465226450123e-05 desiredShards=0.00017785564320767997 highestSent=1.748936034e+09 highestRecv=1.748936034e+09
ts=2025-06-03T07:34:07.757466831Z level=debug msg=QueueManager.updateShardsLoop component_path=/ component_id=prometheus.remote_write.default subcomponent=rw remote_name=110b58 url=http://mimir-distributor.mimir.svc.cluster.local:8080/api/v1/push lowerBound=0.7 desiredShards=0.00017785564320767997 upperBound=1.3
ts=2025-06-03T07:34:17.757289003Z level=debug msg=QueueManager.calculateDesiredShards component_path=/ component_id=prometheus.remote_write.default subcomponent=rw remote_name=110b58 url=http://mimir-distributor.mimir.svc.cluster.local:8080/api/v1/push dataInRate=11.189878784 dataOutRate=13.98734848 dataKeptRatio=1 dataPendingRate=-2.7974696960000003 dataPending=0 dataOutDuration=0.00017785564320768 timePerSample=1.2715465226450125e-05 desiredShards=0.000142284514566144 highestSent=1.748936034e+09 highestRecv=1.748936034e+09
ts=2025-06-03T07:34:17.757343711Z level=debug msg=QueueManager.updateShardsLoop component_path=/ component_id=prometheus.remote_write.default subcomponent=rw remote_name=110b58 url=http://mimir-distributor.mimir.svc.cluster.local:8080/api/v1/push lowerBound=0.7 desiredShards=0.000142284514566144 upperBound=1.3
ts=2025-06-03T07:34:27.756585966Z level=debug msg=QueueManager.calculateDesiredShards component_path=/ component_id=prometheus.remote_write.default subcomponent=rw remote_name=110b58 url=http://mimir-distributor.mimir.svc.cluster.local:8080/api/v1/push dataInRate=8.9519030272 dataOutRate=11.189878784 dataKeptRatio=1 dataPendingRate=-2.237975756799999 dataPending=0 dataOutDuration=0.00014228451456614402 timePerSample=1.2715465226450126e-05 desiredShards=0.00011382761165291523 highestSent=1.748936034e+09 highestRecv=1.748936034e+09
ts=2025-06-03T07:34:27.756630924Z level=debug msg=QueueManager.updateShardsLoop component_path=/ component_id=prometheus.remote_write.default subcomponent=rw remote_name=110b58 url=http://mimir-distributor.mimir.svc.cluster.local:8080/api/v1/push lowerBound=0.7 desiredShards=0.00011382761165291523 upperBound=1.3
ts=2025-06-03T07:34:37.756694471Z level=debug msg=QueueManager.calculateDesiredShards component_path=/ component_id=prometheus.remote_write.default subcomponent=rw remote_name=110b58 url=http://mimir-distributor.mimir.svc.cluster.local:8080/api/v1/push dataInRate=7.16152242176 dataOutRate=8.9519030272 dataKeptRatio=1 dataPendingRate=-1.7903806054400002 dataPending=0 dataOutDuration=0.0001138276116529152 timePerSample=1.2715465226450123e-05 desiredShards=9.106208932233215e-05 highestSent=1.748936034e+09 highestRecv=1.748936034e+09
ts=2025-06-03T07:34:37.756723971Z level=debug msg=QueueManager.updateShardsLoop component_path=/ component_id=prometheus.remote_write.default subcomponent=rw remote_name=110b58 url=http://mimir-distributor.mimir.svc.cluster.local:8080/api/v1/push lowerBound=0.7 desiredShards=9.106208932233215e-05 upperBound=1.3
ts=2025-06-03T07:34:39.29771718Z level=debug msg="Watcher is reading the WAL due to timeout, haven't received any write notifications recently" component_path=/ component_id=prometheus.remote_write.default subcomponent=rw remote_name=110b58 url=http://mimir-distributor.mimir.svc.cluster.local:8080/api/v1/push timeout=15s
ts=2025-06-03T07:34:47.756675976Z level=debug msg=QueueManager.calculateDesiredShards component_path=/ component_id=prometheus.remote_write.default subcomponent=rw remote_name=110b58 url=http://mimir-distributor.mimir.svc.cluster.local:8080/api/v1/push dataInRate=5.729217937408 dataOutRate=7.16152242176 dataKeptRatio=1 dataPendingRate=-1.4323044843519996 dataPending=0 dataOutDuration=9.106208932233217e-05 timePerSample=1.2715465226450125e-05 desiredShards=7.284967145786573e-05 highestSent=1.748936034e+09 highestRecv=1.748936034e+09
ts=2025-06-03T07:34:47.756717559Z level=debug msg=QueueManager.updateShardsLoop component_path=/ component_id=prometheus.remote_write.default subcomponent=rw remote_name=110b58 url=http://mimir-distributor.mimir.svc.cluster.local:8080/api/v1/push lowerBound=0.7 desiredShards=7.284967145786573e-05 upperBound=1.3
ts=2025-06-03T07:34:57.757244605Z level=debug msg=QueueManager.calculateDesiredShards component_path=/ component_id=prometheus.remote_write.default subcomponent=rw remote_name=110b58 url=http://mimir-distributor.mimir.svc.cluster.local:8080/api/v1/push dataInRate=12.2633743499264 dataOutRate=5.729217937408 dataKeptRatio=1 dataPendingRate=6.534156412518399 dataPending=735.8024609955839 dataOutDuration=7.284967145786573e-05 timePerSample=1.2715465226450123e-05 desiredShards=0.000623738040421718 highestSent=1.748936034e+09 highestRecv=1.748936094e+09
ts=2025-06-03T07:34:57.757276814Z level=debug msg=QueueManager.updateShardsLoop component_path=/ component_id=prometheus.remote_write.default subcomponent=rw remote_name=110b58 url=http://mimir-distributor.mimir.svc.cluster.local:8080/api/v1/push lowerBound=0.7 desiredShards=0.000623738040421718 upperBound=1.3
ts=2025-06-03T07:34:57.78484973Z level=debug msg="runShard timer ticked, sending buffered data" component_path=/ component_id=prometheus.remote_write.default subcomponent=rw remote_name=110b58 url=http://mimir-distributor.mimir.svc.cluster.local:8080/api/v1/push samples=384 exemplars=0 shard=0 histograms=0
ts=2025-06-03T07:35:07.016642776Z level=info msg="reload requested via /-/reload endpoint" service=http
ts=2025-06-03T07:35:07.017007651Z level=info msg="starting complete graph evaluation" controller_path=/ controller_id="" trace_id=0c43cc41bbab12fdfd80d4d0085bf639
ts=2025-06-03T07:35:07.017060776Z level=info msg="finished node evaluation" controller_path=/ controller_id="" trace_id=0c43cc41bbab12fdfd80d4d0085bf639 node_id=prometheus.exporter.kubestate.kubestate duration=33.583µs
ts=2025-06-03T07:35:07.017095985Z level=info msg="finished node evaluation" controller_path=/ controller_id="" trace_id=0c43cc41bbab12fdfd80d4d0085bf639 node_id=tracing duration=5.958µs
ts=2025-06-03T07:35:07.017116443Z level=info msg="finished node evaluation" controller_path=/ controller_id="" trace_id=0c43cc41bbab12fdfd80d4d0085bf639 node_id=logging duration=7.667µs
ts=2025-06-03T07:35:07.017123318Z level=info msg="finished node evaluation" controller_path=/ controller_id="" trace_id=0c43cc41bbab12fdfd80d4d0085bf639 node_id=labelstore duration=2.542µs
ts=2025-06-03T07:35:07.017142776Z level=info msg="finished node evaluation" controller_path=/ controller_id="" trace_id=0c43cc41bbab12fdfd80d4d0085bf639 node_id=discovery.kubernetes.kube_state_metrics duration=15.667µs
ts=2025-06-03T07:35:07.017999943Z level=info msg="finished node evaluation" controller_path=/ controller_id="" trace_id=0c43cc41bbab12fdfd80d4d0085bf639 node_id=discovery.relabel.kube_state_metrics duration=841µs
ts=2025-06-03T07:35:07.018014568Z level=info msg="finished node evaluation" controller_path=/ controller_id="" trace_id=0c43cc41bbab12fdfd80d4d0085bf639 node_id=prometheus.exporter.self.default duration=4.917µs
ts=2025-06-03T07:35:07.018026151Z level=info msg="finished node evaluation" controller_path=/ controller_id="" trace_id=0c43cc41bbab12fdfd80d4d0085bf639 node_id=remotecfg duration=7.709µs
ts=2025-06-03T07:35:07.01803336Z level=info msg="finished node evaluation" controller_path=/ controller_id="" trace_id=0c43cc41bbab12fdfd80d4d0085bf639 node_id=http duration=2.917µs
ts=2025-06-03T07:35:07.01803836Z level=info msg="finished node evaluation" controller_path=/ controller_id="" trace_id=0c43cc41bbab12fdfd80d4d0085bf639 node_id=cluster duration=1.333µs
ts=2025-06-03T07:35:07.01804411Z level=info msg="finished node evaluation" controller_path=/ controller_id="" trace_id=0c43cc41bbab12fdfd80d4d0085bf639 node_id=otel duration=2.625µs
ts=2025-06-03T07:35:07.018174776Z level=info msg="finished node evaluation" controller_path=/ controller_id="" trace_id=0c43cc41bbab12fdfd80d4d0085bf639 node_id=prometheus.remote_write.default duration=127.458µs
ts=2025-06-03T07:35:07.01820711Z level=info msg="finished node evaluation" controller_path=/ controller_id="" trace_id=0c43cc41bbab12fdfd80d4d0085bf639 node_id=prometheus.scrape.kube_state_metrics duration=26.958µs
ts=2025-06-03T07:35:07.018223068Z level=info msg="finished node evaluation" controller_path=/ controller_id="" trace_id=0c43cc41bbab12fdfd80d4d0085bf639 node_id=prometheus.scrape.alloymetrics duration=11.042µs
ts=2025-06-03T07:35:07.018451151Z level=info msg="finished node evaluation" controller_path=/ controller_id="" trace_id=0c43cc41bbab12fdfd80d4d0085bf639 node_id=prometheus.relabel.kube_state_metrics duration=223.208µs
ts=2025-06-03T07:35:07.018460443Z level=info msg="finished node evaluation" controller_path=/ controller_id="" trace_id=0c43cc41bbab12fdfd80d4d0085bf639 node_id=livedebugging duration=4.958µs
ts=2025-06-03T07:35:07.018465985Z level=info msg="finished node evaluation" controller_path=/ controller_id="" trace_id=0c43cc41bbab12fdfd80d4d0085bf639 node_id=ui duration=2.042µs
ts=2025-06-03T07:35:07.018469818Z level=info msg="finished complete graph evaluation" controller_path=/ controller_id="" trace_id=0c43cc41bbab12fdfd80d4d0085bf639 duration=1.561708ms
ts=2025-06-03T07:35:07.018501443Z level=info msg="config reloaded" service=http
ts=2025-06-03T07:35:07.01855761Z level=info msg="scheduling loaded components and services"
ts=2025-06-03T07:35:07.757585027Z level=debug msg=QueueManager.calculateDesiredShards component_path=/ component_id=prometheus.remote_write.default subcomponent=rw remote_name=110b58 url=http://mimir-distributor.mimir.svc.cluster.local:8080/api/v1/push dataInRate=9.81069947994112 dataOutRate=12.2633743499264 dataKeptRatio=1 dataPendingRate=-2.4526748699852803 dataPending=0 dataOutDuration=0.00011898639716629257 timePerSample=9.70258215814856e-06 desiredShards=9.518911773303406e-05 highestSent=1.748936094e+09 highestRecv=1.748936094e+09
ts=2025-06-03T07:35:07.757610402Z level=debug msg=QueueManager.updateShardsLoop component_path=/ component_id=prometheus.remote_write.default subcomponent=rw remote_name=110b58 url=http://mimir-distributor.mimir.svc.cluster.local:8080/api/v1/push lowerBound=0.7 desiredShards=9.518911773303406e-05 upperBound=1.3
ts=2025-06-03T07:35:17.757297323Z level=debug msg=QueueManager.calculateDesiredShards component_path=/ component_id=prometheus.remote_write.default subcomponent=rw remote_name=110b58 url=http://mimir-distributor.mimir.svc.cluster.local:8080/api/v1/push dataInRate=7.848559583952896 dataOutRate=9.81069947994112 dataKeptRatio=1 dataPendingRate=-1.9621398959882237 dataPending=0 dataOutDuration=9.518911773303406e-05 timePerSample=9.70258215814856e-06 desiredShards=7.615129418642725e-05 highestSent=1.748936094e+09 highestRecv=1.748936094e+09
ts=2025-06-03T07:35:17.757339906Z level=debug msg=QueueManager.updateShardsLoop component_path=/ component_id=prometheus.remote_write.default subcomponent=rw remote_name=110b58 url=http://mimir-distributor.mimir.svc.cluster.local:8080/api/v1/push lowerBound=0.7 desiredShards=7.615129418642725e-05 upperBound=1.3
ts=2025-06-03T07:35:27.75739112Z level=debug msg=QueueManager.calculateDesiredShards component_path=/ component_id=prometheus.remote_write.default subcomponent=rw remote_name=110b58 url=http://mimir-distributor.mimir.svc.cluster.local:8080/api/v1/push dataInRate=6.278847667162316 dataOutRate=7.848559583952896 dataKeptRatio=1 dataPendingRate=-1.5697119167905793 dataPending=0 dataOutDuration=7.615129418642725e-05 timePerSample=9.70258215814856e-06 desiredShards=6.0921035349141794e-05 highestSent=1.748936094e+09 highestRecv=1.748936094e+09
ts=2025-06-03T07:35:27.757432245Z level=debug msg=QueueManager.updateShardsLoop component_path=/ component_id=prometheus.remote_write.default subcomponent=rw remote_name=110b58 url=http://mimir-distributor.mimir.svc.cluster.local:8080/api/v1/push lowerBound=0.7 desiredShards=6.0921035349141794e-05 upperBound=1.3
ts=2025-06-03T07:35:37.756837708Z level=debug msg=QueueManager.calculateDesiredShards component_path=/ component_id=prometheus.remote_write.default subcomponent=rw remote_name=110b58 url=http://mimir-distributor.mimir.svc.cluster.local:8080/api/v1/push dataInRate=5.023078133729853 dataOutRate=6.278847667162316 dataKeptRatio=1 dataPendingRate=-1.2557695334324634 dataPending=0 dataOutDuration=6.0921035349141794e-05 timePerSample=9.70258215814856e-06 desiredShards=4.873682827931343e-05 highestSent=1.748936094e+09 highestRecv=1.748936094e+09
ts=2025-06-03T07:35:37.756887833Z level=debug msg=QueueManager.updateShardsLoop component_path=/ component_id=prometheus.remote_write.default subcomponent=rw remote_name=110b58 url=http://mimir-distributor.mimir.svc.cluster.local:8080/api/v1/push lowerBound=0.7 desiredShards=4.873682827931343e-05 upperBound=1.3
ts=2025-06-03T07:35:47.757550796Z level=debug msg=QueueManager.calculateDesiredShards component_path=/ component_id=prometheus.remote_write.default subcomponent=rw remote_name=110b58 url=http://mimir-distributor.mimir.svc.cluster.local:8080/api/v1/push dataInRate=4.018462506983882 dataOutRate=5.023078133729853 dataKeptRatio=1 dataPendingRate=-1.004615626745971 dataPending=0 dataOutDuration=4.873682827931344e-05 timePerSample=9.70258215814856e-06 desiredShards=3.8989462623450746e-05 highestSent=1.748936094e+09 highestRecv=1.748936094e+09
ts=2025-06-03T07:35:47.757592879Z level=debug msg=QueueManager.updateShardsLoop component_path=/ component_id=prometheus.remote_write.default subcomponent=rw remote_name=110b58 url=http://mimir-distributor.mimir.svc.cluster.local:8080/api/v1/push lowerBound=0.7 desiredShards=3.8989462623450746e-05 upperBound=1.3
ts=2025-06-03T07:35:57.756547551Z level=debug msg=QueueManager.calculateDesiredShards component_path=/ component_id=prometheus.remote_write.default subcomponent=rw remote_name=110b58 url=http://mimir-distributor.mimir.svc.cluster.local:8080/api/v1/push dataInRate=10.894770005587105 dataOutRate=4.018462506983882 dataKeptRatio=1 dataPendingRate=6.876307498603223 dataPending=653.6862003352263 dataOutDuration=3.8989462623450746e-05 timePerSample=9.70258215814856e-06 desiredShards=0.0004228296042933661 highestSent=1.748936094e+09 highestRecv=1.748936154e+09
ts=2025-06-03T07:35:57.756580551Z level=debug msg=QueueManager.updateShardsLoop component_path=/ component_id=prometheus.remote_write.default subcomponent=rw remote_name=110b58 url=http://mimir-distributor.mimir.svc.cluster.local:8080/api/v1/push lowerBound=0.7 desiredShards=0.0004228296042933661 upperBound=1.3
ts=2025-06-03T07:35:57.796492759Z level=debug msg="runShard timer ticked, sending buffered data" component_path=/ component_id=prometheus.remote_write.default subcomponent=rw remote_name=110b58 url=http://mimir-distributor.mimir.svc.cluster.local:8080/api/v1/push samples=384 exemplars=0 shard=0 histograms=0
ts=2025-06-03T07:36:07.756665764Z level=debug msg=QueueManager.calculateDesiredShards component_path=/ component_id=prometheus.remote_write.default subcomponent=rw remote_name=110b58 url=http://mimir-distributor.mimir.svc.cluster.local:8080/api/v1/push dataInRate=8.715816004469684 dataOutRate=10.894770005587105 dataKeptRatio=1 dataPendingRate=-2.1789540011174218 dataPending=0 dataOutDuration=0.0001131957300987606 timePerSample=1.038991461414156e-05 desiredShards=9.055658407900847e-05 highestSent=1.748936154e+09 highestRecv=1.748936154e+09
ts=2025-06-03T07:36:07.756699972Z level=debug msg=QueueManager.updateShardsLoop component_path=/ component_id=prometheus.remote_write.default subcomponent=rw remote_name=110b58 url=http://mimir-distributor.mimir.svc.cluster.local:8080/api/v1/push lowerBound=0.7 desiredShards=9.055658407900847e-05 upperBound=1.3
ts=2025-06-03T07:36:09.295020639Z level=debug msg="Watcher is reading the WAL due to timeout, haven't received any write notifications recently" component_path=/ component_id=prometheus.remote_write.default subcomponent=rw remote_name=110b58 url=http://mimir-distributor.mimir.svc.cluster.local:8080/api/v1/push timeout=15s
ts=2025-06-03T07:36:17.757364518Z level=debug msg=QueueManager.calculateDesiredShards component_path=/ component_id=prometheus.remote_write.default subcomponent=rw remote_name=110b58 url=http://mimir-distributor.mimir.svc.cluster.local:8080/api/v1/push dataInRate=6.9726528035757465 dataOutRate=8.715816004469684 dataKeptRatio=1 dataPendingRate=-1.743163200893937 dataPending=0 dataOutDuration=9.055658407900847e-05 timePerSample=1.038991461414156e-05 desiredShards=7.244526726320677e-05 highestSent=1.748936154e+09 highestRecv=1.748936154e+09
ts=2025-06-03T07:36:17.757422977Z level=debug msg=QueueManager.updateShardsLoop component_path=/ component_id=prometheus.remote_write.default subcomponent=rw remote_name=110b58 url=http://mimir-distributor.mimir.svc.cluster.local:8080/api/v1/push lowerBound=0.7 desiredShards=7.244526726320677e-05 upperBound=1.3
ts=2025-06-03T07:36:27.756959065Z level=debug msg=QueueManager.calculateDesiredShards component_path=/ component_id=prometheus.remote_write.default subcomponent=rw remote_name=110b58 url=http://mimir-distributor.mimir.svc.cluster.local:8080/api/v1/push dataInRate=5.578122242860597 dataOutRate=6.9726528035757465 dataKeptRatio=1 dataPendingRate=-1.3945305607151495 dataPending=0 dataOutDuration=7.244526726320678e-05 timePerSample=1.0389914614141562e-05 desiredShards=5.795621381056542e-05 highestSent=1.748936154e+09 highestRecv=1.748936154e+09
ts=2025-06-03T07:36:27.757009273Z level=debug msg=QueueManager.updateShardsLoop component_path=/ component_id=prometheus.remote_write.default subcomponent=rw remote_name=110b58 url=http://mimir-distributor.mimir.svc.cluster.local:8080/api/v1/push lowerBound=0.7 desiredShards=5.795621381056542e-05 upperBound=1.3
ts=2025-06-03T07:36:37.75694932Z level=debug msg=QueueManager.calculateDesiredShards component_path=/ component_id=prometheus.remote_write.default subcomponent=rw remote_name=110b58 url=http://mimir-distributor.mimir.svc.cluster.local:8080/api/v1/push dataInRate=4.462497794288478 dataOutRate=5.578122242860597 dataKeptRatio=1 dataPendingRate=-1.1156244485721194 dataPending=0 dataOutDuration=5.795621381056542e-05 timePerSample=1.0389914614141562e-05 desiredShards=4.636497104845234e-05 highestSent=1.748936154e+09 highestRecv=1.748936154e+09
ts=2025-06-03T07:36:37.756995403Z level=debug msg=QueueManager.updateShardsLoop component_path=/ component_id=prometheus.remote_write.default subcomponent=rw remote_name=110b58 url=http://mimir-distributor.mimir.svc.cluster.local:8080/api/v1/push lowerBound=0.7 desiredShards=4.636497104845234e-05 upperBound=1.3
ts=2025-06-03T07:36:47.756862408Z level=debug msg=QueueManager.calculateDesiredShards component_path=/ component_id=prometheus.remote_write.default subcomponent=rw remote_name=110b58 url=http://mimir-distributor.mimir.svc.cluster.local:8080/api/v1/push dataInRate=3.569998235430782 dataOutRate=4.462497794288478 dataKeptRatio=1 dataPendingRate=-0.8924995588576956 dataPending=0 dataOutDuration=4.636497104845234e-05 timePerSample=1.0389914614141562e-05 desiredShards=3.709197683876187e-05 highestSent=1.748936154e+09 highestRecv=1.748936154e+09
ts=2025-06-03T07:36:47.756912408Z level=debug msg=QueueManager.updateShardsLoop component_path=/ component_id=prometheus.remote_write.default subcomponent=rw remote_name=110b58 url=http://mimir-distributor.mimir.svc.cluster.local:8080/api/v1/push lowerBound=0.7 desiredShards=3.709197683876187e-05 upperBound=1.3
ts=2025-06-03T07:36:57.756851329Z level=debug msg=QueueManager.calculateDesiredShards component_path=/ component_id=prometheus.remote_write.default subcomponent=rw remote_name=110b58 url=http://mimir-distributor.mimir.svc.cluster.local:8080/api/v1/push dataInRate=10.535998588344626 dataOutRate=3.569998235430782 dataKeptRatio=1 dataPendingRate=6.966000352913843 dataPending=632.1599153006775 dataOutDuration=3.7091976838761865e-05 timePerSample=1.038991461414156e-05 desiredShards=0.00043787250283046673 highestSent=1.748936154e+09 highestRecv=1.748936214e+09
ts=2025-06-03T07:36:57.756894538Z level=debug msg=QueueManager.updateShardsLoop component_path=/ component_id=prometheus.remote_write.default subcomponent=rw remote_name=110b58 url=http://mimir-distributor.mimir.svc.cluster.local:8080/api/v1/push lowerBound=0.7 desiredShards=0.00043787250283046673 upperBound=1.3
ts=2025-06-03T07:36:57.807954746Z level=debug msg="runShard timer ticked, sending buffered data" component_path=/ component_id=prometheus.remote_write.default subcomponent=rw remote_name=110b58 url=http://mimir-distributor.mimir.svc.cluster.local:8080/api/v1/push samples=384 exemplars=0 shard=0 histograms=0
ts=2025-06-03T07:37:07.756695167Z level=debug msg=QueueManager.calculateDesiredShards component_path=/ component_id=prometheus.remote_write.default subcomponent=rw remote_name=110b58 url=http://mimir-distributor.mimir.svc.cluster.local:8080/api/v1/push dataInRate=8.4287988706757 dataOutRate=10.535998588344626 dataKeptRatio=1 dataPendingRate=-2.1071997176689248 dataPending=0 dataOutDuration=8.771690147100949e-05 timePerSample=8.325447344691722e-06 desiredShards=7.01735211768076e-05 highestSent=1.748936214e+09 highestRecv=1.748936214e+09
ts=2025-06-03T07:37:07.756735292Z level=debug msg=QueueManager.updateShardsLoop component_path=/ component_id=prometheus.remote_write.default subcomponent=rw remote_name=110b58 url=http://mimir-distributor.mimir.svc.cluster.local:8080/api/v1/push lowerBound=0.7 desiredShards=7.01735211768076e-05 upperBound=1.3
ts=2025-06-03T07:37:09.295062376Z level=debug msg="Watcher is reading the WAL due to timeout, haven't received any write notifications recently" component_path=/ component_id=prometheus.remote_write.default subcomponent=rw remote_name=110b58 url=http://mimir-distributor.mimir.svc.cluster.local:8080/api/v1/push timeout=15s
ts=2025-06-03T07:37:17.757336172Z level=debug msg=QueueManager.calculateDesiredShards component_path=/ component_id=prometheus.remote_write.default subcomponent=rw remote_name=110b58 url=http://mimir-distributor.mimir.svc.cluster.local:8080/api/v1/push dataInRate=6.743039096540561 dataOutRate=8.4287988706757 dataKeptRatio=1 dataPendingRate=-1.68575977413514 dataPending=0 dataOutDuration=7.01735211768076e-05 timePerSample=8.325447344691722e-06 desiredShards=5.6138816941446074e-05 highestSent=1.748936214e+09 highestRecv=1.748936214e+09
ts=2025-06-03T07:37:17.757376172Z level=debug msg=QueueManager.updateShardsLoop component_path=/ component_id=prometheus.remote_write.default subcomponent=rw remote_name=110b58 url=http://mimir-distributor.mimir.svc.cluster.local:8080/api/v1/push lowerBound=0.7 desiredShards=5.6138816941446074e-05 upperBound=1.3
ts=2025-06-03T07:37:27.757099302Z level=debug msg=QueueManager.calculateDesiredShards component_path=/ component_id=prometheus.remote_write.default subcomponent=rw remote_name=110b58 url=http://mimir-distributor.mimir.svc.cluster.local:8080/api/v1/push dataInRate=5.3944312772324485 dataOutRate=6.743039096540561 dataKeptRatio=1 dataPendingRate=-1.3486078193081124 dataPending=0 dataOutDuration=5.613881694144608e-05 timePerSample=8.325447344691722e-06 desiredShards=4.491105355315686e-05 highestSent=1.748936214e+09 highestRecv=1.748936214e+09
ts=2025-06-03T07:37:27.757138635Z level=debug msg=QueueManager.updateShardsLoop component_path=/ component_id=prometheus.remote_write.default subcomponent=rw remote_name=110b58 url=http://mimir-distributor.mimir.svc.cluster.local:8080/api/v1/push lowerBound=0.7 desiredShards=4.491105355315686e-05 upperBound=1.3
ts=2025-06-03T07:37:37.757325807Z level=debug msg=QueueManager.calculateDesiredShards component_path=/ component_id=prometheus.remote_write.default subcomponent=rw remote_name=110b58 url=http://mimir-distributor.mimir.svc.cluster.local:8080/api/v1/push dataInRate=4.315545021785959 dataOutRate=5.3944312772324485 dataKeptRatio=1 dataPendingRate=-1.0788862554464895 dataPending=0 dataOutDuration=4.491105355315686e-05 timePerSample=8.325447344691722e-06 desiredShards=3.592884284252549e-05 highestSent=1.748936214e+09 highestRecv=1.748936214e+09
ts=2025-06-03T07:37:37.757362432Z level=debug msg=QueueManager.updateShardsLoop component_path=/ component_id=prometheus.remote_write.default subcomponent=rw remote_name=110b58 url=http://mimir-distributor.mimir.svc.cluster.local:8080/api/v1/push lowerBound=0.7 desiredShards=3.592884284252549e-05 upperBound=1.3
ts=2025-06-03T07:37:47.756946853Z level=debug msg=QueueManager.calculateDesiredShards component_path=/ component_id=prometheus.remote_write.default subcomponent=rw remote_name=110b58 url=http://mimir-distributor.mimir.svc.cluster.local:8080/api/v1/push dataInRate=3.452436017428767 dataOutRate=4.315545021785959 dataKeptRatio=1 dataPendingRate=-0.8631090043571921 dataPending=0 dataOutDuration=3.592884284252549e-05 timePerSample=8.325447344691722e-06 desiredShards=2.874307427402039e-05 highestSent=1.748936214e+09 highestRecv=1.748936214e+09
ts=2025-06-03T07:37:47.756977353Z level=debug msg=QueueManager.updateShardsLoop component_path=/ component_id=prometheus.remote_write.default subcomponent=rw remote_name=110b58 url=http://mimir-distributor.mimir.svc.cluster.local:8080/api/v1/push lowerBound=0.7 desiredShards=2.874307427402039e-05 upperBound=1.3
ts=2025-06-03T07:37:57.756789649Z level=debug msg=QueueManager.calculateDesiredShards component_path=/ component_id=prometheus.remote_write.default subcomponent=rw remote_name=110b58 url=http://mimir-distributor.mimir.svc.cluster.local:8080/api/v1/push dataInRate=10.441948813943014 dataOutRate=3.452436017428767 dataKeptRatio=1 dataPendingRate=6.989512796514248 dataPending=626.5169288365809 dataOutDuration=2.874307427402039e-05 timePerSample=8.325447344691722e-06 desiredShards=0.00034773558010579495 highestSent=1.748936214e+09 highestRecv=1.748936274e+09
ts=2025-06-03T07:37:57.756827816Z level=debug msg=QueueManager.updateShardsLoop component_path=/ component_id=prometheus.remote_write.default subcomponent=rw remote_name=110b58 url=http://mimir-distributor.mimir.svc.cluster.local:8080/api/v1/push lowerBound=0.7 desiredShards=0.00034773558010579495 upperBound=1.3
ts=2025-06-03T07:37:57.820807274Z level=debug msg="runShard timer ticked, sending buffered data" component_path=/ component_id=prometheus.remote_write.default subcomponent=rw remote_name=110b58 url=http://mimir-distributor.mimir.svc.cluster.local:8080/api/v1/push samples=384 exemplars=0 shard=0 histograms=0
ts=2025-06-03T07:38:07.757274113Z level=debug msg=QueueManager.calculateDesiredShards component_path=/ component_id=prometheus.remote_write.default subcomponent=rw remote_name=110b58 url=http://mimir-distributor.mimir.svc.cluster.local:8080/api/v1/push dataInRate=8.353559051154411 dataOutRate=10.441948813943014 dataKeptRatio=1 dataPendingRate=-2.088389762788603 dataPending=0 dataOutDuration=9.995779941921632e-05 timePerSample=9.572714940504575e-06 desiredShards=7.996623953537305e-05 highestSent=1.748936274e+09 highestRecv=1.748936274e+09
ts=2025-06-03T07:38:07.757319404Z level=debug msg=QueueManager.updateShardsLoop component_path=/ component_id=prometheus.remote_write.default subcomponent=rw remote_name=110b58 url=http://mimir-distributor.mimir.svc.cluster.local:8080/api/v1/push lowerBound=0.7 desiredShards=7.996623953537305e-05 upperBound=1.3
ts=2025-06-03T07:38:09.295792447Z level=debug msg="Watcher is reading the WAL due to timeout, haven't received any write notifications recently" component_path=/ component_id=prometheus.remote_write.default subcomponent=rw remote_name=110b58 url=http://mimir-distributor.mimir.svc.cluster.local:8080/api/v1/push timeout=15s
ts=2025-06-03T07:38:17.757414076Z level=debug msg=QueueManager.calculateDesiredShards component_path=/ component_id=prometheus.remote_write.default subcomponent=rw remote_name=110b58 url=http://mimir-distributor.mimir.svc.cluster.local:8080/api/v1/push dataInRate=6.682847240923529 dataOutRate=8.353559051154411 dataKeptRatio=1 dataPendingRate=-1.6707118102308822 dataPending=0 dataOutDuration=7.996623953537305e-05 timePerSample=9.572714940504575e-06 desiredShards=6.397299162829844e-05 highestSent=1.748936274e+09 highestRecv=1.748936274e+09
ts=2025-06-03T07:38:17.757466367Z level=debug msg=QueueManager.updateShardsLoop component_path=/ component_id=prometheus.remote_write.default subcomponent=rw remote_name=110b58 url=http://mimir-distributor.mimir.svc.cluster.local:8080/api/v1/push lowerBound=0.7 desiredShards=6.397299162829844e-05 upperBound=1.3
