ts=2025-05-29T07:56:16.563457986Z level=info "boringcrypto enabled"=false
ts=2025-05-29T07:56:16.559893319Z level=info source=/go/pkg/mod/github.com/!kim!machine!gun/automemlimit@v0.7.0/memlimit/memlimit.go:175 msg="memory is not limited, skipping" package=github.com/KimMachineGun/automemlimit/memlimit
ts=2025-05-29T07:56:16.563497861Z level=info msg="no peer discovery configured: both join and discover peers are empty" service=cluster
ts=2025-05-29T07:56:16.563500694Z level=info msg="running usage stats reporter"
ts=2025-05-29T07:56:16.563502361Z level=info msg="starting complete graph evaluation" controller_path=/ controller_id="" trace_id=784888d9d98ab279e288255bcad1adf5
ts=2025-05-29T07:56:16.563509902Z level=info msg="finished node evaluation" controller_path=/ controller_id="" trace_id=784888d9d98ab279e288255bcad1adf5 node_id=prometheus.exporter.self.default duration=78.875µs
ts=2025-05-29T07:56:16.563512944Z level=info msg="finished node evaluation" controller_path=/ controller_id="" trace_id=784888d9d98ab279e288255bcad1adf5 node_id=tracing duration=40.166µs
ts=2025-05-29T07:56:16.563516111Z level=info msg="finished node evaluation" controller_path=/ controller_id="" trace_id=784888d9d98ab279e288255bcad1adf5 node_id=logging duration=75.958µs
ts=2025-05-29T07:56:16.564004944Z level=info msg="finished node evaluation" controller_path=/ controller_id="" trace_id=784888d9d98ab279e288255bcad1adf5 node_id=otel duration=2.958µs
ts=2025-05-29T07:56:16.574312194Z level=info msg="replaying WAL, this may take a while" component_path=/ component_id=prometheus.remote_write.default subcomponent=wal dir=/tmp/alloy/prometheus.remote_write.default/wal
ts=2025-05-29T07:56:16.576358111Z level=info msg="WAL segment loaded" component_path=/ component_id=prometheus.remote_write.default subcomponent=wal segment=0 maxSegment=0
ts=2025-05-29T07:56:16.585150111Z level=info msg="Starting WAL watcher" component_path=/ component_id=prometheus.remote_write.default subcomponent=rw remote_name=c5c5ca url=http://mimir-distributor.mimir.svc.cluster.local:8080/api/v1/push queue=c5c5ca
ts=2025-05-29T07:56:16.585376361Z level=info msg="Starting scraped metadata watcher" component_path=/ component_id=prometheus.remote_write.default subcomponent=rw remote_name=c5c5ca url=http://mimir-distributor.mimir.svc.cluster.local:8080/api/v1/push
ts=2025-05-29T07:56:16.585394402Z level=info msg="finished node evaluation" controller_path=/ controller_id="" trace_id=784888d9d98ab279e288255bcad1adf5 node_id=prometheus.remote_write.default duration=21.374667ms
ts=2025-05-29T07:56:16.588016194Z level=info msg="Replaying WAL" component_path=/ component_id=prometheus.remote_write.default subcomponent=rw remote_name=c5c5ca url=http://mimir-distributor.mimir.svc.cluster.local:8080/api/v1/push queue=c5c5ca
ts=2025-05-29T07:56:16.590036777Z level=debug msg="Tailing WAL" component_path=/ component_id=prometheus.remote_write.default subcomponent=rw remote_name=c5c5ca url=http://mimir-distributor.mimir.svc.cluster.local:8080/api/v1/push lastCheckpoint="" checkpointIndex=0 currentSegment=0 lastSegment=0
ts=2025-05-29T07:56:16.590110402Z level=debug msg="Processing segment" component_path=/ component_id=prometheus.remote_write.default subcomponent=rw remote_name=c5c5ca url=http://mimir-distributor.mimir.svc.cluster.local:8080/api/v1/push currentSegment=0
ts=2025-05-29T07:56:16.589980569Z level=debug msg="scrape config was updated" component_path=/ component_id=prometheus.scrape.alloymetrics
ts=2025-05-29T07:56:16.590210611Z level=info msg="finished node evaluation" controller_path=/ controller_id="" trace_id=784888d9d98ab279e288255bcad1adf5 node_id=prometheus.scrape.alloymetrics duration=4.798291ms
ts=2025-05-29T07:56:16.590424152Z level=debug msg="scrape config was updated" component_path=/ component_id=prometheus.scrape.kubestate
ts=2025-05-29T07:56:16.590428736Z level=info msg="finished node evaluation" controller_path=/ controller_id="" trace_id=784888d9d98ab279e288255bcad1adf5 node_id=prometheus.scrape.kubestate duration=207µs
ts=2025-05-29T07:56:16.590459236Z level=info msg="finished node evaluation" controller_path=/ controller_id="" trace_id=784888d9d98ab279e288255bcad1adf5 node_id=remotecfg duration=25.083µs
ts=2025-05-29T07:56:16.590474402Z level=info msg="applying non-TLS config to HTTP server" service=http
ts=2025-05-29T07:56:16.590477902Z level=info msg="finished node evaluation" controller_path=/ controller_id="" trace_id=784888d9d98ab279e288255bcad1adf5 node_id=http duration=9.459µs
ts=2025-05-29T07:56:16.590485736Z level=info msg="finished node evaluation" controller_path=/ controller_id="" trace_id=784888d9d98ab279e288255bcad1adf5 node_id=cluster duration=4µs
ts=2025-05-29T07:56:16.590493486Z level=info msg="finished node evaluation" controller_path=/ controller_id="" trace_id=784888d9d98ab279e288255bcad1adf5 node_id=livedebugging duration=4.292µs
ts=2025-05-29T07:56:16.590498569Z level=info msg="finished node evaluation" controller_path=/ controller_id="" trace_id=784888d9d98ab279e288255bcad1adf5 node_id=ui duration=1.125µs
ts=2025-05-29T07:56:16.590506111Z level=info msg="finished node evaluation" controller_path=/ controller_id="" trace_id=784888d9d98ab279e288255bcad1adf5 node_id=labelstore duration=4.292µs
ts=2025-05-29T07:56:16.590535486Z level=info msg="finished node evaluation" controller_path=/ controller_id="" trace_id=784888d9d98ab279e288255bcad1adf5 node_id=prometheus.exporter.kubestate.kubestate duration=26.125µs
ts=2025-05-29T07:56:16.590539402Z level=info msg="finished complete graph evaluation" controller_path=/ controller_id="" trace_id=784888d9d98ab279e288255bcad1adf5 duration=28.381208ms
ts=2025-05-29T07:56:16.590562777Z level=debug msg="changing node state" service=cluster from=viewer to=participant
ts=2025-05-29T07:56:16.590570611Z level=debug msg="alloy-lzfjw @1: participant" service=cluster
ts=2025-05-29T07:56:16.590893944Z level=info msg="scheduling loaded components and services"
ts=2025-05-29T07:56:16.591858569Z level=debug msg="finished node evaluation" controller_path=/ controller_id="" node_id=prometheus.scrape.kubestate duration=425.167µs
ts=2025-05-29T07:56:16.593466902Z level=info msg="now listening for http traffic" service=http addr=0.0.0.0:12345
ts=2025-05-29T07:56:16.593866652Z level=info msg="starting cluster node" service=cluster peers_count=0 peers="" advertise_addr=127.0.0.1:12345 minimum_cluster_size=0 minimum_size_wait_timeout=0s
ts=2025-05-29T07:56:16.593601527Z level=debug msg="passed new targets to scrape manager" component_path=/ component_id=prometheus.scrape.alloymetrics
ts=2025-05-29T07:56:16.593674611Z level=debug msg="passed new targets to scrape manager" component_path=/ component_id=prometheus.scrape.kubestate
ts=2025-05-29T07:56:16.594256486Z level=info msg="peers changed" service=cluster peers_count=1 min_cluster_size=0 peers=alloy-lzfjw
ts=2025-05-29T07:56:16.591927736Z level=debug msg="finished node evaluation" controller_path=/ controller_id="" node_id=prometheus.scrape.alloymetrics duration=886.5µs
ts=2025-05-29T07:56:16.594951611Z level=debug msg="finished node evaluation" controller_path=/ controller_id="" node_id=prometheus.scrape.alloymetrics duration=44.75µs
W0529 07:56:16.595952       1 client_config.go:667] Neither --kubeconfig nor --master was specified.  Using the inClusterConfig.  This might not work.
I0529 07:56:16.596518       1 server.go:194] "Used default resources"
I0529 07:56:16.598176       1 types.go:195] "Using all namespaces"
I0529 07:56:16.598243       1 server.go:233] "Metric allow-denylisting" allowDenyStatus="Excluding the following lists that were on denylist: "
W0529 07:56:16.598298       1 client_config.go:667] Neither --kubeconfig nor --master was specified.  Using the inClusterConfig.  This might not work.
I0529 07:56:16.606448       1 utils.go:70] "Tested communication with server"
I0529 07:56:16.612358       1 utils.go:75] "Run with Kubernetes cluster version" major="1" minor="31" gitVersion="v1.31.5+k3s1" gitTreeState="clean" gitCommit="56ec5dd4d012c1d77dc7f50f21f65183044c92e7" platform="linux/arm64"
I0529 07:56:16.612371       1 utils.go:76] "Communication with server successful"
I0529 07:56:16.613323       1 server.go:361] "Started metrics server" metricsServerAddress=":8080"
I0529 07:56:16.613526       1 tls_config.go:347] "Listening on" address="[::]:8080"
I0529 07:56:16.613692       1 tls_config.go:350] "TLS is disabled." http2=false address="[::]:8080"
I0529 07:56:16.613769       1 server.go:350] "Started kube-state-metrics self metrics server" telemetryAddress=":0"
I0529 07:56:16.613814       1 tls_config.go:347] "Listening on" address="[::]:37425"
I0529 07:56:16.613890       1 tls_config.go:350] "TLS is disabled." http2=false address="[::]:37425"
I0529 07:56:16.613878       1 metrics_handler.go:110] "Autosharding disabled"
I0529 07:56:16.613962       1 metrics_handler.go:92] "Configuring sharding of this instance to be shard index (zero-indexed) out of total shards" shard=0 totalShards=0
I0529 07:56:16.618893       1 builder.go:283] "Active resources" activeStoreNames="certificatesigningrequests,configmaps,cronjobs,daemonsets,deployments,endpoints,horizontalpodautoscalers,ingresses,jobs,leases,limitranges,mutatingwebhookconfigurations,namespaces,networkpolicies,nodes,persistentvolumeclaims,persistentvolumes,poddisruptionbudgets,pods,replicasets,replicationcontrollers,resourcequotas,secrets,services,statefulsets,storageclasses,validatingwebhookconfigurations,volumeattachments"
ts=2025-05-29T07:56:31.590274576Z level=debug msg="Watcher is reading the WAL due to timeout, haven't received any write notifications recently" component_path=/ component_id=prometheus.remote_write.default subcomponent=rw remote_name=c5c5ca url=http://mimir-distributor.mimir.svc.cluster.local:8080/api/v1/push timeout=15s
ts=2025-05-29T07:56:38.222847871Z level=debug msg="Scrape failed" component_path=/ component_id=prometheus.scrape.kubestate scrape_pool=kubestate-metrics target=http://localhost:43563/metrics err="Get \"http://localhost:43563/metrics\": dial tcp [::1]:43563: connect: connection refused"
ts=2025-05-29T07:56:38.223212079Z level=info msg="Done replaying WAL" component_path=/ component_id=prometheus.remote_write.default subcomponent=rw remote_name=c5c5ca url=http://mimir-distributor.mimir.svc.cluster.local:8080/api/v1/push duration=21.635261969s
ts=2025-05-29T07:56:41.591293039Z level=debug msg="runShard timer ticked, sending buffered data" component_path=/ component_id=prometheus.remote_write.default subcomponent=rw remote_name=c5c5ca url=http://mimir-distributor.mimir.svc.cluster.local:8080/api/v1/push samples=5 exemplars=0 shard=0 histograms=0
ts=2025-05-29T07:56:46.589275Z level=debug msg=QueueManager.calculateDesiredShards component_path=/ component_id=prometheus.remote_write.default subcomponent=rw remote_name=c5c5ca url=http://mimir-distributor.mimir.svc.cluster.local:8080/api/v1/push dataInRate=0.5 dataOutRate=0.5 dataKeptRatio=1 dataPendingRate=0 dataPending=0 dataOutDuration=0.0006013833 timePerSample=0.0012027666 desiredShards=0.0006013833 highestSent=1.748505398e+09 highestRecv=1.748505398e+09
ts=2025-05-29T07:56:46.589351292Z level=debug msg=QueueManager.updateShardsLoop component_path=/ component_id=prometheus.remote_write.default subcomponent=rw remote_name=c5c5ca url=http://mimir-distributor.mimir.svc.cluster.local:8080/api/v1/push lowerBound=0.7 desiredShards=0.0006013833 upperBound=1.3
ts=2025-05-29T07:56:50.483915377Z level=debug msg="dialed to in-memory listener"
ts=2025-05-29T07:56:50.483947252Z level=debug msg="accepted new in-memory connection"
ts=2025-05-29T07:56:51.598320919Z level=debug msg="runShard timer ticked, sending buffered data" component_path=/ component_id=prometheus.remote_write.default subcomponent=rw remote_name=c5c5ca url=http://mimir-distributor.mimir.svc.cluster.local:8080/api/v1/push samples=336 exemplars=0 shard=0 histograms=0
ts=2025-05-29T07:56:56.589420005Z level=debug msg=QueueManager.calculateDesiredShards component_path=/ component_id=prometheus.remote_write.default subcomponent=rw remote_name=c5c5ca url=http://mimir-distributor.mimir.svc.cluster.local:8080/api/v1/push dataInRate=7.120000000000001 dataOutRate=7.120000000000001 dataKeptRatio=1 dataPendingRate=0 dataPending=0 dataOutDuration=0.00059982498 timePerSample=8.424508146067415e-05 desiredShards=0.00059982498 highestSent=1.74850541e+09 highestRecv=1.74850541e+09
ts=2025-05-29T07:56:56.589490755Z level=debug msg=QueueManager.updateShardsLoop component_path=/ component_id=prometheus.remote_write.default subcomponent=rw remote_name=c5c5ca url=http://mimir-distributor.mimir.svc.cluster.local:8080/api/v1/push lowerBound=0.7 desiredShards=0.00059982498 upperBound=1.3
ts=2025-05-29T07:57:06.58999601Z level=debug msg=QueueManager.calculateDesiredShards component_path=/ component_id=prometheus.remote_write.default subcomponent=rw remote_name=c5c5ca url=http://mimir-distributor.mimir.svc.cluster.local:8080/api/v1/push dataInRate=5.696000000000001 dataOutRate=5.696000000000001 dataKeptRatio=1 dataPendingRate=0 dataPending=0 dataOutDuration=0.000479859984 timePerSample=8.424508146067415e-05 desiredShards=0.000479859984 highestSent=1.74850541e+09 highestRecv=1.74850541e+09
ts=2025-05-29T07:57:06.590055301Z level=debug msg=QueueManager.updateShardsLoop component_path=/ component_id=prometheus.remote_write.default subcomponent=rw remote_name=c5c5ca url=http://mimir-distributor.mimir.svc.cluster.local:8080/api/v1/push lowerBound=0.7 desiredShards=0.000479859984 upperBound=1.3
ts=2025-05-29T07:57:16.589656973Z level=debug msg=QueueManager.calculateDesiredShards component_path=/ component_id=prometheus.remote_write.default subcomponent=rw remote_name=c5c5ca url=http://mimir-distributor.mimir.svc.cluster.local:8080/api/v1/push dataInRate=4.556800000000001 dataOutRate=4.556800000000001 dataKeptRatio=1 dataPendingRate=0 dataPending=0 dataOutDuration=0.0003838879872 timePerSample=8.424508146067413e-05 desiredShards=0.0003838879872 highestSent=1.74850541e+09 highestRecv=1.74850541e+09
ts=2025-05-29T07:57:16.589769306Z level=debug msg=QueueManager.updateShardsLoop component_path=/ component_id=prometheus.remote_write.default subcomponent=rw remote_name=c5c5ca url=http://mimir-distributor.mimir.svc.cluster.local:8080/api/v1/push lowerBound=0.7 desiredShards=0.0003838879872 upperBound=1.3
ts=2025-05-29T07:57:26.589583269Z level=debug msg=QueueManager.calculateDesiredShards component_path=/ component_id=prometheus.remote_write.default subcomponent=rw remote_name=c5c5ca url=http://mimir-distributor.mimir.svc.cluster.local:8080/api/v1/push dataInRate=3.6454400000000007 dataOutRate=3.6454400000000007 dataKeptRatio=1 dataPendingRate=0 dataPending=0 dataOutDuration=0.00030711038975999997 timePerSample=8.424508146067413e-05 desiredShards=0.00030711038975999997 highestSent=1.74850541e+09 highestRecv=1.74850541e+09
ts=2025-05-29T07:57:26.589662519Z level=debug msg=QueueManager.updateShardsLoop component_path=/ component_id=prometheus.remote_write.default subcomponent=rw remote_name=c5c5ca url=http://mimir-distributor.mimir.svc.cluster.local:8080/api/v1/push lowerBound=0.7 desiredShards=0.00030711038975999997 upperBound=1.3
ts=2025-05-29T07:57:35.494641607Z level=debug msg="Watcher is reading the WAL due to timeout, haven't received any write notifications recently" component_path=/ component_id=prometheus.remote_write.default subcomponent=rw remote_name=c5c5ca url=http://mimir-distributor.mimir.svc.cluster.local:8080/api/v1/push timeout=15s
ts=2025-05-29T07:57:36.590081691Z level=debug msg=QueueManager.calculateDesiredShards component_path=/ component_id=prometheus.remote_write.default subcomponent=rw remote_name=c5c5ca url=http://mimir-distributor.mimir.svc.cluster.local:8080/api/v1/push dataInRate=2.9163520000000007 dataOutRate=2.9163520000000007 dataKeptRatio=1 dataPendingRate=0 dataPending=0 dataOutDuration=0.000245688311808 timePerSample=8.424508146067413e-05 desiredShards=0.000245688311808 highestSent=1.74850541e+09 highestRecv=1.74850541e+09
ts=2025-05-29T07:57:36.590156691Z level=debug msg=QueueManager.updateShardsLoop component_path=/ component_id=prometheus.remote_write.default subcomponent=rw remote_name=c5c5ca url=http://mimir-distributor.mimir.svc.cluster.local:8080/api/v1/push lowerBound=0.7 desiredShards=0.000245688311808 upperBound=1.3
ts=2025-05-29T07:57:38.2248529Z level=debug msg="Scrape failed" component_path=/ component_id=prometheus.scrape.kubestate scrape_pool=kubestate-metrics target=http://localhost:43563/metrics err="Get \"http://localhost:43563/metrics\": dial tcp [::1]:43563: connect: connection refused"
ts=2025-05-29T07:57:41.609839901Z level=debug msg="runShard timer ticked, sending buffered data" component_path=/ component_id=prometheus.remote_write.default subcomponent=rw remote_name=c5c5ca url=http://mimir-distributor.mimir.svc.cluster.local:8080/api/v1/push samples=5 exemplars=0 shard=0 histograms=0
ts=2025-05-29T07:57:46.589818862Z level=debug msg=QueueManager.calculateDesiredShards component_path=/ component_id=prometheus.remote_write.default subcomponent=rw remote_name=c5c5ca url=http://mimir-distributor.mimir.svc.cluster.local:8080/api/v1/push dataInRate=2.4330816000000004 dataOutRate=2.4330816000000004 dataKeptRatio=1 dataPendingRate=0 dataPending=0 dataOutDuration=0.0002534298094464 timePerSample=0.00010416001232609706 desiredShards=0.0002534298094464 highestSent=1.748505458e+09 highestRecv=1.748505458e+09
ts=2025-05-29T07:57:46.589917695Z level=debug msg=QueueManager.updateShardsLoop component_path=/ component_id=prometheus.remote_write.default subcomponent=rw remote_name=c5c5ca url=http://mimir-distributor.mimir.svc.cluster.local:8080/api/v1/push lowerBound=0.7 desiredShards=0.0002534298094464 upperBound=1.3
ts=2025-05-29T07:57:51.614469906Z level=debug msg="runShard timer ticked, sending buffered data" component_path=/ component_id=prometheus.remote_write.default subcomponent=rw remote_name=c5c5ca url=http://mimir-distributor.mimir.svc.cluster.local:8080/api/v1/push samples=350 exemplars=0 shard=0 histograms=0
ts=2025-05-29T07:57:56.589018075Z level=debug msg=QueueManager.calculateDesiredShards component_path=/ component_id=prometheus.remote_write.default subcomponent=rw remote_name=c5c5ca url=http://mimir-distributor.mimir.svc.cluster.local:8080/api/v1/push dataInRate=8.94646528 dataOutRate=8.94646528 dataKeptRatio=1 dataPendingRate=0 dataPending=0 dataOutDuration=0.00038092134755712 timePerSample=4.257786015317996e-05 desiredShards=0.00038092134755712 highestSent=1.74850547e+09 highestRecv=1.74850547e+09
ts=2025-05-29T07:57:56.5891052Z level=debug msg=QueueManager.updateShardsLoop component_path=/ component_id=prometheus.remote_write.default subcomponent=rw remote_name=c5c5ca url=http://mimir-distributor.mimir.svc.cluster.local:8080/api/v1/push lowerBound=0.7 desiredShards=0.00038092134755712 upperBound=1.3
ts=2025-05-29T07:58:06.58924108Z level=debug msg=QueueManager.calculateDesiredShards component_path=/ component_id=prometheus.remote_write.default subcomponent=rw remote_name=c5c5ca url=http://mimir-distributor.mimir.svc.cluster.local:8080/api/v1/push dataInRate=7.157172224 dataOutRate=7.157172224 dataKeptRatio=1 dataPendingRate=0 dataPending=0 dataOutDuration=0.000304737078045696 timePerSample=4.257786015317996e-05 desiredShards=0.000304737078045696 highestSent=1.74850547e+09 highestRecv=1.74850547e+09
ts=2025-05-29T07:58:06.589295538Z level=debug msg=QueueManager.updateShardsLoop component_path=/ component_id=prometheus.remote_write.default subcomponent=rw remote_name=c5c5ca url=http://mimir-distributor.mimir.svc.cluster.local:8080/api/v1/push lowerBound=0.7 desiredShards=0.000304737078045696 upperBound=1.3
ts=2025-05-29T07:58:16.589862251Z level=debug msg=QueueManager.calculateDesiredShards component_path=/ component_id=prometheus.remote_write.default subcomponent=rw remote_name=c5c5ca url=http://mimir-distributor.mimir.svc.cluster.local:8080/api/v1/push dataInRate=5.7257377792 dataOutRate=5.7257377792 dataKeptRatio=1 dataPendingRate=0 dataPending=0 dataOutDuration=0.0002437896624365568 timePerSample=4.257786015317996e-05 desiredShards=0.00024378966243655681 highestSent=1.74850547e+09 highestRecv=1.74850547e+09
ts=2025-05-29T07:58:16.589897043Z level=debug msg=QueueManager.updateShardsLoop component_path=/ component_id=prometheus.remote_write.default subcomponent=rw remote_name=c5c5ca url=http://mimir-distributor.mimir.svc.cluster.local:8080/api/v1/push lowerBound=0.7 desiredShards=0.00024378966243655681 upperBound=1.3
ts=2025-05-29T07:58:26.589117381Z level=debug msg=QueueManager.calculateDesiredShards component_path=/ component_id=prometheus.remote_write.default subcomponent=rw remote_name=c5c5ca url=http://mimir-distributor.mimir.svc.cluster.local:8080/api/v1/push dataInRate=4.58059022336 dataOutRate=4.58059022336 dataKeptRatio=1 dataPendingRate=0 dataPending=0 dataOutDuration=0.00019503172994924544 timePerSample=4.257786015317996e-05 desiredShards=0.00019503172994924544 highestSent=1.74850547e+09 highestRecv=1.74850547e+09
ts=2025-05-29T07:58:26.589148964Z level=debug msg=QueueManager.updateShardsLoop component_path=/ component_id=prometheus.remote_write.default subcomponent=rw remote_name=c5c5ca url=http://mimir-distributor.mimir.svc.cluster.local:8080/api/v1/push lowerBound=0.7 desiredShards=0.00019503172994924544 upperBound=1.3
ts=2025-05-29T07:58:35.499516635Z level=debug msg="Watcher is reading the WAL due to timeout, haven't received any write notifications recently" component_path=/ component_id=prometheus.remote_write.default subcomponent=rw remote_name=c5c5ca url=http://mimir-distributor.mimir.svc.cluster.local:8080/api/v1/push timeout=15s
ts=2025-05-29T07:58:36.589449802Z level=debug msg=QueueManager.calculateDesiredShards component_path=/ component_id=prometheus.remote_write.default subcomponent=rw remote_name=c5c5ca url=http://mimir-distributor.mimir.svc.cluster.local:8080/api/v1/push dataInRate=3.664472178688 dataOutRate=3.664472178688 dataKeptRatio=1 dataPendingRate=0 dataPending=0 dataOutDuration=0.00015602538395939633 timePerSample=4.2577860153179954e-05 desiredShards=0.00015602538395939633 highestSent=1.74850547e+09 highestRecv=1.74850547e+09
ts=2025-05-29T07:58:36.589518219Z level=debug msg=QueueManager.updateShardsLoop component_path=/ component_id=prometheus.remote_write.default subcomponent=rw remote_name=c5c5ca url=http://mimir-distributor.mimir.svc.cluster.local:8080/api/v1/push lowerBound=0.7 desiredShards=0.00015602538395939633 upperBound=1.3
ts=2025-05-29T07:58:38.22367022Z level=debug msg="Scrape failed" component_path=/ component_id=prometheus.scrape.kubestate scrape_pool=kubestate-metrics target=http://localhost:43563/metrics err="Get \"http://localhost:43563/metrics\": dial tcp [::1]:43563: connect: connection refused"
ts=2025-05-29T07:58:41.628271555Z level=debug msg="runShard timer ticked, sending buffered data" component_path=/ component_id=prometheus.remote_write.default subcomponent=rw remote_name=c5c5ca url=http://mimir-distributor.mimir.svc.cluster.local:8080/api/v1/push samples=5 exemplars=0 shard=0 histograms=0
ts=2025-05-29T07:58:46.589584557Z level=debug msg=QueueManager.calculateDesiredShards component_path=/ component_id=prometheus.remote_write.default subcomponent=rw remote_name=c5c5ca url=http://mimir-distributor.mimir.svc.cluster.local:8080/api/v1/push dataInRate=3.0315777429504 dataOutRate=3.0315777429504 dataKeptRatio=1 dataPendingRate=0 dataPending=0 dataOutDuration=0.0001772178071675171 timePerSample=5.845728600548595e-05 desiredShards=0.0001772178071675171 highestSent=1.748505518e+09 highestRecv=1.748505518e+09
ts=2025-05-29T07:58:46.589635766Z level=debug msg=QueueManager.updateShardsLoop component_path=/ component_id=prometheus.remote_write.default subcomponent=rw remote_name=c5c5ca url=http://mimir-distributor.mimir.svc.cluster.local:8080/api/v1/push lowerBound=0.7 desiredShards=0.0001772178071675171 upperBound=1.3
ts=2025-05-29T07:58:51.632343726Z level=debug msg="runShard timer ticked, sending buffered data" component_path=/ component_id=prometheus.remote_write.default subcomponent=rw remote_name=c5c5ca url=http://mimir-distributor.mimir.svc.cluster.local:8080/api/v1/push samples=350 exemplars=0 shard=0 histograms=0
ts=2025-05-29T07:58:56.58988602Z level=debug msg=QueueManager.calculateDesiredShards component_path=/ component_id=prometheus.remote_write.default subcomponent=rw remote_name=c5c5ca url=http://mimir-distributor.mimir.svc.cluster.local:8080/api/v1/push dataInRate=9.42526219436032 dataOutRate=9.42526219436032 dataKeptRatio=1 dataPendingRate=0 dataPending=0 dataOutDuration=0.0002622984257340137 timePerSample=2.7829297511846624e-05 desiredShards=0.0002622984257340137 highestSent=1.74850553e+09 highestRecv=1.74850553e+09
ts=2025-05-29T07:58:56.59000677Z level=debug msg=QueueManager.updateShardsLoop component_path=/ component_id=prometheus.remote_write.default subcomponent=rw remote_name=c5c5ca url=http://mimir-distributor.mimir.svc.cluster.local:8080/api/v1/push lowerBound=0.7 desiredShards=0.0002622984257340137 upperBound=1.3
ts=2025-05-29T07:59:06.5891194Z level=debug msg=QueueManager.calculateDesiredShards component_path=/ component_id=prometheus.remote_write.default subcomponent=rw remote_name=c5c5ca url=http://mimir-distributor.mimir.svc.cluster.local:8080/api/v1/push dataInRate=7.540209755488256 dataOutRate=7.540209755488256 dataKeptRatio=1 dataPendingRate=0 dataPending=0 dataOutDuration=0.00020983874058721092 timePerSample=2.7829297511846618e-05 desiredShards=0.00020983874058721092 highestSent=1.74850553e+09 highestRecv=1.74850553e+09
ts=2025-05-29T07:59:06.589227567Z level=debug msg=QueueManager.updateShardsLoop component_path=/ component_id=prometheus.remote_write.default subcomponent=rw remote_name=c5c5ca url=http://mimir-distributor.mimir.svc.cluster.local:8080/api/v1/push lowerBound=0.7 desiredShards=0.00020983874058721092 upperBound=1.3
ts=2025-05-29T07:59:16.383392696Z level=info msg="reload requested via /-/reload endpoint" service=http
ts=2025-05-29T07:59:16.383965321Z level=info msg="starting complete graph evaluation" controller_path=/ controller_id="" trace_id=844855b30aa4eb874c9d0d7336e42667
ts=2025-05-29T07:59:16.384149113Z level=info msg="finished node evaluation" controller_path=/ controller_id="" trace_id=844855b30aa4eb874c9d0d7336e42667 node_id=livedebugging duration=158.25µs
ts=2025-05-29T07:59:16.385332196Z level=info msg="finished node evaluation" controller_path=/ controller_id="" trace_id=844855b30aa4eb874c9d0d7336e42667 node_id=prometheus.remote_write.default duration=1.135875ms
ts=2025-05-29T07:59:16.385562655Z level=info msg="finished node evaluation" controller_path=/ controller_id="" trace_id=844855b30aa4eb874c9d0d7336e42667 node_id=prometheus.scrape.kubestate duration=171.459µs
ts=2025-05-29T07:59:16.385622321Z level=info msg="finished node evaluation" controller_path=/ controller_id="" trace_id=844855b30aa4eb874c9d0d7336e42667 node_id=logging duration=33.375µs
ts=2025-05-29T07:59:16.385662863Z level=info msg="finished node evaluation" controller_path=/ controller_id="" trace_id=844855b30aa4eb874c9d0d7336e42667 node_id=remotecfg duration=30.917µs
ts=2025-05-29T07:59:16.385706363Z level=info msg="finished node evaluation" controller_path=/ controller_id="" trace_id=844855b30aa4eb874c9d0d7336e42667 node_id=http duration=20.833µs
ts=2025-05-29T07:59:16.385728988Z level=info msg="finished node evaluation" controller_path=/ controller_id="" trace_id=844855b30aa4eb874c9d0d7336e42667 node_id=cluster duration=1.083µs
ts=2025-05-29T07:59:16.385738196Z level=info msg="finished node evaluation" controller_path=/ controller_id="" trace_id=844855b30aa4eb874c9d0d7336e42667 node_id=ui duration=875ns
ts=2025-05-29T07:59:16.385758655Z level=info msg="finished node evaluation" controller_path=/ controller_id="" trace_id=844855b30aa4eb874c9d0d7336e42667 node_id=labelstore duration=3.25µs
ts=2025-05-29T07:59:16.38580828Z level=info msg="finished node evaluation" controller_path=/ controller_id="" trace_id=844855b30aa4eb874c9d0d7336e42667 node_id=prometheus.exporter.kubestate.kubestate duration=45.042µs
ts=2025-05-29T07:59:16.385839946Z level=info msg="finished node evaluation" controller_path=/ controller_id="" trace_id=844855b30aa4eb874c9d0d7336e42667 node_id=prometheus.exporter.self.default duration=10.708µs
ts=2025-05-29T07:59:16.38586803Z level=info msg="finished node evaluation" controller_path=/ controller_id="" trace_id=844855b30aa4eb874c9d0d7336e42667 node_id=prometheus.scrape.alloymetrics duration=23.25µs
ts=2025-05-29T07:59:16.385885738Z level=info msg="finished node evaluation" controller_path=/ controller_id="" trace_id=844855b30aa4eb874c9d0d7336e42667 node_id=tracing duration=10.5µs
ts=2025-05-29T07:59:16.385909113Z level=info msg="finished node evaluation" controller_path=/ controller_id="" trace_id=844855b30aa4eb874c9d0d7336e42667 node_id=otel duration=7.167µs
ts=2025-05-29T07:59:16.385923738Z level=info msg="finished complete graph evaluation" controller_path=/ controller_id="" trace_id=844855b30aa4eb874c9d0d7336e42667 duration=2.185875ms
ts=2025-05-29T07:59:16.385950613Z level=info msg="config reloaded" service=http
ts=2025-05-29T07:59:16.385975321Z level=info msg="scheduling loaded components and services"
ts=2025-05-29T07:59:16.589493363Z level=debug msg=QueueManager.calculateDesiredShards component_path=/ component_id=prometheus.remote_write.default subcomponent=rw remote_name=c5c5ca url=http://mimir-distributor.mimir.svc.cluster.local:8080/api/v1/push dataInRate=6.032167804390605 dataOutRate=6.032167804390605 dataKeptRatio=1 dataPendingRate=0 dataPending=0 dataOutDuration=0.00016787099246976873 timePerSample=2.7829297511846614e-05 desiredShards=0.00016787099246976873 highestSent=1.74850553e+09 highestRecv=1.74850553e+09
ts=2025-05-29T07:59:16.589527488Z level=debug msg=QueueManager.updateShardsLoop component_path=/ component_id=prometheus.remote_write.default subcomponent=rw remote_name=c5c5ca url=http://mimir-distributor.mimir.svc.cluster.local:8080/api/v1/push lowerBound=0.7 desiredShards=0.00016787099246976873 upperBound=1.3
ts=2025-05-29T07:59:26.589525118Z level=debug msg=QueueManager.calculateDesiredShards component_path=/ component_id=prometheus.remote_write.default subcomponent=rw remote_name=c5c5ca url=http://mimir-distributor.mimir.svc.cluster.local:8080/api/v1/push dataInRate=4.825734243512484 dataOutRate=4.825734243512484 dataKeptRatio=1 dataPendingRate=0 dataPending=0 dataOutDuration=0.000134296793975815 timePerSample=2.782929751184662e-05 desiredShards=0.000134296793975815 highestSent=1.74850553e+09 highestRecv=1.74850553e+09
ts=2025-05-29T07:59:26.589601535Z level=debug msg=QueueManager.updateShardsLoop component_path=/ component_id=prometheus.remote_write.default subcomponent=rw remote_name=c5c5ca url=http://mimir-distributor.mimir.svc.cluster.local:8080/api/v1/push lowerBound=0.7 desiredShards=0.000134296793975815 upperBound=1.3
ts=2025-05-29T07:59:36.589966914Z level=debug msg=QueueManager.calculateDesiredShards component_path=/ component_id=prometheus.remote_write.default subcomponent=rw remote_name=c5c5ca url=http://mimir-distributor.mimir.svc.cluster.local:8080/api/v1/push dataInRate=3.8605873948099867 dataOutRate=3.8605873948099867 dataKeptRatio=1 dataPendingRate=0 dataPending=0 dataOutDuration=0.000107437435180652 timePerSample=2.782929751184662e-05 desiredShards=0.000107437435180652 highestSent=1.74850553e+09 highestRecv=1.74850553e+09
ts=2025-05-29T07:59:36.590015539Z level=debug msg=QueueManager.updateShardsLoop component_path=/ component_id=prometheus.remote_write.default subcomponent=rw remote_name=c5c5ca url=http://mimir-distributor.mimir.svc.cluster.local:8080/api/v1/push lowerBound=0.7 desiredShards=0.000107437435180652 upperBound=1.3
ts=2025-05-29T07:59:38.223721165Z level=debug msg="Scrape failed" component_path=/ component_id=prometheus.scrape.kubestate scrape_pool=kubestate-metrics target=http://localhost:43563/metrics err="Get \"http://localhost:43563/metrics\": dial tcp [::1]:43563: connect: connection refused"
ts=2025-05-29T07:59:41.645077Z level=debug msg="runShard timer ticked, sending buffered data" component_path=/ component_id=prometheus.remote_write.default subcomponent=rw remote_name=c5c5ca url=http://mimir-distributor.mimir.svc.cluster.local:8080/api/v1/push samples=5 exemplars=0 shard=0 histograms=0
ts=2025-05-29T07:59:46.589649544Z level=debug msg=QueueManager.calculateDesiredShards component_path=/ component_id=prometheus.remote_write.default subcomponent=rw remote_name=c5c5ca url=http://mimir-distributor.mimir.svc.cluster.local:8080/api/v1/push dataInRate=3.1884699158479894 dataOutRate=3.1884699158479894 dataKeptRatio=1 dataPendingRate=0 dataPending=0 dataOutDuration=0.0001967882881445216 timePerSample=6.171872193819485e-05 desiredShards=0.00019678828814452158 highestSent=1.748505578e+09 highestRecv=1.748505578e+09
ts=2025-05-29T07:59:46.589707086Z level=debug msg=QueueManager.updateShardsLoop component_path=/ component_id=prometheus.remote_write.default subcomponent=rw remote_name=c5c5ca url=http://mimir-distributor.mimir.svc.cluster.local:8080/api/v1/push lowerBound=0.7 desiredShards=0.00019678828814452158 upperBound=1.3
ts=2025-05-29T07:59:51.652563297Z level=debug msg="runShard timer ticked, sending buffered data" component_path=/ component_id=prometheus.remote_write.default subcomponent=rw remote_name=c5c5ca url=http://mimir-distributor.mimir.svc.cluster.local:8080/api/v1/push samples=350 exemplars=0 shard=0 histograms=0
ts=2025-05-29T07:59:56.589196507Z level=debug msg=QueueManager.calculateDesiredShards component_path=/ component_id=prometheus.remote_write.default subcomponent=rw remote_name=c5c5ca url=http://mimir-distributor.mimir.svc.cluster.local:8080/api/v1/push dataInRate=9.550775932678391 dataOutRate=9.550775932678391 dataKeptRatio=1 dataPendingRate=0 dataPending=0 dataOutDuration=0.00027035481051561724 timePerSample=2.830710430453997e-05 desiredShards=0.00027035481051561724 highestSent=1.74850559e+09 highestRecv=1.74850559e+09
ts=2025-05-29T07:59:56.589259966Z level=debug msg=QueueManager.updateShardsLoop component_path=/ component_id=prometheus.remote_write.default subcomponent=rw remote_name=c5c5ca url=http://mimir-distributor.mimir.svc.cluster.local:8080/api/v1/push lowerBound=0.7 desiredShards=0.00027035481051561724 upperBound=1.3
ts=2025-05-29T08:00:05.503609178Z level=debug msg="Watcher is reading the WAL due to timeout, haven't received any write notifications recently" component_path=/ component_id=prometheus.remote_write.default subcomponent=rw remote_name=c5c5ca url=http://mimir-distributor.mimir.svc.cluster.local:8080/api/v1/push timeout=15s
ts=2025-05-29T08:00:06.58922072Z level=debug msg=QueueManager.calculateDesiredShards component_path=/ component_id=prometheus.remote_write.default subcomponent=rw remote_name=c5c5ca url=http://mimir-distributor.mimir.svc.cluster.local:8080/api/v1/push dataInRate=7.640620746142713 dataOutRate=7.640620746142713 dataKeptRatio=1 dataPendingRate=0 dataPending=0 dataOutDuration=0.0002162838484124938 timePerSample=2.8307104304539972e-05 desiredShards=0.0002162838484124938 highestSent=1.74850559e+09 highestRecv=1.74850559e+09
ts=2025-05-29T08:00:06.589312179Z level=debug msg=QueueManager.updateShardsLoop component_path=/ component_id=prometheus.remote_write.default subcomponent=rw remote_name=c5c5ca url=http://mimir-distributor.mimir.svc.cluster.local:8080/api/v1/push lowerBound=0.7 desiredShards=0.0002162838484124938 upperBound=1.3
ts=2025-05-29T08:00:16.588995892Z level=debug msg=QueueManager.calculateDesiredShards component_path=/ component_id=prometheus.remote_write.default subcomponent=rw remote_name=c5c5ca url=http://mimir-distributor.mimir.svc.cluster.local:8080/api/v1/push dataInRate=6.112496596914171 dataOutRate=6.112496596914171 dataKeptRatio=1 dataPendingRate=0 dataPending=0 dataOutDuration=0.00017302707872999504 timePerSample=2.830710430453997e-05 desiredShards=0.00017302707872999504 highestSent=1.74850559e+09 highestRecv=1.74850559e+09
ts=2025-05-29T08:00:16.589089142Z level=debug msg=QueueManager.updateShardsLoop component_path=/ component_id=prometheus.remote_write.default subcomponent=rw remote_name=c5c5ca url=http://mimir-distributor.mimir.svc.cluster.local:8080/api/v1/push lowerBound=0.7 desiredShards=0.00017302707872999504 upperBound=1.3
ts=2025-05-29T08:00:26.590007188Z level=debug msg=QueueManager.calculateDesiredShards component_path=/ component_id=prometheus.remote_write.default subcomponent=rw remote_name=c5c5ca url=http://mimir-distributor.mimir.svc.cluster.local:8080/api/v1/push dataInRate=4.889997277531337 dataOutRate=4.889997277531337 dataKeptRatio=1 dataPendingRate=0 dataPending=0 dataOutDuration=0.00013842166298399603 timePerSample=2.830710430453997e-05 desiredShards=0.00013842166298399603 highestSent=1.74850559e+09 highestRecv=1.74850559e+09
ts=2025-05-29T08:00:26.590080438Z level=debug msg=QueueManager.updateShardsLoop component_path=/ component_id=prometheus.remote_write.default subcomponent=rw remote_name=c5c5ca url=http://mimir-distributor.mimir.svc.cluster.local:8080/api/v1/push lowerBound=0.7 desiredShards=0.00013842166298399603 upperBound=1.3
ts=2025-05-29T08:00:36.589263943Z level=debug msg=QueueManager.calculateDesiredShards component_path=/ component_id=prometheus.remote_write.default subcomponent=rw remote_name=c5c5ca url=http://mimir-distributor.mimir.svc.cluster.local:8080/api/v1/push dataInRate=3.9119978220250693 dataOutRate=3.9119978220250693 dataKeptRatio=1 dataPendingRate=0 dataPending=0 dataOutDuration=0.00011073733038719683 timePerSample=2.830710430453997e-05 desiredShards=0.00011073733038719683 highestSent=1.74850559e+09 highestRecv=1.74850559e+09
ts=2025-05-29T08:00:36.589313818Z level=debug msg=QueueManager.updateShardsLoop component_path=/ component_id=prometheus.remote_write.default subcomponent=rw remote_name=c5c5ca url=http://mimir-distributor.mimir.svc.cluster.local:8080/api/v1/push lowerBound=0.7 desiredShards=0.00011073733038719683 upperBound=1.3
ts=2025-05-29T08:00:38.22402761Z level=debug msg="Scrape failed" component_path=/ component_id=prometheus.scrape.kubestate scrape_pool=kubestate-metrics target=http://localhost:43563/metrics err="Get \"http://localhost:43563/metrics\": dial tcp [::1]:43563: connect: connection refused"
ts=2025-05-29T08:00:41.663881154Z level=debug msg="runShard timer ticked, sending buffered data" component_path=/ component_id=prometheus.remote_write.default subcomponent=rw remote_name=c5c5ca url=http://mimir-distributor.mimir.svc.cluster.local:8080/api/v1/push samples=5 exemplars=0 shard=0 histograms=0
ts=2025-05-29T08:00:46.589113781Z level=debug msg=QueueManager.calculateDesiredShards component_path=/ component_id=prometheus.remote_write.default subcomponent=rw remote_name=c5c5ca url=http://mimir-distributor.mimir.svc.cluster.local:8080/api/v1/push dataInRate=3.2295982576200553 dataOutRate=3.2295982576200553 dataKeptRatio=1 dataPendingRate=0 dataPending=0 dataOutDuration=0.00013438570430975746 timePerSample=4.161065667925785e-05 desiredShards=0.00013438570430975746 highestSent=1.748505638e+09 highestRecv=1.748505638e+09
ts=2025-05-29T08:00:46.589191323Z level=debug msg=QueueManager.updateShardsLoop component_path=/ component_id=prometheus.remote_write.default subcomponent=rw remote_name=c5c5ca url=http://mimir-distributor.mimir.svc.cluster.local:8080/api/v1/push lowerBound=0.7 desiredShards=0.00013438570430975746 upperBound=1.3
ts=2025-05-29T08:00:51.667185784Z level=debug msg="runShard timer ticked, sending buffered data" component_path=/ component_id=prometheus.remote_write.default subcomponent=rw remote_name=c5c5ca url=http://mimir-distributor.mimir.svc.cluster.local:8080/api/v1/push samples=350 exemplars=0 shard=0 histograms=0
ts=2025-05-29T08:00:56.590055994Z level=debug msg=QueueManager.calculateDesiredShards component_path=/ component_id=prometheus.remote_write.default subcomponent=rw remote_name=c5c5ca url=http://mimir-distributor.mimir.svc.cluster.local:8080/api/v1/push dataInRate=9.583678606096045 dataOutRate=9.583678606096045 dataKeptRatio=1 dataPendingRate=0 dataPending=0 dataOutDuration=0.00019591690344780596 timePerSample=2.044276644702859e-05 desiredShards=0.00019591690344780596 highestSent=1.74850565e+09 highestRecv=1.74850565e+09
ts=2025-05-29T08:00:56.590170953Z level=debug msg=QueueManager.updateShardsLoop component_path=/ component_id=prometheus.remote_write.default subcomponent=rw remote_name=c5c5ca url=http://mimir-distributor.mimir.svc.cluster.local:8080/api/v1/push lowerBound=0.7 desiredShards=0.00019591690344780596 upperBound=1.3
ts=2025-05-29T08:01:06.589716832Z level=debug msg=QueueManager.calculateDesiredShards component_path=/ component_id=prometheus.remote_write.default subcomponent=rw remote_name=c5c5ca url=http://mimir-distributor.mimir.svc.cluster.local:8080/api/v1/push dataInRate=7.666942884876836 dataOutRate=7.666942884876836 dataKeptRatio=1 dataPendingRate=0 dataPending=0 dataOutDuration=0.00015673352275824478 timePerSample=2.044276644702859e-05 desiredShards=0.00015673352275824478 highestSent=1.74850565e+09 highestRecv=1.74850565e+09
ts=2025-05-29T08:01:06.589808541Z level=debug msg=QueueManager.updateShardsLoop component_path=/ component_id=prometheus.remote_write.default subcomponent=rw remote_name=c5c5ca url=http://mimir-distributor.mimir.svc.cluster.local:8080/api/v1/push lowerBound=0.7 desiredShards=0.00015673352275824478 upperBound=1.3
