k logs alloy-9pzhk -n alloy

W0522 14:26:51.504863       1 manager.go:320] Could not configure a source for OOM detection, disabling OOM events: open /dev/kmsg: no such file or directory
ts=2025-05-22T14:26:51.508541288Z level=info "boringcrypto enabled"=false
ts=2025-05-22T14:26:46.47699241Z level=info source=/go/pkg/mod/github.com/!kim!machine!gun/automemlimit@v0.7.0/memlimit/memlimit.go:175 msg="memory is not limited, skipping" package=github.com/KimMachineGun/automemlimit/memlimit
ts=2025-05-22T14:26:51.508586954Z level=info msg="no peer discovery configured: both join and discover peers are empty" service=cluster
ts=2025-05-22T14:26:51.508590496Z level=info msg="starting complete graph evaluation" controller_path=/ controller_id="" trace_id=3f0489e43a92d13604da400449d0fef2
ts=2025-05-22T14:26:51.508599538Z level=info msg="finished node evaluation" controller_path=/ controller_id="" trace_id=3f0489e43a92d13604da400449d0fef2 node_id=tracing duration=4.167µs
ts=2025-05-22T14:26:51.508603954Z level=info msg="finished node evaluation" controller_path=/ controller_id="" trace_id=3f0489e43a92d13604da400449d0fef2 node_id=remotecfg duration=31.5µs
ts=2025-05-22T14:26:51.508606621Z level=info msg="applying non-TLS config to HTTP server" service=http
ts=2025-05-22T14:26:51.508609038Z level=info msg="finished node evaluation" controller_path=/ controller_id="" trace_id=3f0489e43a92d13604da400449d0fef2 node_id=http duration=3.083µs
ts=2025-05-22T14:26:51.508611663Z level=info msg="finished node evaluation" controller_path=/ controller_id="" trace_id=3f0489e43a92d13604da400449d0fef2 node_id=cluster duration=1.5µs
ts=2025-05-22T14:26:51.508614163Z level=info msg="finished node evaluation" controller_path=/ controller_id="" trace_id=3f0489e43a92d13604da400449d0fef2 node_id=otel duration=250ns
ts=2025-05-22T14:26:51.508616496Z level=info msg="finished node evaluation" controller_path=/ controller_id="" trace_id=3f0489e43a92d13604da400449d0fef2 node_id=livedebugging duration=1.75µs
ts=2025-05-22T14:26:51.508618871Z level=info msg="finished node evaluation" controller_path=/ controller_id="" trace_id=3f0489e43a92d13604da400449d0fef2 node_id=ui duration=333ns
ts=2025-05-22T14:26:51.508621413Z level=info msg="finished node evaluation" controller_path=/ controller_id="" trace_id=3f0489e43a92d13604da400449d0fef2 node_id=labelstore duration=1µs
ts=2025-05-22T14:26:51.508623954Z level=info msg="running usage stats reporter"
ts=2025-05-22T14:26:51.508625871Z level=info msg="replaying WAL, this may take a while" component_path=/ component_id=prometheus.remote_write.default subcomponent=wal dir=/tmp/alloy/prometheus.remote_write.default/wal
ts=2025-05-22T14:26:51.508629621Z level=info msg="WAL segment loaded" component_path=/ component_id=prometheus.remote_write.default subcomponent=wal segment=0 maxSegment=0
ts=2025-05-22T14:26:51.508632329Z level=info msg="Starting WAL watcher" component_path=/ component_id=prometheus.remote_write.default subcomponent=rw remote_name=15aecc url=http://mimir-distributor.mimir.svc.cluster.local:8080/api/v1/push queue=15aecc
ts=2025-05-22T14:26:51.508636746Z level=info msg="Starting scraped metadata watcher" component_path=/ component_id=prometheus.remote_write.default subcomponent=rw remote_name=15aecc url=http://mimir-distributor.mimir.svc.cluster.local:8080/api/v1/push
ts=2025-05-22T14:26:51.508640329Z level=info msg="finished node evaluation" controller_path=/ controller_id="" trace_id=3f0489e43a92d13604da400449d0fef2 node_id=prometheus.remote_write.default duration=11.19425ms
ts=2025-05-22T14:26:51.508643079Z level=info msg="Replaying WAL" component_path=/ component_id=prometheus.remote_write.default subcomponent=rw remote_name=15aecc url=http://mimir-distributor.mimir.svc.cluster.local:8080/api/v1/push queue=15aecc
ts=2025-05-22T14:26:51.508645829Z level=debug msg="Tailing WAL" component_path=/ component_id=prometheus.remote_write.default subcomponent=rw remote_name=15aecc url=http://mimir-distributor.mimir.svc.cluster.local:8080/api/v1/push lastCheckpoint="" checkpointIndex=0 currentSegment=0 lastSegment=0
ts=2025-05-22T14:26:51.508717163Z level=debug msg="Processing segment" component_path=/ component_id=prometheus.remote_write.default subcomponent=rw remote_name=15aecc url=http://mimir-distributor.mimir.svc.cluster.local:8080/api/v1/push currentSegment=0
ts=2025-05-22T14:26:51.508721413Z level=info msg="finished node evaluation" controller_path=/ controller_id="" trace_id=3f0489e43a92d13604da400449d0fef2 node_id=prometheus.exporter.kubestate.kubestate duration=5.011469377s
ts=2025-05-22T14:26:51.508724246Z level=debug msg="scrape config was updated" component_path=/ component_id=prometheus.scrape.kubestate
ts=2025-05-22T14:26:51.508726663Z level=info msg="finished node evaluation" controller_path=/ controller_id="" trace_id=3f0489e43a92d13604da400449d0fef2 node_id=prometheus.scrape.kubestate duration=1.703708ms
ts=2025-05-22T14:26:51.508730079Z level=info msg="finished node evaluation" controller_path=/ controller_id="" trace_id=3f0489e43a92d13604da400449d0fef2 node_id=logging duration=214.541µs
ts=2025-05-22T14:26:51.508765954Z level=info msg="finished node evaluation" controller_path=/ controller_id="" trace_id=3f0489e43a92d13604da400449d0fef2 node_id=prometheus.exporter.self.default duration=21.541µs
ts=2025-05-22T14:26:51.509086163Z level=debug msg="scrape config was updated" component_path=/ component_id=prometheus.scrape.alloymetrics
ts=2025-05-22T14:26:51.509098413Z level=info msg="finished node evaluation" controller_path=/ controller_id="" trace_id=3f0489e43a92d13604da400449d0fef2 node_id=prometheus.scrape.alloymetrics duration=314.042µs
ts=2025-05-22T14:26:51.509104954Z level=info msg="finished complete graph evaluation" controller_path=/ controller_id="" trace_id=3f0489e43a92d13604da400449d0fef2 duration=5.025531919s
ts=2025-05-22T14:26:51.509139121Z level=debug msg="changing node state" service=cluster from=viewer to=participant
ts=2025-05-22T14:26:51.509154621Z level=debug msg="alloy-c9hzp @1: participant" service=cluster
ts=2025-05-22T14:26:51.509171788Z level=info msg="scheduling loaded components and services"
ts=2025-05-22T14:26:51.510194163Z level=info msg="starting cluster node" service=cluster peers_count=0 peers="" advertise_addr=127.0.0.1:12345 minimum_cluster_size=0 minimum_size_wait_timeout=0s
ts=2025-05-22T14:26:51.510594079Z level=debug msg="finished node evaluation" controller_path=/ controller_id="" node_id=prometheus.scrape.kubestate duration=956.208µs
ts=2025-05-22T14:26:51.511509079Z level=debug msg="passed new targets to scrape manager" component_path=/ component_id=prometheus.scrape.kubestate
ts=2025-05-22T14:26:51.511601413Z level=debug msg="finished node evaluation" controller_path=/ controller_id="" node_id=prometheus.scrape.alloymetrics duration=33.625µs
ts=2025-05-22T14:26:51.511679163Z level=debug msg="finished node evaluation" controller_path=/ controller_id="" node_id=prometheus.scrape.alloymetrics duration=38.291µs
ts=2025-05-22T14:26:51.511838288Z level=debug msg="passed new targets to scrape manager" component_path=/ component_id=prometheus.scrape.alloymetrics
ts=2025-05-22T14:26:51.511886246Z level=debug msg="finished node evaluation" controller_path=/ controller_id="" node_id=prometheus.scrape.kubestate duration=1.273541ms
ts=2025-05-22T14:26:51.511900746Z level=info msg="now listening for http traffic" service=http addr=0.0.0.0:12345
ts=2025-05-22T14:26:51.512029538Z level=info msg="peers changed" service=cluster peers_count=1 min_cluster_size=0 peers=alloy-c9hzp
ts=2025-05-22T14:26:58.880720791Z level=debug msg="dialed to in-memory listener"
ts=2025-05-22T14:26:58.880756124Z level=debug msg="accepted new in-memory connection"
ts=2025-05-22T14:26:58.895031541Z level=info msg="Done replaying WAL" component_path=/ component_id=prometheus.remote_write.default subcomponent=rw remote_name=15aecc url=http://mimir-distributor.mimir.svc.cluster.local:8080/api/v1/push duration=12.399637173s
ts=2025-05-22T14:27:01.498635001Z level=debug msg="runShard timer ticked, sending buffered data" component_path=/ component_id=prometheus.remote_write.default subcomponent=rw remote_name=15aecc url=http://mimir-distributor.mimir.svc.cluster.local:8080/api/v1/push samples=211 exemplars=0 shard=0 histograms=0
ts=2025-05-22T14:27:06.49836017Z level=debug msg=QueueManager.calculateDesiredShards component_path=/ component_id=prometheus.remote_write.default subcomponent=rw remote_name=15aecc url=http://mimir-distributor.mimir.svc.cluster.local:8080/api/v1/push dataInRate=21.1 dataOutRate=21.1 dataKeptRatio=1 dataPendingRate=0 dataPending=0 dataOutDuration=0.00733155 timePerSample=0.00034746682464454975 desiredShards=0.00733155 highestSent=1.747924018e+09 highestRecv=1.747924018e+09
ts=2025-05-22T14:27:06.498408795Z level=debug msg=QueueManager.updateShardsLoop component_path=/ component_id=prometheus.remote_write.default subcomponent=rw remote_name=15aecc url=http://mimir-distributor.mimir.svc.cluster.local:8080/api/v1/push lowerBound=0.7 desiredShards=0.00733155 upperBound=1.3
ts=2025-05-22T14:27:13.895707173Z level=debug msg="Watcher is reading the WAL due to timeout, haven't received any write notifications recently" component_path=/ component_id=prometheus.remote_write.default subcomponent=rw remote_name=15aecc url=http://mimir-distributor.mimir.svc.cluster.local:8080/api/v1/push timeout=15s
ts=2025-05-22T14:27:16.498460591Z level=debug msg=QueueManager.calculateDesiredShards component_path=/ component_id=prometheus.remote_write.default subcomponent=rw remote_name=15aecc url=http://mimir-distributor.mimir.svc.cluster.local:8080/api/v1/push dataInRate=16.880000000000003 dataOutRate=16.880000000000003 dataKeptRatio=1 dataPendingRate=0 dataPending=0 dataOutDuration=0.00586524 timePerSample=0.0003474668246445497 desiredShards=0.00586524 highestSent=1.747924018e+09 highestRecv=1.747924018e+09
ts=2025-05-22T14:27:16.498545049Z level=debug msg=QueueManager.updateShardsLoop component_path=/ component_id=prometheus.remote_write.default subcomponent=rw remote_name=15aecc url=http://mimir-distributor.mimir.svc.cluster.local:8080/api/v1/push lowerBound=0.7 desiredShards=0.00586524 upperBound=1.3
ts=2025-05-22T14:27:26.499110596Z level=debug msg=QueueManager.calculateDesiredShards component_path=/ component_id=prometheus.remote_write.default subcomponent=rw remote_name=15aecc url=http://mimir-distributor.mimir.svc.cluster.local:8080/api/v1/push dataInRate=13.504000000000001 dataOutRate=13.504000000000001 dataKeptRatio=1 dataPendingRate=0 dataPending=0 dataOutDuration=0.004692192 timePerSample=0.00034746682464454975 desiredShards=0.004692192 highestSent=1.747924018e+09 highestRecv=1.747924018e+09
ts=2025-05-22T14:27:26.499136721Z level=debug msg=QueueManager.updateShardsLoop component_path=/ component_id=prometheus.remote_write.default subcomponent=rw remote_name=15aecc url=http://mimir-distributor.mimir.svc.cluster.local:8080/api/v1/push lowerBound=0.7 desiredShards=0.004692192 upperBound=1.3
ts=2025-05-22T14:27:27.332269388Z level=debug msg="dialed to in-memory listener"
ts=2025-05-22T14:27:27.332288096Z level=debug msg="accepted new in-memory connection"
ts=2025-05-22T14:27:31.573719848Z level=debug msg="runShard timer ticked, sending buffered data" component_path=/ component_id=prometheus.remote_write.default subcomponent=rw remote_name=15aecc url=http://mimir-distributor.mimir.svc.cluster.local:8080/api/v1/push samples=336 exemplars=0 shard=0 histograms=0
ts=2025-05-22T14:27:36.498341601Z level=debug msg=QueueManager.calculateDesiredShards component_path=/ component_id=prometheus.remote_write.default subcomponent=rw remote_name=15aecc url=http://mimir-distributor.mimir.svc.cluster.local:8080/api/v1/push dataInRate=17.523200000000003 dataOutRate=17.523200000000003 dataKeptRatio=1 dataPendingRate=0 dataPending=0 dataOutDuration=0.0038586911 timePerSample=0.0002202047057615047 desiredShards=0.0038586911 highestSent=1.747924047e+09 highestRecv=1.747924047e+09
ts=2025-05-22T14:27:36.498383434Z level=debug msg=QueueManager.updateShardsLoop component_path=/ component_id=prometheus.remote_write.default subcomponent=rw remote_name=15aecc url=http://mimir-distributor.mimir.svc.cluster.local:8080/api/v1/push lowerBound=0.7 desiredShards=0.0038586911 upperBound=1.3
ts=2025-05-22T14:27:46.498528564Z level=debug msg=QueueManager.calculateDesiredShards component_path=/ component_id=prometheus.remote_write.default subcomponent=rw remote_name=15aecc url=http://mimir-distributor.mimir.svc.cluster.local:8080/api/v1/push dataInRate=14.018560000000003 dataOutRate=14.018560000000003 dataKeptRatio=1 dataPendingRate=0 dataPending=0 dataOutDuration=0.00308695288 timePerSample=0.0002202047057615047 desiredShards=0.00308695288 highestSent=1.747924047e+09 highestRecv=1.747924047e+09
ts=2025-05-22T14:27:46.498715314Z level=debug msg=QueueManager.updateShardsLoop component_path=/ component_id=prometheus.remote_write.default subcomponent=rw remote_name=15aecc url=http://mimir-distributor.mimir.svc.cluster.local:8080/api/v1/push lowerBound=0.7 desiredShards=0.00308695288 upperBound=1.3
ts=2025-05-22T14:27:56.498230694Z level=debug msg=QueueManager.calculateDesiredShards component_path=/ component_id=prometheus.remote_write.default subcomponent=rw remote_name=15aecc url=http://mimir-distributor.mimir.svc.cluster.local:8080/api/v1/push dataInRate=11.214848000000002 dataOutRate=11.214848000000002 dataKeptRatio=1 dataPendingRate=0 dataPending=0 dataOutDuration=0.002469562304 timePerSample=0.0002202047057615047 desiredShards=0.002469562304 highestSent=1.747924047e+09 highestRecv=1.747924047e+09
ts=2025-05-22T14:27:56.498276027Z level=debug msg=QueueManager.updateShardsLoop component_path=/ component_id=prometheus.remote_write.default subcomponent=rw remote_name=15aecc url=http://mimir-distributor.mimir.svc.cluster.local:8080/api/v1/push lowerBound=0.7 desiredShards=0.002469562304 upperBound=1.3
ts=2025-05-22T14:28:01.583377238Z level=debug msg="runShard timer ticked, sending buffered data" component_path=/ component_id=prometheus.remote_write.default subcomponent=rw remote_name=15aecc url=http://mimir-distributor.mimir.svc.cluster.local:8080/api/v1/push samples=211 exemplars=0 shard=0 histograms=0
ts=2025-05-22T14:28:06.499140157Z level=debug msg=QueueManager.calculateDesiredShards component_path=/ component_id=prometheus.remote_write.default subcomponent=rw remote_name=15aecc url=http://mimir-distributor.mimir.svc.cluster.local:8080/api/v1/push dataInRate=13.191878400000002 dataOutRate=13.191878400000002 dataKeptRatio=1 dataPendingRate=0 dataPending=0 dataOutDuration=0.0020433073432 timePerSample=0.00015489131124798723 desiredShards=0.0020433073432 highestSent=1.747924078e+09 highestRecv=1.747924078e+09
ts=2025-05-22T14:28:06.499175615Z level=debug msg=QueueManager.updateShardsLoop component_path=/ component_id=prometheus.remote_write.default subcomponent=rw remote_name=15aecc url=http://mimir-distributor.mimir.svc.cluster.local:8080/api/v1/push lowerBound=0.7 desiredShards=0.0020433073432 upperBound=1.3
ts=2025-05-22T14:28:16.498543453Z level=debug msg=QueueManager.calculateDesiredShards component_path=/ component_id=prometheus.remote_write.default subcomponent=rw remote_name=15aecc url=http://mimir-distributor.mimir.svc.cluster.local:8080/api/v1/push dataInRate=10.553502720000001 dataOutRate=10.553502720000001 dataKeptRatio=1 dataPendingRate=0 dataPending=0 dataOutDuration=0.0016346458745599998 timePerSample=0.00015489131124798723 desiredShards=0.0016346458745599998 highestSent=1.747924078e+09 highestRecv=1.747924078e+09
ts=2025-05-22T14:28:16.498571495Z level=debug msg=QueueManager.updateShardsLoop component_path=/ component_id=prometheus.remote_write.default subcomponent=rw remote_name=15aecc url=http://mimir-distributor.mimir.svc.cluster.local:8080/api/v1/push lowerBound=0.7 desiredShards=0.0016346458745599998 upperBound=1.3
ts=2025-05-22T14:28:26.498622125Z level=debug msg=QueueManager.calculateDesiredShards component_path=/ component_id=prometheus.remote_write.default subcomponent=rw remote_name=15aecc url=http://mimir-distributor.mimir.svc.cluster.local:8080/api/v1/push dataInRate=8.442802176 dataOutRate=8.442802176 dataKeptRatio=1 dataPendingRate=0 dataPending=0 dataOutDuration=0.001307716699648 timePerSample=0.00015489131124798723 desiredShards=0.001307716699648 highestSent=1.747924078e+09 highestRecv=1.747924078e+09
ts=2025-05-22T14:28:26.498660333Z level=debug msg=QueueManager.updateShardsLoop component_path=/ component_id=prometheus.remote_write.default subcomponent=rw remote_name=15aecc url=http://mimir-distributor.mimir.svc.cluster.local:8080/api/v1/push lowerBound=0.7 desiredShards=0.001307716699648 upperBound=1.3
ts=2025-05-22T14:28:31.589572044Z level=debug msg="runShard timer ticked, sending buffered data" component_path=/ component_id=prometheus.remote_write.default subcomponent=rw remote_name=15aecc url=http://mimir-distributor.mimir.svc.cluster.local:8080/api/v1/push samples=350 exemplars=0 shard=0 histograms=0
ts=2025-05-22T14:28:36.498228046Z level=debug msg=QueueManager.calculateDesiredShards component_path=/ component_id=prometheus.remote_write.default subcomponent=rw remote_name=15aecc url=http://mimir-distributor.mimir.svc.cluster.local:8080/api/v1/push dataInRate=13.754241740800001 dataOutRate=13.754241740800001 dataKeptRatio=1 dataPendingRate=0 dataPending=0 dataOutDuration=0.0011057025397183998 timePerSample=8.038993065233764e-05 desiredShards=0.0011057025397183998 highestSent=1.747924107e+09 highestRecv=1.747924107e+09
ts=2025-05-22T14:28:36.498275963Z level=debug msg=QueueManager.updateShardsLoop component_path=/ component_id=prometheus.remote_write.default subcomponent=rw remote_name=15aecc url=http://mimir-distributor.mimir.svc.cluster.local:8080/api/v1/push lowerBound=0.7 desiredShards=0.0011057025397183998 upperBound=1.3
ts=2025-05-22T14:28:42.335503674Z level=debug msg="Watcher is reading the WAL due to timeout, haven't received any write notifications recently" component_path=/ component_id=prometheus.remote_write.default subcomponent=rw remote_name=15aecc url=http://mimir-distributor.mimir.svc.cluster.local:8080/api/v1/push timeout=15s
ts=2025-05-22T14:28:46.504283051Z level=debug msg=QueueManager.calculateDesiredShards component_path=/ component_id=prometheus.remote_write.default subcomponent=rw remote_name=15aecc url=http://mimir-distributor.mimir.svc.cluster.local:8080/api/v1/push dataInRate=11.003393392640001 dataOutRate=11.003393392640001 dataKeptRatio=1 dataPendingRate=0 dataPending=0 dataOutDuration=0.0008845620317747199 timePerSample=8.038993065233764e-05 desiredShards=0.00088456203177472 highestSent=1.747924107e+09 highestRecv=1.747924107e+09
ts=2025-05-22T14:28:46.504373509Z level=debug msg=QueueManager.updateShardsLoop component_path=/ component_id=prometheus.remote_write.default subcomponent=rw remote_name=15aecc url=http://mimir-distributor.mimir.svc.cluster.local:8080/api/v1/push lowerBound=0.7 desiredShards=0.00088456203177472 upperBound=1.3
ts=2025-05-22T14:28:56.498453014Z level=debug msg=QueueManager.calculateDesiredShards component_path=/ component_id=prometheus.remote_write.default subcomponent=rw remote_name=15aecc url=http://mimir-distributor.mimir.svc.cluster.local:8080/api/v1/push dataInRate=8.802714714112001 dataOutRate=8.802714714112001 dataKeptRatio=1 dataPendingRate=0 dataPending=0 dataOutDuration=0.0007076496254197758 timePerSample=8.038993065233763e-05 desiredShards=0.0007076496254197758 highestSent=1.747924107e+09 highestRecv=1.747924107e+09
ts=2025-05-22T14:28:56.49852818Z level=debug msg=QueueManager.updateShardsLoop component_path=/ component_id=prometheus.remote_write.default subcomponent=rw remote_name=15aecc url=http://mimir-distributor.mimir.svc.cluster.local:8080/api/v1/push lowerBound=0.7 desiredShards=0.0007076496254197758 upperBound=1.3
ts=2025-05-22T14:29:01.596508558Z level=debug msg="runShard timer ticked, sending buffered data" component_path=/ component_id=prometheus.remote_write.default subcomponent=rw remote_name=15aecc url=http://mimir-distributor.mimir.svc.cluster.local:8080/api/v1/push samples=211 exemplars=0 shard=0 histograms=0
ts=2025-05-22T14:29:06.49834231Z level=debug msg=QueueManager.calculateDesiredShards component_path=/ component_id=prometheus.remote_write.default subcomponent=rw remote_name=15aecc url=http://mimir-distributor.mimir.svc.cluster.local:8080/api/v1/push dataInRate=11.262171771289601 dataOutRate=11.262171771289601 dataKeptRatio=1 dataPendingRate=0 dataPending=0 dataOutDuration=0.0006206455403358206 timePerSample=5.510886824848634e-05 desiredShards=0.0006206455403358206 highestSent=1.747924138e+09 highestRecv=1.747924138e+09
ts=2025-05-22T14:29:06.498385269Z level=debug msg=QueueManager.updateShardsLoop component_path=/ component_id=prometheus.remote_write.default subcomponent=rw remote_name=15aecc url=http://mimir-distributor.mimir.svc.cluster.local:8080/api/v1/push lowerBound=0.7 desiredShards=0.0006206455403358206 upperBound=1.3
ts=2025-05-22T14:29:16.498579565Z level=debug msg=QueueManager.calculateDesiredShards component_path=/ component_id=prometheus.remote_write.default subcomponent=rw remote_name=15aecc url=http://mimir-distributor.mimir.svc.cluster.local:8080/api/v1/push dataInRate=9.009737417031682 dataOutRate=9.009737417031682 dataKeptRatio=1 dataPendingRate=0 dataPending=0 dataOutDuration=0.0004965164322686565 timePerSample=5.510886824848634e-05 desiredShards=0.0004965164322686565 highestSent=1.747924138e+09 highestRecv=1.747924138e+09
ts=2025-05-22T14:29:16.498624815Z level=debug msg=QueueManager.updateShardsLoop component_path=/ component_id=prometheus.remote_write.default subcomponent=rw remote_name=15aecc url=http://mimir-distributor.mimir.svc.cluster.local:8080/api/v1/push lowerBound=0.7 desiredShards=0.0004965164322686565 upperBound=1.3
ts=2025-05-22T14:29:26.499244361Z level=debug msg=QueueManager.calculateDesiredShards component_path=/ component_id=prometheus.remote_write.default subcomponent=rw remote_name=15aecc url=http://mimir-distributor.mimir.svc.cluster.local:8080/api/v1/push dataInRate=7.207789933625345 dataOutRate=7.207789933625345 dataKeptRatio=1 dataPendingRate=0 dataPending=0 dataOutDuration=0.0003972131458149252 timePerSample=5.5108868248486333e-05 desiredShards=0.0003972131458149252 highestSent=1.747924138e+09 highestRecv=1.747924138e+09
ts=2025-05-22T14:29:26.499271445Z level=debug msg=QueueManager.updateShardsLoop component_path=/ component_id=prometheus.remote_write.default subcomponent=rw remote_name=15aecc url=http://mimir-distributor.mimir.svc.cluster.local:8080/api/v1/push lowerBound=0.7 desiredShards=0.0003972131458149252 upperBound=1.3
ts=2025-05-22T14:29:31.602618489Z level=debug msg="runShard timer ticked, sending buffered data" component_path=/ component_id=prometheus.remote_write.default subcomponent=rw remote_name=15aecc url=http://mimir-distributor.mimir.svc.cluster.local:8080/api/v1/push samples=350 exemplars=0 shard=0 histograms=0
ts=2025-05-22T14:29:36.498378116Z level=debug msg=QueueManager.calculateDesiredShards component_path=/ component_id=prometheus.remote_write.default subcomponent=rw remote_name=15aecc url=http://mimir-distributor.mimir.svc.cluster.local:8080/api/v1/push dataInRate=12.766231946900277 dataOutRate=12.766231946900277 dataKeptRatio=1 dataPendingRate=0 dataPending=0 dataOutDuration=0.00037143635665194013 timePerSample=2.909522231750828e-05 desiredShards=0.00037143635665194013 highestSent=1.747924167e+09 highestRecv=1.747924167e+09
ts=2025-05-22T14:29:36.498416491Z level=debug msg=QueueManager.updateShardsLoop component_path=/ component_id=prometheus.remote_write.default subcomponent=rw remote_name=15aecc url=http://mimir-distributor.mimir.svc.cluster.local:8080/api/v1/push lowerBound=0.7 desiredShards=0.00037143635665194013 upperBound=1.3
ts=2025-05-22T14:29:42.335814869Z level=debug msg="Watcher is reading the WAL due to timeout, haven't received any write notifications recently" component_path=/ component_id=prometheus.remote_write.default subcomponent=rw remote_name=15aecc url=http://mimir-distributor.mimir.svc.cluster.local:8080/api/v1/push timeout=15s
ts=2025-05-22T14:29:46.038440329Z level=info msg="reload requested via /-/reload endpoint" service=http
ts=2025-05-22T14:29:46.038783996Z level=info msg="starting complete graph evaluation" controller_path=/ controller_id="" trace_id=1a522571ee1d787d11357dd1102b1536
ts=2025-05-22T14:29:46.038822912Z level=info msg="finished node evaluation" controller_path=/ controller_id="" trace_id=1a522571ee1d787d11357dd1102b1536 node_id=prometheus.exporter.self.default duration=11.292µs
ts=2025-05-22T14:29:46.038846621Z level=info msg="finished node evaluation" controller_path=/ controller_id="" trace_id=1a522571ee1d787d11357dd1102b1536 node_id=tracing duration=4.958µs
ts=2025-05-22T14:29:46.038870204Z level=info msg="finished node evaluation" controller_path=/ controller_id="" trace_id=1a522571ee1d787d11357dd1102b1536 node_id=logging duration=10.291µs
ts=2025-05-22T14:29:46.038899496Z level=info msg="finished node evaluation" controller_path=/ controller_id="" trace_id=1a522571ee1d787d11357dd1102b1536 node_id=remotecfg duration=11.667µs
ts=2025-05-22T14:29:46.038907746Z level=info msg="finished node evaluation" controller_path=/ controller_id="" trace_id=1a522571ee1d787d11357dd1102b1536 node_id=http duration=3.167µs
ts=2025-05-22T14:29:46.038912537Z level=info msg="finished node evaluation" controller_path=/ controller_id="" trace_id=1a522571ee1d787d11357dd1102b1536 node_id=cluster duration=625ns
ts=2025-05-22T14:29:46.038918704Z level=info msg="finished node evaluation" controller_path=/ controller_id="" trace_id=1a522571ee1d787d11357dd1102b1536 node_id=otel duration=959ns
ts=2025-05-22T14:29:46.038925829Z level=info msg="finished node evaluation" controller_path=/ controller_id="" trace_id=1a522571ee1d787d11357dd1102b1536 node_id=livedebugging duration=3.666µs
ts=2025-05-22T14:29:46.038932329Z level=info msg="finished node evaluation" controller_path=/ controller_id="" trace_id=1a522571ee1d787d11357dd1102b1536 node_id=ui duration=2µs
ts=2025-05-22T14:29:46.038938704Z level=info msg="finished node evaluation" controller_path=/ controller_id="" trace_id=1a522571ee1d787d11357dd1102b1536 node_id=labelstore duration=1.75µs
ts=2025-05-22T14:29:46.039532246Z level=info msg="finished node evaluation" controller_path=/ controller_id="" trace_id=1a522571ee1d787d11357dd1102b1536 node_id=prometheus.remote_write.default duration=589.458µs
ts=2025-05-22T14:29:46.039577662Z level=info msg="finished node evaluation" controller_path=/ controller_id="" trace_id=1a522571ee1d787d11357dd1102b1536 node_id=prometheus.scrape.alloymetrics duration=22.375µs
ts=2025-05-22T14:29:46.039607746Z level=info msg="finished node evaluation" controller_path=/ controller_id="" trace_id=1a522571ee1d787d11357dd1102b1536 node_id=prometheus.exporter.kubestate.kubestate duration=9.959µs
ts=2025-05-22T14:29:46.039623912Z level=info msg="finished node evaluation" controller_path=/ controller_id="" trace_id=1a522571ee1d787d11357dd1102b1536 node_id=prometheus.scrape.kubestate duration=9.917µs
ts=2025-05-22T14:29:46.039631079Z level=info msg="finished complete graph evaluation" controller_path=/ controller_id="" trace_id=1a522571ee1d787d11357dd1102b1536 duration=930.167µs
ts=2025-05-22T14:29:46.039641912Z level=info msg="config reloaded" service=http
ts=2025-05-22T14:29:46.039700204Z level=info msg="scheduling loaded components and services"
ts=2025-05-22T14:29:46.498405579Z level=debug msg=QueueManager.calculateDesiredShards component_path=/ component_id=prometheus.remote_write.default subcomponent=rw remote_name=15aecc url=http://mimir-distributor.mimir.svc.cluster.local:8080/api/v1/push dataInRate=10.212985557520222 dataOutRate=10.212985557520222 dataKeptRatio=1 dataPendingRate=0 dataPending=0 dataOutDuration=0.0002971490853215521 timePerSample=2.909522231750828e-05 desiredShards=0.0002971490853215521 highestSent=1.747924167e+09 highestRecv=1.747924167e+09
ts=2025-05-22T14:29:46.498454121Z level=debug msg=QueueManager.updateShardsLoop component_path=/ component_id=prometheus.remote_write.default subcomponent=rw remote_name=15aecc url=http://mimir-distributor.mimir.svc.cluster.local:8080/api/v1/push lowerBound=0.7 desiredShards=0.0002971490853215521 upperBound=1.3
ts=2025-05-22T14:29:56.498909751Z level=debug msg=QueueManager.calculateDesiredShards component_path=/ component_id=prometheus.remote_write.default subcomponent=rw remote_name=15aecc url=http://mimir-distributor.mimir.svc.cluster.local:8080/api/v1/push dataInRate=8.170388446016178 dataOutRate=8.170388446016178 dataKeptRatio=1 dataPendingRate=0 dataPending=0 dataOutDuration=0.0002377192682572417 timePerSample=2.909522231750828e-05 desiredShards=0.0002377192682572417 highestSent=1.747924167e+09 highestRecv=1.747924167e+09
ts=2025-05-22T14:29:56.498975459Z level=debug msg=QueueManager.updateShardsLoop component_path=/ component_id=prometheus.remote_write.default subcomponent=rw remote_name=15aecc url=http://mimir-distributor.mimir.svc.cluster.local:8080/api/v1/push lowerBound=0.7 desiredShards=0.0002377192682572417 upperBound=1.3
ts=2025-05-22T14:30:01.609168003Z level=debug msg="runShard timer ticked, sending buffered data" component_path=/ component_id=prometheus.remote_write.default subcomponent=rw remote_name=15aecc url=http://mimir-distributor.mimir.svc.cluster.local:8080/api/v1/push samples=211 exemplars=0 shard=0 histograms=0
ts=2025-05-22T14:30:06.498814339Z level=debug msg=QueueManager.calculateDesiredShards component_path=/ component_id=prometheus.remote_write.default subcomponent=rw remote_name=15aecc url=http://mimir-distributor.mimir.svc.cluster.local:8080/api/v1/push dataInRate=10.756310756812942 dataOutRate=10.756310756812942 dataKeptRatio=1 dataPendingRate=0 dataPending=0 dataOutDuration=0.00026817625460579333 timePerSample=2.4931992080642808e-05 desiredShards=0.00026817625460579333 highestSent=1.747924198e+09 highestRecv=1.747924198e+09
ts=2025-05-22T14:30:06.498859422Z level=debug msg=QueueManager.updateShardsLoop component_path=/ component_id=prometheus.remote_write.default subcomponent=rw remote_name=15aecc url=http://mimir-distributor.mimir.svc.cluster.local:8080/api/v1/push lowerBound=0.7 desiredShards=0.00026817625460579333 upperBound=1.3
ts=2025-05-22T14:30:16.498650927Z level=debug msg=QueueManager.calculateDesiredShards component_path=/ component_id=prometheus.remote_write.default subcomponent=rw remote_name=15aecc url=http://mimir-distributor.mimir.svc.cluster.local:8080/api/v1/push dataInRate=8.605048605450353 dataOutRate=8.605048605450353 dataKeptRatio=1 dataPendingRate=0 dataPending=0 dataOutDuration=0.00021454100368463466 timePerSample=2.493199208064281e-05 desiredShards=0.00021454100368463466 highestSent=1.747924198e+09 highestRecv=1.747924198e+09
ts=2025-05-22T14:30:16.498680427Z level=debug msg=QueueManager.updateShardsLoop component_path=/ component_id=prometheus.remote_write.default subcomponent=rw remote_name=15aecc url=http://mimir-distributor.mimir.svc.cluster.local:8080/api/v1/push lowerBound=0.7 desiredShards=0.00021454100368463466 upperBound=1.3
ts=2025-05-22T14:30:26.498385348Z level=debug msg=QueueManager.calculateDesiredShards component_path=/ component_id=prometheus.remote_write.default subcomponent=rw remote_name=15aecc url=http://mimir-distributor.mimir.svc.cluster.local:8080/api/v1/push dataInRate=6.884038884360282 dataOutRate=6.884038884360282 dataKeptRatio=1 dataPendingRate=0 dataPending=0 dataOutDuration=0.00017163280294770774 timePerSample=2.493199208064281e-05 desiredShards=0.00017163280294770774 highestSent=1.747924198e+09 highestRecv=1.747924198e+09
ts=2025-05-22T14:30:26.498422432Z level=debug msg=QueueManager.updateShardsLoop component_path=/ component_id=prometheus.remote_write.default subcomponent=rw remote_name=15aecc url=http://mimir-distributor.mimir.svc.cluster.local:8080/api/v1/push lowerBound=0.7 desiredShards=0.00017163280294770774 upperBound=1.3
ts=2025-05-22T14:30:31.616163267Z level=debug msg="runShard timer ticked, sending buffered data" component_path=/ component_id=prometheus.remote_write.default subcomponent=rw remote_name=15aecc url=http://mimir-distributor.mimir.svc.cluster.local:8080/api/v1/push samples=350 exemplars=0 shard=0 histograms=0
ts=2025-05-22T14:30:36.498218103Z level=debug msg=QueueManager.calculateDesiredShards component_path=/ component_id=prometheus.remote_write.default subcomponent=rw remote_name=15aecc url=http://mimir-distributor.mimir.svc.cluster.local:8080/api/v1/push dataInRate=12.507231107488225 dataOutRate=12.507231107488225 dataKeptRatio=1 dataPendingRate=0 dataPending=0 dataOutDuration=0.00021319290235816618 timePerSample=1.7045571519864624e-05 desiredShards=0.00021319290235816618 highestSent=1.747924227e+09 highestRecv=1.747924227e+09
ts=2025-05-22T14:30:36.498256853Z level=debug msg=QueueManager.updateShardsLoop component_path=/ component_id=prometheus.remote_write.default subcomponent=rw remote_name=15aecc url=http://mimir-distributor.mimir.svc.cluster.local:8080/api/v1/push lowerBound=0.7 desiredShards=0.00021319290235816618 upperBound=1.3
ts=2025-05-22T14:30:42.336384648Z level=debug msg="Watcher is reading the WAL due to timeout, haven't received any write notifications recently" component_path=/ component_id=prometheus.remote_write.default subcomponent=rw remote_name=15aecc url=http://mimir-distributor.mimir.svc.cluster.local:8080/api/v1/push timeout=15s
ts=2025-05-22T14:30:46.498696816Z level=debug msg=QueueManager.calculateDesiredShards component_path=/ component_id=prometheus.remote_write.default subcomponent=rw remote_name=15aecc url=http://mimir-distributor.mimir.svc.cluster.local:8080/api/v1/push dataInRate=10.00578488599058 dataOutRate=10.00578488599058 dataKeptRatio=1 dataPendingRate=0 dataPending=0 dataOutDuration=0.00017055432188653295 timePerSample=1.7045571519864624e-05 desiredShards=0.00017055432188653295 highestSent=1.747924227e+09 highestRecv=1.747924227e+09
ts=2025-05-22T14:30:46.4987259Z level=debug msg=QueueManager.updateShardsLoop component_path=/ component_id=prometheus.remote_write.default subcomponent=rw remote_name=15aecc url=http://mimir-distributor.mimir.svc.cluster.local:8080/api/v1/push lowerBound=0.7 desiredShards=0.00017055432188653295 upperBound=1.3
ts=2025-05-22T14:30:56.499228321Z level=debug msg=QueueManager.calculateDesiredShards component_path=/ component_id=prometheus.remote_write.default subcomponent=rw remote_name=15aecc url=http://mimir-distributor.mimir.svc.cluster.local:8080/api/v1/push dataInRate=8.004627908792465 dataOutRate=8.004627908792465 dataKeptRatio=1 dataPendingRate=0 dataPending=0 dataOutDuration=0.00013644345750922634 timePerSample=1.704557151986462e-05 desiredShards=0.00013644345750922634 highestSent=1.747924227e+09 highestRecv=1.747924227e+09
ts=2025-05-22T14:30:56.499282696Z level=debug msg=QueueManager.updateShardsLoop component_path=/ component_id=prometheus.remote_write.default subcomponent=rw remote_name=15aecc url=http://mimir-distributor.mimir.svc.cluster.local:8080/api/v1/push lowerBound=0.7 desiredShards=0.00013644345750922634 upperBound=1.3
ts=2025-05-22T14:31:01.623468657Z level=debug msg="runShard timer ticked, sending buffered data" component_path=/ component_id=prometheus.remote_write.default subcomponent=rw remote_name=15aecc url=http://mimir-distributor.mimir.svc.cluster.local:8080/api/v1/push samples=211 exemplars=0 shard=0 histograms=0
ts=2025-05-22T14:31:06.499265492Z level=debug msg=QueueManager.calculateDesiredShards component_path=/ component_id=prometheus.remote_write.default subcomponent=rw remote_name=15aecc url=http://mimir-distributor.mimir.svc.cluster.local:8080/api/v1/push dataInRate=10.623702327033971 dataOutRate=10.623702327033971 dataKeptRatio=1 dataPendingRate=0 dataPending=0 dataOutDuration=0.00015277392600738105 timePerSample=1.4380478792089232e-05 desiredShards=0.00015277392600738105 highestSent=1.747924258e+09 highestRecv=1.747924258e+09
ts=2025-05-22T14:31:06.499302951Z level=debug msg=QueueManager.updateShardsLoop component_path=/ component_id=prometheus.remote_write.default subcomponent=rw remote_name=15aecc url=http://mimir-distributor.mimir.svc.cluster.local:8080/api/v1/push lowerBound=0.7 desiredShards=0.00015277392600738105 upperBound=1.3
ts=2025-05-22T14:31:16.498581164Z level=debug msg=QueueManager.calculateDesiredShards component_path=/ component_id=prometheus.remote_write.default subcomponent=rw remote_name=15aecc url=http://mimir-distributor.mimir.svc.cluster.local:8080/api/v1/push dataInRate=8.498961861627176 dataOutRate=8.498961861627176 dataKeptRatio=1 dataPendingRate=0 dataPending=0 dataOutDuration=0.00012221914080590485 timePerSample=1.4380478792089234e-05 desiredShards=0.00012221914080590485 highestSent=1.747924258e+09 highestRecv=1.747924258e+09
ts=2025-05-22T14:31:16.498613081Z level=debug msg=QueueManager.updateShardsLoop component_path=/ component_id=prometheus.remote_write.default subcomponent=rw remote_name=15aecc url=http://mimir-distributor.mimir.svc.cluster.local:8080/api/v1/push lowerBound=0.7 desiredShards=0.00012221914080590485 upperBound=1.3
ts=2025-05-22T14:31:26.498707377Z level=debug msg=QueueManager.calculateDesiredShards component_path=/ component_id=prometheus.remote_write.default subcomponent=rw remote_name=15aecc url=http://mimir-distributor.mimir.svc.cluster.local:8080/api/v1/push dataInRate=6.7991694893017405 dataOutRate=6.7991694893017405 dataKeptRatio=1 dataPendingRate=0 dataPending=0 dataOutDuration=9.777531264472388e-05 timePerSample=1.4380478792089236e-05 desiredShards=9.777531264472388e-05 highestSent=1.747924258e+09 highestRecv=1.747924258e+09
ts=2025-05-22T14:31:26.498759919Z level=debug msg=QueueManager.updateShardsLoop component_path=/ component_id=prometheus.remote_write.default subcomponent=rw remote_name=15aecc url=http://mimir-distributor.mimir.svc.cluster.local:8080/api/v1/push lowerBound=0.7 desiredShards=9.777531264472388e-05 upperBound=1.3
ts=2025-05-22T14:31:31.629998879Z level=debug msg="runShard timer ticked, sending buffered data" component_path=/ component_id=prometheus.remote_write.default subcomponent=rw remote_name=15aecc url=http://mimir-distributor.mimir.svc.cluster.local:8080/api/v1/push samples=350 exemplars=0 shard=0 histograms=0
ts=2025-05-22T14:31:36.498570757Z level=debug msg=QueueManager.calculateDesiredShards component_path=/ component_id=prometheus.remote_write.default subcomponent=rw remote_name=15aecc url=http://mimir-distributor.mimir.svc.cluster.local:8080/api/v1/push dataInRate=12.439335591441393 dataOutRate=12.439335591441393 dataKeptRatio=1 dataPendingRate=0 dataPending=0 dataOutDuration=0.0001378135901157791 timePerSample=1.1078854582120822e-05 desiredShards=0.0001378135901157791 highestSent=1.747924287e+09 highestRecv=1.747924287e+09
ts=2025-05-22T14:31:36.498611507Z level=debug msg=QueueManager.updateShardsLoop component_path=/ component_id=prometheus.remote_write.default subcomponent=rw remote_name=15aecc url=http://mimir-distributor.mimir.svc.cluster.local:8080/api/v1/push lowerBound=0.7 desiredShards=0.0001378135901157791 upperBound=1.3
ts=2025-05-22T14:31:46.498414095Z level=debug msg=QueueManager.calculateDesiredShards component_path=/ component_id=prometheus.remote_write.default subcomponent=rw remote_name=15aecc url=http://mimir-distributor.mimir.svc.cluster.local:8080/api/v1/push dataInRate=9.951468473153115 dataOutRate=9.951468473153115 dataKeptRatio=1 dataPendingRate=0 dataPending=0 dataOutDuration=0.00011025087209262328 timePerSample=1.107885458212082e-05 desiredShards=0.00011025087209262328 highestSent=1.747924287e+09 highestRecv=1.747924287e+09
ts=2025-05-22T14:31:46.49844147Z level=debug msg=QueueManager.updateShardsLoop component_path=/ component_id=prometheus.remote_write.default subcomponent=rw remote_name=15aecc url=http://mimir-distributor.mimir.svc.cluster.local:8080/api/v1/push lowerBound=0.7 desiredShards=0.00011025087209262328 upperBound=1.3
ts=2025-05-22T14:31:56.498772558Z level=debug msg=QueueManager.calculateDesiredShards component_path=/ component_id=prometheus.remote_write.default subcomponent=rw remote_name=15aecc url=http://mimir-distributor.mimir.svc.cluster.local:8080/api/v1/push dataInRate=7.961174778522492 dataOutRate=7.961174778522492 dataKeptRatio=1 dataPendingRate=0 dataPending=0 dataOutDuration=8.820069767409863e-05 timePerSample=1.1078854582120822e-05 desiredShards=8.820069767409863e-05 highestSent=1.747924287e+09 highestRecv=1.747924287e+09
ts=2025-05-22T14:31:56.49885135Z level=debug msg=QueueManager.updateShardsLoop component_path=/ component_id=prometheus.remote_write.default subcomponent=rw remote_name=15aecc url=http://mimir-distributor.mimir.svc.cluster.local:8080/api/v1/push lowerBound=0.7 desiredShards=8.820069767409863e-05 upperBound=1.3
ts=2025-05-22T14:31:57.335803475Z level=debug msg="Watcher is reading the WAL due to timeout, haven't received any write notifications recently" component_path=/ component_id=prometheus.remote_write.default subcomponent=rw remote_name=15aecc url=http://mimir-distributor.mimir.svc.cluster.local:8080/api/v1/push timeout=15s
ts=2025-05-22T14:32:01.635542394Z level=debug msg="runShard timer ticked, sending buffered data" component_path=/ component_id=prometheus.remote_write.default subcomponent=rw remote_name=15aecc url=http://mimir-distributor.mimir.svc.cluster.local:8080/api/v1/push samples=211 exemplars=0 shard=0 histograms=0
ts=2025-05-22T14:32:06.498608729Z level=debug msg=QueueManager.calculateDesiredShards component_path=/ component_id=prometheus.remote_write.default subcomponent=rw remote_name=15aecc url=http://mimir-distributor.mimir.svc.cluster.local:8080/api/v1/push dataInRate=10.588939822817993 dataOutRate=10.588939822817993 dataKeptRatio=1 dataPendingRate=0 dataPending=0 dataOutDuration=0.0001311130581392789 timePerSample=1.2382076046626007e-05 desiredShards=0.0001311130581392789 highestSent=1.747924318e+09 highestRecv=1.747924318e+09
ts=2025-05-22T14:32:06.498649271Z level=debug msg=QueueManager.updateShardsLoop component_path=/ component_id=prometheus.remote_write.default subcomponent=rw remote_name=15aecc url=http://mimir-distributor.mimir.svc.cluster.local:8080/api/v1/push lowerBound=0.7 desiredShards=0.0001311130581392789 upperBound=1.3
ts=2025-05-22T14:32:16.498599193Z level=debug msg=QueueManager.calculateDesiredShards component_path=/ component_id=prometheus.remote_write.default subcomponent=rw remote_name=15aecc url=http://mimir-distributor.mimir.svc.cluster.local:8080/api/v1/push dataInRate=8.471151858254395 dataOutRate=8.471151858254395 dataKeptRatio=1 dataPendingRate=0 dataPending=0 dataOutDuration=0.00010489044651142311 timePerSample=1.2382076046626005e-05 desiredShards=0.00010489044651142311 highestSent=1.747924318e+09 highestRecv=1.747924318e+09
ts=2025-05-22T14:32:16.498663901Z level=debug msg=QueueManager.updateShardsLoop component_path=/ component_id=prometheus.remote_write.default subcomponent=rw remote_name=15aecc url=http://mimir-distributor.mimir.svc.cluster.local:8080/api/v1/push lowerBound=0.7 desiredShards=0.00010489044651142311 upperBound=1.3
ts=2025-05-22T14:32:26.498541239Z level=debug msg=QueueManager.calculateDesiredShards component_path=/ component_id=prometheus.remote_write.default subcomponent=rw remote_name=15aecc url=http://mimir-distributor.mimir.svc.cluster.local:8080/api/v1/push dataInRate=6.7769214866035155 dataOutRate=6.7769214866035155 dataKeptRatio=1 dataPendingRate=0 dataPending=0 dataOutDuration=8.391235720913848e-05 timePerSample=1.2382076046626005e-05 desiredShards=8.391235720913848e-05 highestSent=1.747924318e+09 highestRecv=1.747924318e+09
ts=2025-05-22T14:32:26.498618739Z level=debug msg=QueueManager.updateShardsLoop component_path=/ component_id=prometheus.remote_write.default subcomponent=rw remote_name=15aecc url=http://mimir-distributor.mimir.svc.cluster.local:8080/api/v1/push lowerBound=0.7 desiredShards=8.391235720913848e-05 upperBound=1.3
ts=2025-05-22T14:32:31.640766158Z level=debug msg="runShard timer ticked, sending buffered data" component_path=/ component_id=prometheus.remote_write.default subcomponent=rw remote_name=15aecc url=http://mimir-distributor.mimir.svc.cluster.local:8080/api/v1/push samples=350 exemplars=0 shard=0 histograms=0
ts=2025-05-22T14:32:36.498334035Z level=debug msg=QueueManager.calculateDesiredShards component_path=/ component_id=prometheus.remote_write.default subcomponent=rw remote_name=15aecc url=http://mimir-distributor.mimir.svc.cluster.local:8080/api/v1/push dataInRate=12.421537189282812 dataOutRate=12.421537189282812 dataKeptRatio=1 dataPendingRate=0 dataPending=0 dataOutDuration=0.00012407238576731078 timePerSample=9.988488854210354e-06 desiredShards=0.00012407238576731078 highestSent=1.747924347e+09 highestRecv=1.747924347e+09
ts=2025-05-22T14:32:36.498369619Z level=debug msg=QueueManager.updateShardsLoop component_path=/ component_id=prometheus.remote_write.default subcomponent=rw remote_name=15aecc url=http://mimir-distributor.mimir.svc.cluster.local:8080/api/v1/push lowerBound=0.7 desiredShards=0.00012407238576731078 upperBound=1.3
ts=2025-05-22T14:32:46.510490415Z level=debug msg=QueueManager.calculateDesiredShards component_path=/ component_id=prometheus.remote_write.default subcomponent=rw remote_name=15aecc url=http://mimir-distributor.mimir.svc.cluster.local:8080/api/v1/push dataInRate=9.93722975142625 dataOutRate=9.93722975142625 dataKeptRatio=1 dataPendingRate=0 dataPending=0 dataOutDuration=9.925790861384863e-05 timePerSample=9.988488854210355e-06 desiredShards=9.925790861384863e-05 highestSent=1.747924347e+09 highestRecv=1.747924347e+09
ts=2025-05-22T14:32:46.510700582Z level=debug msg=QueueManager.updateShardsLoop component_path=/ component_id=prometheus.remote_write.default subcomponent=rw remote_name=15aecc url=http://mimir-distributor.mimir.svc.cluster.local:8080/api/v1/push lowerBound=0.7 desiredShards=9.925790861384863e-05 upperBound=1.3
ts=2025-05-22T14:32:56.499081795Z level=debug msg=QueueManager.calculateDesiredShards component_path=/ component_id=prometheus.remote_write.default subcomponent=rw remote_name=15aecc url=http://mimir-distributor.mimir.svc.cluster.local:8080/api/v1/push dataInRate=7.949783801141 dataOutRate=7.949783801141 dataKeptRatio=1 dataPendingRate=0 dataPending=0 dataOutDuration=7.940632689107891e-05 timePerSample=9.988488854210355e-06 desiredShards=7.940632689107891e-05 highestSent=1.747924347e+09 highestRecv=1.747924347e+09
ts=2025-05-22T14:32:56.499136795Z level=debug msg=QueueManager.updateShardsLoop component_path=/ component_id=prometheus.remote_write.default subcomponent=rw remote_name=15aecc url=http://mimir-distributor.mimir.svc.cluster.local:8080/api/v1/push lowerBound=0.7 desiredShards=7.940632689107891e-05 upperBound=1.3
ts=2025-05-22T14:32:57.336979254Z level=debug msg="Watcher is reading the WAL due to timeout, haven't received any write notifications recently" component_path=/ component_id=prometheus.remote_write.default subcomponent=rw remote_name=15aecc url=http://mimir-distributor.mimir.svc.cluster.local:8080/api/v1/push timeout=15s
ts=2025-05-22T14:33:01.647893131Z level=debug msg="runShard timer ticked, sending buffered data" component_path=/ component_id=prometheus.remote_write.default subcomponent=rw remote_name=15aecc url=http://mimir-distributor.mimir.svc.cluster.local:8080/api/v1/push samples=211 exemplars=0 shard=0 histograms=0
ts=2025-05-22T14:33:06.498454091Z level=debug msg=QueueManager.calculateDesiredShards component_path=/ component_id=prometheus.remote_write.default subcomponent=rw remote_name=15aecc url=http://mimir-distributor.mimir.svc.cluster.local:8080/api/v1/push dataInRate=10.5798270409128 dataOutRate=10.5798270409128 dataKeptRatio=1 dataPendingRate=0 dataPending=0 dataOutDuration=0.00010493756151286312 timePerSample=9.918646222387524e-06 desiredShards=0.00010493756151286312 highestSent=1.747924378e+09 highestRecv=1.747924378e+09
ts=2025-05-22T14:33:06.498696383Z level=debug msg=QueueManager.updateShardsLoop component_path=/ component_id=prometheus.remote_write.default subcomponent=rw remote_name=15aecc url=http://mimir-distributor.mimir.svc.cluster.local:8080/api/v1/push lowerBound=0.7 desiredShards=0.00010493756151286312 upperBound=1.3
ts=2025-05-22T14:33:16.498963054Z level=debug msg=QueueManager.calculateDesiredShards component_path=/ component_id=prometheus.remote_write.default subcomponent=rw remote_name=15aecc url=http://mimir-distributor.mimir.svc.cluster.local:8080/api/v1/push dataInRate=8.46386163273024 dataOutRate=8.46386163273024 dataKeptRatio=1 dataPendingRate=0 dataPending=0 dataOutDuration=8.39500492102905e-05 timePerSample=9.918646222387526e-06 desiredShards=8.39500492102905e-05 highestSent=1.747924378e+09 highestRecv=1.747924378e+09
ts=2025-05-22T14:33:16.498995804Z level=debug msg=QueueManager.updateShardsLoop component_path=/ component_id=prometheus.remote_write.default subcomponent=rw remote_name=15aecc url=http://mimir-distributor.mimir.svc.cluster.local:8080/api/v1/push lowerBound=0.7 desiredShards=8.39500492102905e-05 upperBound=1.3
ts=2025-05-22T14:33:26.498507059Z level=debug msg=QueueManager.calculateDesiredShards component_path=/ component_id=prometheus.remote_write.default subcomponent=rw remote_name=15aecc url=http://mimir-distributor.mimir.svc.cluster.local:8080/api/v1/push dataInRate=6.771089306184192 dataOutRate=6.771089306184192 dataKeptRatio=1 dataPendingRate=0 dataPending=0 dataOutDuration=6.716003936823239e-05 timePerSample=9.918646222387524e-06 desiredShards=6.716003936823239e-05 highestSent=1.747924378e+09 highestRecv=1.747924378e+09
ts=2025-05-22T14:33:26.498540684Z level=debug msg=QueueManager.updateShardsLoop component_path=/ component_id=prometheus.remote_write.default subcomponent=rw remote_name=15aecc url=http://mimir-distributor.mimir.svc.cluster.local:8080/api/v1/push lowerBound=0.7 desiredShards=6.716003936823239e-05 upperBound=1.3
ts=2025-05-22T14:33:31.654083103Z level=debug msg="runShard timer ticked, sending buffered data" component_path=/ component_id=prometheus.remote_write.default subcomponent=rw remote_name=15aecc url=http://mimir-distributor.mimir.svc.cluster.local:8080/api/v1/push samples=350 exemplars=0 shard=0 histograms=0
ts=2025-05-22T14:33:36.498521522Z level=debug msg=QueueManager.calculateDesiredShards component_path=/ component_id=prometheus.remote_write.default subcomponent=rw remote_name=15aecc url=http://mimir-distributor.mimir.svc.cluster.local:8080/api/v1/push dataInRate=12.416871444947354 dataOutRate=12.416871444947354 dataKeptRatio=1 dataPendingRate=0 dataPending=0 dataOutDuration=0.00013639885149458592 timePerSample=1.0984961235955216e-05 desiredShards=0.00013639885149458592 highestSent=1.747924407e+09 highestRecv=1.747924407e+09
ts=2025-05-22T14:33:36.498549272Z level=debug msg=QueueManager.updateShardsLoop component_path=/ component_id=prometheus.remote_write.default subcomponent=rw remote_name=15aecc url=http://mimir-distributor.mimir.svc.cluster.local:8080/api/v1/push lowerBound=0.7 desiredShards=0.00013639885149458592 upperBound=1.3
ts=2025-05-22T14:33:46.498999902Z level=debug msg=QueueManager.calculateDesiredShards component_path=/ component_id=prometheus.remote_write.default subcomponent=rw remote_name=15aecc url=http://mimir-distributor.mimir.svc.cluster.local:8080/api/v1/push dataInRate=9.933497155957884 dataOutRate=9.933497155957884 dataKeptRatio=1 dataPendingRate=0 dataPending=0 dataOutDuration=0.00010911908119566874 timePerSample=1.0984961235955216e-05 desiredShards=0.00010911908119566874 highestSent=1.747924407e+09 highestRecv=1.747924407e+09
ts=2025-05-22T14:33:46.499040235Z level=debug msg=QueueManager.updateShardsLoop component_path=/ component_id=prometheus.remote_write.default subcomponent=rw remote_name=15aecc url=http://mimir-distributor.mimir.svc.cluster.local:8080/api/v1/push lowerBound=0.7 desiredShards=0.00010911908119566874 upperBound=1.3
ts=2025-05-22T14:33:56.498571115Z level=debug msg=QueueManager.calculateDesiredShards component_path=/ component_id=prometheus.remote_write.default subcomponent=rw remote_name=15aecc url=http://mimir-distributor.mimir.svc.cluster.local:8080/api/v1/push dataInRate=7.946797724766307 dataOutRate=7.946797724766307 dataKeptRatio=1 dataPendingRate=0 dataPending=0 dataOutDuration=8.729526495653498e-05 timePerSample=1.0984961235955216e-05 desiredShards=8.729526495653498e-05 highestSent=1.747924407e+09 highestRecv=1.747924407e+09
ts=2025-05-22T14:33:56.498604782Z level=debug msg=QueueManager.updateShardsLoop component_path=/ component_id=prometheus.remote_write.default subcomponent=rw remote_name=15aecc url=http://mimir-distributor.mimir.svc.cluster.local:8080/api/v1/push lowerBound=0.7 desiredShards=8.729526495653498e-05 upperBound=1.3
ts=2025-05-22T14:34:01.662072909Z level=debug msg="runShard timer ticked, sending buffered data" component_path=/ component_id=prometheus.remote_write.default subcomponent=rw remote_name=15aecc url=http://mimir-distributor.mimir.svc.cluster.local:8080/api/v1/push samples=211 exemplars=0 shard=0 histograms=0
ts=2025-05-22T14:34:06.498423912Z level=debug msg=QueueManager.calculateDesiredShards component_path=/ component_id=prometheus.remote_write.default subcomponent=rw remote_name=15aecc url=http://mimir-distributor.mimir.svc.cluster.local:8080/api/v1/push dataInRate=10.577438179813045 dataOutRate=10.577438179813045 dataKeptRatio=1 dataPendingRate=0 dataPending=0 dataOutDuration=0.00011372289196522799 timePerSample=1.0751458910179896e-05 desiredShards=0.00011372289196522799 highestSent=1.747924438e+09 highestRecv=1.747924438e+09
ts=2025-05-22T14:34:06.498508745Z level=debug msg=QueueManager.updateShardsLoop component_path=/ component_id=prometheus.remote_write.default subcomponent=rw remote_name=15aecc url=http://mimir-distributor.mimir.svc.cluster.local:8080/api/v1/push lowerBound=0.7 desiredShards=0.00011372289196522799 upperBound=1.3
ts=2025-05-22T14:34:13.88383504Z level=debug msg="Watcher is reading the WAL due to timeout, haven't received any write notifications recently" component_path=/ component_id=prometheus.remote_write.default subcomponent=rw remote_name=15aecc url=http://mimir-distributor.mimir.svc.cluster.local:8080/api/v1/push timeout=15s
ts=2025-05-22T14:34:16.498801458Z level=debug msg=QueueManager.calculateDesiredShards component_path=/ component_id=prometheus.remote_write.default subcomponent=rw remote_name=15aecc url=http://mimir-distributor.mimir.svc.cluster.local:8080/api/v1/push dataInRate=8.461950543850437 dataOutRate=8.461950543850437 dataKeptRatio=1 dataPendingRate=0 dataPending=0 dataOutDuration=9.097831357218239e-05 timePerSample=1.0751458910179896e-05 desiredShards=9.097831357218239e-05 highestSent=1.747924438e+09 highestRecv=1.747924438e+09
ts=2025-05-22T14:34:16.498841625Z level=debug msg=QueueManager.updateShardsLoop component_path=/ component_id=prometheus.remote_write.default subcomponent=rw remote_name=15aecc url=http://mimir-distributor.mimir.svc.cluster.local:8080/api/v1/push lowerBound=0.7 desiredShards=9.097831357218239e-05 upperBound=1.3
ts=2025-05-22T14:34:26.498746171Z level=debug msg=QueueManager.calculateDesiredShards component_path=/ component_id=prometheus.remote_write.default subcomponent=rw remote_name=15aecc url=http://mimir-distributor.mimir.svc.cluster.local:8080/api/v1/push dataInRate=6.769560435080349 dataOutRate=6.769560435080349 dataKeptRatio=1 dataPendingRate=0 dataPending=0 dataOutDuration=7.278265085774592e-05 timePerSample=1.0751458910179898e-05 desiredShards=7.278265085774592e-05 highestSent=1.747924438e+09 highestRecv=1.747924438e+09
ts=2025-05-22T14:34:26.498785421Z level=debug msg=QueueManager.updateShardsLoop component_path=/ component_id=prometheus.remote_write.default subcomponent=rw remote_name=15aecc url=http://mimir-distributor.mimir.svc.cluster.local:8080/api/v1/push lowerBound=0.7 desiredShards=7.278265085774592e-05 upperBound=1.3
ts=2025-05-22T14:34:31.668726507Z level=debug msg="runShard timer ticked, sending buffered data" component_path=/ component_id=prometheus.remote_write.default subcomponent=rw remote_name=15aecc url=http://mimir-distributor.mimir.svc.cluster.local:8080/api/v1/push samples=350 exemplars=0 shard=0 histograms=0
ts=2025-05-22T14:34:36.498923593Z level=debug msg=QueueManager.calculateDesiredShards component_path=/ component_id=prometheus.remote_write.default subcomponent=rw remote_name=15aecc url=http://mimir-distributor.mimir.svc.cluster.local:8080/api/v1/push dataInRate=12.415648348064279 dataOutRate=12.415648348064279 dataKeptRatio=1 dataPendingRate=0 dataPending=0 dataOutDuration=0.00011882694068619673 timePerSample=9.570739872374286e-06 desiredShards=0.00011882694068619672 highestSent=1.747924467e+09 highestRecv=1.747924467e+09
ts=2025-05-22T14:34:36.498950134Z level=debug msg=QueueManager.updateShardsLoop component_path=/ component_id=prometheus.remote_write.default subcomponent=rw remote_name=15aecc url=http://mimir-distributor.mimir.svc.cluster.local:8080/api/v1/push lowerBound=0.7 desiredShards=0.00011882694068619672 upperBound=1.3
ts=2025-05-22T14:34:46.498575306Z level=debug msg=QueueManager.calculateDesiredShards component_path=/ component_id=prometheus.remote_write.default subcomponent=rw remote_name=15aecc url=http://mimir-distributor.mimir.svc.cluster.local:8080/api/v1/push dataInRate=9.932518678451423 dataOutRate=9.932518678451423 dataKeptRatio=1 dataPendingRate=0 dataPending=0 dataOutDuration=9.506155254895737e-05 timePerSample=9.570739872374284e-06 desiredShards=9.506155254895736e-05 highestSent=1.747924467e+09 highestRecv=1.747924467e+09
ts=2025-05-22T14:34:46.498630681Z level=debug msg=QueueManager.updateShardsLoop component_path=/ component_id=prometheus.remote_write.default subcomponent=rw remote_name=15aecc url=http://mimir-distributor.mimir.svc.cluster.local:8080/api/v1/push lowerBound=0.7 desiredShards=9.506155254895736e-05 upperBound=1.3
ts=2025-05-22T14:34:56.499258102Z level=debug msg=QueueManager.calculateDesiredShards component_path=/ component_id=prometheus.remote_write.default subcomponent=rw remote_name=15aecc url=http://mimir-distributor.mimir.svc.cluster.local:8080/api/v1/push dataInRate=7.946014942761138 dataOutRate=7.946014942761138 dataKeptRatio=1 dataPendingRate=0 dataPending=0 dataOutDuration=7.60492420391659e-05 timePerSample=9.570739872374284e-06 desiredShards=7.60492420391659e-05 highestSent=1.747924467e+09 highestRecv=1.747924467e+09
ts=2025-05-22T14:34:56.499327019Z level=debug msg=QueueManager.updateShardsLoop component_path=/ component_id=prometheus.remote_write.default subcomponent=rw remote_name=15aecc url=http://mimir-distributor.mimir.svc.cluster.local:8080/api/v1/push lowerBound=0.7 desiredShards=7.60492420391659e-05 upperBound=1.3
ts=2025-05-22T14:35:01.675368646Z level=debug msg="runShard timer ticked, sending buffered data" component_path=/ component_id=prometheus.remote_write.default subcomponent=rw remote_name=15aecc url=http://mimir-distributor.mimir.svc.cluster.local:8080/api/v1/push samples=211 exemplars=0 shard=0 histograms=0
ts=2025-05-22T14:35:06.498669274Z level=debug msg=QueueManager.calculateDesiredShards component_path=/ component_id=prometheus.remote_write.default subcomponent=rw remote_name=15aecc url=http://mimir-distributor.mimir.svc.cluster.local:8080/api/v1/push dataInRate=10.57681195420891 dataOutRate=10.57681195420891 dataKeptRatio=1 dataPendingRate=0 dataPending=0 dataOutDuration=9.756189363133272e-05 timePerSample=9.22413048976532e-06 desiredShards=9.756189363133272e-05 highestSent=1.747924498e+09 highestRecv=1.747924498e+09
ts=2025-05-22T14:35:06.499442732Z level=debug msg=QueueManager.updateShardsLoop component_path=/ component_id=prometheus.remote_write.default subcomponent=rw remote_name=15aecc url=http://mimir-distributor.mimir.svc.cluster.local:8080/api/v1/push lowerBound=0.7 desiredShards=9.756189363133272e-05 upperBound=1.3
ts=2025-05-22T14:35:16.49843932Z level=debug msg=QueueManager.calculateDesiredShards component_path=/ component_id=prometheus.remote_write.default subcomponent=rw remote_name=15aecc url=http://mimir-distributor.mimir.svc.cluster.local:8080/api/v1/push dataInRate=8.461449563367129 dataOutRate=8.461449563367129 dataKeptRatio=1 dataPendingRate=0 dataPending=0 dataOutDuration=7.804951490506617e-05 timePerSample=9.224130489765318e-06 desiredShards=7.804951490506617e-05 highestSent=1.747924498e+09 highestRecv=1.747924498e+09
ts=2025-05-22T14:35:16.498595778Z level=debug msg=QueueManager.updateShardsLoop component_path=/ component_id=prometheus.remote_write.default subcomponent=rw remote_name=15aecc url=http://mimir-distributor.mimir.svc.cluster.local:8080/api/v1/push lowerBound=0.7 desiredShards=7.804951490506617e-05 upperBound=1.3
ts=2025-05-22T14:35:26.4985357Z level=debug msg=QueueManager.calculateDesiredShards component_path=/ component_id=prometheus.remote_write.default subcomponent=rw remote_name=15aecc url=http://mimir-distributor.mimir.svc.cluster.local:8080/api/v1/push dataInRate=6.769159650693703 dataOutRate=6.769159650693703 dataKeptRatio=1 dataPendingRate=0 dataPending=0 dataOutDuration=6.243961192405294e-05 timePerSample=9.224130489765318e-06 desiredShards=6.243961192405294e-05 highestSent=1.747924498e+09 highestRecv=1.747924498e+09
ts=2025-05-22T14:35:26.498568575Z level=debug msg=QueueManager.updateShardsLoop component_path=/ component_id=prometheus.remote_write.default subcomponent=rw remote_name=15aecc url=http://mimir-distributor.mimir.svc.cluster.local:8080/api/v1/push lowerBound=0.7 desiredShards=6.243961192405294e-05 upperBound=1.3
ts=2025-05-22T14:35:31.681206994Z level=debug msg="runShard timer ticked, sending buffered data" component_path=/ component_id=prometheus.remote_write.default subcomponent=rw remote_name=15aecc url=http://mimir-distributor.mimir.svc.cluster.local:8080/api/v1/push samples=350 exemplars=0 shard=0 histograms=0
ts=2025-05-22T14:35:36.498785996Z level=debug msg=QueueManager.calculateDesiredShards component_path=/ component_id=prometheus.remote_write.default subcomponent=rw remote_name=15aecc url=http://mimir-distributor.mimir.svc.cluster.local:8080/api/v1/push dataInRate=12.415327720554963 dataOutRate=12.415327720554963 dataKeptRatio=1 dataPendingRate=0 dataPending=0 dataOutDuration=0.00011975000953924236 timePerSample=9.645336171109106e-06 desiredShards=0.00011975000953924234 highestSent=1.747924527e+09 highestRecv=1.747924527e+09
ts=2025-05-22T14:35:36.498830746Z level=debug msg=QueueManager.updateShardsLoop component_path=/ component_id=prometheus.remote_write.default subcomponent=rw remote_name=15aecc url=http://mimir-distributor.mimir.svc.cluster.local:8080/api/v1/push lowerBound=0.7 desiredShards=0.00011975000953924234 upperBound=1.3
ts=2025-05-22T14:35:42.336324166Z level=debug msg="Watcher is reading the WAL due to timeout, haven't received any write notifications recently" component_path=/ component_id=prometheus.remote_write.default subcomponent=rw remote_name=15aecc url=http://mimir-distributor.mimir.svc.cluster.local:8080/api/v1/push timeout=15s
ts=2025-05-22T14:35:46.498925334Z level=debug msg=QueueManager.calculateDesiredShards component_path=/ component_id=prometheus.remote_write.default subcomponent=rw remote_name=15aecc url=http://mimir-distributor.mimir.svc.cluster.local:8080/api/v1/push dataInRate=9.93226217644397 dataOutRate=9.93226217644397 dataKeptRatio=1 dataPendingRate=0 dataPending=0 dataOutDuration=9.580000763139387e-05 timePerSample=9.645336171109106e-06 desiredShards=9.580000763139389e-05 highestSent=1.747924527e+09 highestRecv=1.747924527e+09
ts=2025-05-22T14:35:46.498967418Z level=debug msg=QueueManager.updateShardsLoop component_path=/ component_id=prometheus.remote_write.default subcomponent=rw remote_name=15aecc url=http://mimir-distributor.mimir.svc.cluster.local:8080/api/v1/push lowerBound=0.7 desiredShards=9.580000763139389e-05 upperBound=1.3
ts=2025-05-22T14:35:56.498691131Z level=debug msg=QueueManager.calculateDesiredShards component_path=/ component_id=prometheus.remote_write.default subcomponent=rw remote_name=15aecc url=http://mimir-distributor.mimir.svc.cluster.local:8080/api/v1/push dataInRate=7.945809741155176 dataOutRate=7.945809741155176 dataKeptRatio=1 dataPendingRate=0 dataPending=0 dataOutDuration=7.66400061051151e-05 timePerSample=9.645336171109104e-06 desiredShards=7.66400061051151e-05 highestSent=1.747924527e+09 highestRecv=1.747924527e+09
ts=2025-05-22T14:35:56.498716422Z level=debug msg=QueueManager.updateShardsLoop component_path=/ component_id=prometheus.remote_write.default subcomponent=rw remote_name=15aecc url=http://mimir-distributor.mimir.svc.cluster.local:8080/api/v1/push lowerBound=0.7 desiredShards=7.66400061051151e-05 upperBound=1.3
ts=2025-05-22T14:36:01.688386467Z level=debug msg="runShard timer ticked, sending buffered data" component_path=/ component_id=prometheus.remote_write.default subcomponent=rw remote_name=15aecc url=http://mimir-distributor.mimir.svc.cluster.local:8080/api/v1/push samples=211 exemplars=0 shard=0 histograms=0
ts=2025-05-22T14:36:06.498869927Z level=debug msg=QueueManager.calculateDesiredShards component_path=/ component_id=prometheus.remote_write.default subcomponent=rw remote_name=15aecc url=http://mimir-distributor.mimir.svc.cluster.local:8080/api/v1/push dataInRate=10.576647792924142 dataOutRate=10.576647792924142 dataKeptRatio=1 dataPendingRate=0 dataPending=0 dataOutDuration=0.00010587866488409208 timePerSample=1.0010607042708344e-05 desiredShards=0.00010587866488409208 highestSent=1.747924558e+09 highestRecv=1.747924558e+09
ts=2025-05-22T14:36:06.498908219Z level=debug msg=QueueManager.updateShardsLoop component_path=/ component_id=prometheus.remote_write.default subcomponent=rw remote_name=15aecc url=http://mimir-distributor.mimir.svc.cluster.local:8080/api/v1/push lowerBound=0.7 desiredShards=0.00010587866488409208 upperBound=1.3
ts=2025-05-22T14:36:16.498625432Z level=debug msg=QueueManager.calculateDesiredShards component_path=/ component_id=prometheus.remote_write.default subcomponent=rw remote_name=15aecc url=http://mimir-distributor.mimir.svc.cluster.local:8080/api/v1/push dataInRate=8.461318234339313 dataOutRate=8.461318234339313 dataKeptRatio=1 dataPendingRate=0 dataPending=0 dataOutDuration=8.470293190727367e-05 timePerSample=1.0010607042708346e-05 desiredShards=8.470293190727367e-05 highestSent=1.747924558e+09 highestRecv=1.747924558e+09
ts=2025-05-22T14:36:16.498689015Z level=debug msg=QueueManager.updateShardsLoop component_path=/ component_id=prometheus.remote_write.default subcomponent=rw remote_name=15aecc url=http://mimir-distributor.mimir.svc.cluster.local:8080/api/v1/push lowerBound=0.7 desiredShards=8.470293190727367e-05 upperBound=1.3
ts=2025-05-22T14:36:26.498733145Z level=debug msg=QueueManager.calculateDesiredShards component_path=/ component_id=prometheus.remote_write.default subcomponent=rw remote_name=15aecc url=http://mimir-distributor.mimir.svc.cluster.local:8080/api/v1/push dataInRate=6.76905458747145 dataOutRate=6.76905458747145 dataKeptRatio=1 dataPendingRate=0 dataPending=0 dataOutDuration=6.776234552581894e-05 timePerSample=1.0010607042708348e-05 desiredShards=6.776234552581894e-05 highestSent=1.747924558e+09 highestRecv=1.747924558e+09
ts=2025-05-22T14:36:26.49876027Z level=debug msg=QueueManager.updateShardsLoop component_path=/ component_id=prometheus.remote_write.default subcomponent=rw remote_name=15aecc url=http://mimir-distributor.mimir.svc.cluster.local:8080/api/v1/push lowerBound=0.7 desiredShards=6.776234552581894e-05 upperBound=1.3
ts=2025-05-22T14:36:31.694872606Z level=debug msg="runShard timer ticked, sending buffered data" component_path=/ component_id=prometheus.remote_write.default subcomponent=rw remote_name=15aecc url=http://mimir-distributor.mimir.svc.cluster.local:8080/api/v1/push samples=350 exemplars=0 shard=0 histograms=0
rajeshhgudikoti@Rajeshs-MacBook-Pro-2 ~ % 
